#
# A fatal error has been detected by the Java Runtime Environment:
#
#  EXCEPTION_ACCESS_VIOLATION (0xc0000005) at pc=0x00007ffe0b634f3f, pid=224472, tid=204704
#
# JRE version: Java(TM) SE Runtime Environment (12.0+33) (build 12+33)
# Java VM: Java HotSpot(TM) 64-Bit Server VM (12+33, mixed mode, sharing, tiered, compressed oops, g1 gc, windows-amd64)
# Problematic frame:
# C  [freetype.dll+0x44f3f]
#
# No core dump will be written. Minidumps are not enabled by default on client versions of Windows
#
# If you would like to submit a bug report, please visit:
#   http://bugreport.java.com/bugreport/crash.jsp
# The crash happened outside the Java Virtual Machine in native code.
# See problematic frame for where to report the bug.
#

---------------  S U M M A R Y ------------

Command Line: -javaagent:H:\Program Files\JetBrains\IntelliJ IDEA 2020.1\lib\idea_rt.jar=65039:H:\Program Files\JetBrains\IntelliJ IDEA 2020.1\bin -Dfile.encoding=UTF-8 com.PremBhoot.unhingedgame.Core

Host: AMD Ryzen 5 1600 Six-Core Processor            , 12 cores, 15G,  Windows 10 , 64 bit Build 18362 (10.0.18362.1350)
Time: Thu Mar 11 19:57:51 2021 GMT Standard Time elapsed time: 9 seconds (0d 0h 0m 9s)

---------------  T H R E A D  ---------------

Current thread (0x000002b7a11db000):  JavaThread "Thread-0" [_thread_in_native, id=204704, stack(0x000000f2dac00000,0x000000f2dad00000)]

Stack: [0x000000f2dac00000,0x000000f2dad00000],  sp=0x000000f2dacfe400,  free space=1017k
Native frames: (J=compiled Java code, j=interpreted, Vv=VM code, C=native code)
C  [freetype.dll+0x44f3f]

Java frames: (J=compiled Java code, j=interpreted, Vv=VM code)
j  sun.font.FreetypeFontScaler.getGlyphImageNative(Lsun/font/Font2D;JJI)J+0 java.desktop@12
j  sun.font.FreetypeFontScaler.getGlyphImage(JI)J+26 java.desktop@12
j  sun.font.FileFont.getGlyphImage(JI)J+6 java.desktop@12
J 1471 c2 sun.java2d.SunGraphics2D.drawString(Ljava/lang/String;II)V java.desktop@12 (132 bytes) @ 0x000002b78fead21c [0x000002b78feaca60+0x00000000000007bc]
J 1413 c1 com.PremBhoot.gameState.interfacex.draw(Ljava/awt/Graphics2D;)V (930 bytes) @ 0x000002b788b6cb24 [0x000002b788b67940+0x00000000000051e4]
J 1375 c1 com.PremBhoot.gameState.FirstLevelState.draw(Ljava/awt/Graphics2D;)V (86 bytes) @ 0x000002b788b46b64 [0x000002b788b46820+0x0000000000000344]
J 1368 c1 com.PremBhoot.unhingedgame.Panel.draw()V (12 bytes) @ 0x000002b788b41464 [0x000002b788b41020+0x0000000000000444]
j  com.PremBhoot.unhingedgame.Panel.run()V+20
j  java.lang.Thread.run()V+11 java.base@12
v  ~StubRoutines::call_stub

siginfo: EXCEPTION_ACCESS_VIOLATION (0xc0000005), reading address 0x00000000000000e0


Register to memory mapping:

RIP=0x00007ffe0b634f3f freetype.dll
RAX=0x000000f2dacfe430 is pointing into the stack for thread: 0x000002b7a11db000
RBX=0x000000f2dacfe640 is pointing into the stack for thread: 0x000002b7a11db000
RCX=0x000002b7a934e040 points into unknown readable memory: 01 00 00 00 00 00 00 00
RDX=0x0 is NULL
RSP=0x000000f2dacfe400 is pointing into the stack for thread: 0x000002b7a11db000
RBP=0x000002b7a124f5c0 points into unknown readable memory: 5c 00 3f 00 3f 00 5c 00
RSI=0x000000000000001b is an unknown value
RDI=0x000002b7a934e040 points into unknown readable memory: 01 00 00 00 00 00 00 00
R8 =0x000000000000001b is an unknown value
R9 =0x000000f2dacfe488 is pointing into the stack for thread: 0x000002b7a11db000
R10=0x0 is NULL
R11=0x000002b7a125e720 points into unknown readable memory: 30 b3 1d a1 b7 02 00 00
R12=0x000000000000001b is an unknown value
R13=0x0 is NULL
R14=0x0000000000000ff4 is an unknown value
R15=0x000002b7a11d9c80 points into unknown readable memory: a0 de 35 a1 b7 02 00 00


Registers:
RAX=0x000000f2dacfe430, RBX=0x000000f2dacfe640, RCX=0x000002b7a934e040, RDX=0x0000000000000000
RSP=0x000000f2dacfe400, RBP=0x000002b7a124f5c0, RSI=0x000000000000001b, RDI=0x000002b7a934e040
R8 =0x000000000000001b, R9 =0x000000f2dacfe488, R10=0x0000000000000000, R11=0x000002b7a125e720
R12=0x000000000000001b, R13=0x0000000000000000, R14=0x0000000000000ff4, R15=0x000002b7a11d9c80
RIP=0x00007ffe0b634f3f, EFLAGS=0x0000000000010246

Top of Stack: (sp=0x000000f2dacfe400)
0x000000f2dacfe400:   000002b7a124f5c0 000002b7a135dea0
0x000000f2dacfe410:   0000000000000000 0000000000000080
0x000000f2dacfe420:   000000f2dacfe430 0000000000000080
0x000000f2dacfe430:   000002b7a1240000 00007ffe0b632a92
0x000000f2dacfe440:   000002b7a934e040 0000000000000000
0x000000f2dacfe450:   00000000000009bc 000000f2dacfe570
0x000000f2dacfe460:   000000f2dacfe640 00007ffe0b634622
0x000000f2dacfe470:   000000f2dacf0000 00000000000009bc
0x000000f2dacfe480:   000000070f1f0000 0000000800170000
0x000000f2dacfe490:   0000000000000000 000000f2dacfe4c0
0x000000f2dacfe4a0:   0000000100000000 0001200088339bc0
0x000000f2dacfe4b0:   0000000000012000 000002b78833c01b
0x000000f2dacfe4c0:   000000070f1ebfa8 0000000710a0ed78
0x000000f2dacfe4d0:   0000000000000000 0000000000000000
0x000000f2dacfe4e0:   000000f2dacfe4d0 000000080074ff2c
0x000000f2dacfe4f0:   000000f2dacfe538 000000080017dbe0 

Instructions: (pc=0x00007ffe0b634f3f)
0x00007ffe0b634f1f:   02 00 00 4c 8d 8c 24 88 00 00 00 44 8b f0 44 8b
0x00007ffe0b634f2f:   c6 48 8d 44 24 30 33 d2 48 8b cf 48 89 44 24 20
0x00007ffe0b634f3f:   41 ff 92 e0 00 00 00 80 bf 90 01 00 00 00 8b 4b
0x00007ffe0b634f4f:   44 74 2d 4c 8b 97 d0 02 00 00 48 8d 84 24 80 00 


Stack slot to memory mapping:
stack at sp + 0 slots: 0x000002b7a124f5c0 points into unknown readable memory: 5c 00 3f 00 3f 00 5c 00
stack at sp + 1 slots: 0x000002b7a135dea0 points into unknown readable memory: 54 68 75 20 4d 61 72 20
stack at sp + 2 slots: 0x0 is NULL
stack at sp + 3 slots: 0x0000000000000080 is an unknown value
stack at sp + 4 slots: 0x000000f2dacfe430 is pointing into the stack for thread: 0x000002b7a11db000
stack at sp + 5 slots: 0x0000000000000080 is an unknown value
stack at sp + 6 slots: 0x000002b7a1240000 points into unknown readable memory: b2 03 00 00 08 00 00 00
stack at sp + 7 slots: 0x00007ffe0b632a92 freetype.dll


---------------  P R O C E S S  ---------------

Threads class SMR info:
_java_thread_list=0x000002b7a93560c0, length=16, elements={
0x000002b79fd41800, 0x000002b79fd46000, 0x000002b79fd5d000, 0x000002b79fd5e000,
0x000002b7a05e5000, 0x000002b7a05ec800, 0x000002b7a0601800, 0x000002b7a05e1000,
0x000002b7a07da800, 0x000002b7a07db800, 0x000002b7a0c10800, 0x000002b7a0c15000,
0x000002b7a11cc000, 0x000002b7a11db000, 0x000002b7fbe49000, 0x000002b7a085c000
}

Java Threads: ( => current thread )
  0x000002b79fd41800 JavaThread "Reference Handler" daemon [_thread_blocked, id=1480, stack(0x000000f2d9b00000,0x000000f2d9c00000)]
  0x000002b79fd46000 JavaThread "Finalizer" daemon [_thread_blocked, id=125040, stack(0x000000f2d9c00000,0x000000f2d9d00000)]
  0x000002b79fd5d000 JavaThread "Signal Dispatcher" daemon [_thread_blocked, id=192208, stack(0x000000f2d9d00000,0x000000f2d9e00000)]
  0x000002b79fd5e000 JavaThread "Attach Listener" daemon [_thread_blocked, id=189856, stack(0x000000f2d9e00000,0x000000f2d9f00000)]
  0x000002b7a05e5000 JavaThread "C2 CompilerThread0" daemon [_thread_in_native, id=199668, stack(0x000000f2d9f00000,0x000000f2da000000)]
  0x000002b7a05ec800 JavaThread "C1 CompilerThread0" daemon [_thread_blocked, id=206248, stack(0x000000f2da000000,0x000000f2da100000)]
  0x000002b7a0601800 JavaThread "Sweeper thread" daemon [_thread_blocked, id=201144, stack(0x000000f2da100000,0x000000f2da200000)]
  0x000002b7a05e1000 JavaThread "Common-Cleaner" daemon [_thread_blocked, id=200932, stack(0x000000f2da200000,0x000000f2da300000)]
  0x000002b7a07da800 JavaThread "Monitor Ctrl-Break" daemon [_thread_in_native, id=205900, stack(0x000000f2da300000,0x000000f2da400000)]
  0x000002b7a07db800 JavaThread "Service Thread" daemon [_thread_blocked, id=206312, stack(0x000000f2da400000,0x000000f2da500000)]
  0x000002b7a0c10800 JavaThread "Java2D Disposer" daemon [_thread_blocked, id=150892, stack(0x000000f2da600000,0x000000f2da700000)]
  0x000002b7a0c15000 JavaThread "AWT-Shutdown" [_thread_blocked, id=187520, stack(0x000000f2da700000,0x000000f2da800000)]
  0x000002b7a11cc000 JavaThread "AWT-EventQueue-0" [_thread_blocked, id=203832, stack(0x000000f2dab00000,0x000000f2dac00000)]
=>0x000002b7a11db000 JavaThread "Thread-0" [_thread_in_native, id=204704, stack(0x000000f2dac00000,0x000000f2dad00000)]
  0x000002b7fbe49000 JavaThread "DestroyJavaVM" [_thread_blocked, id=225320, stack(0x000000f2d9400000,0x000000f2d9500000)]
  0x000002b7a085c000 JavaThread "ToolkitShutdown" daemon [_thread_in_native, id=225392, stack(0x000000f2db510000,0x000000f2db610000)]

Other Threads:
  0x000002b79fd3f000 VMThread "VM Thread" [stack: 0x000000f2d9a00000,0x000000f2d9b00000] [id=205820]
  0x000002b7a07dd800 WatcherThread [stack: 0x000000f2da500000,0x000000f2da600000] [id=192720]
  0x000002b7fbeac800 GCTaskThread "GC Thread#0" [stack: 0x000000f2d9500000,0x000000f2d9600000] [id=225388]
  0x000002b7a11ae000 GCTaskThread "GC Thread#1" [stack: 0x000000f2dae10000,0x000000f2daf10000] [id=215788]
  0x000002b7a11b0800 GCTaskThread "GC Thread#2" [stack: 0x000000f2daf10000,0x000000f2db010000] [id=225120]
  0x000002b7a11ac800 GCTaskThread "GC Thread#3" [stack: 0x000000f2db010000,0x000000f2db110000] [id=225272]
  0x000002b7a11b2000 GCTaskThread "GC Thread#4" [stack: 0x000000f2db110000,0x000000f2db210000] [id=215684]
  0x000002b7a11b1800 GCTaskThread "GC Thread#5" [stack: 0x000000f2db210000,0x000000f2db310000] [id=225164]
  0x000002b7a11ab800 GCTaskThread "GC Thread#6" [stack: 0x000000f2db310000,0x000000f2db410000] [id=224900]
  0x000002b7a11af800 GCTaskThread "GC Thread#7" [stack: 0x000000f2db410000,0x000000f2db510000] [id=219100]
  0x000002b7fbec9800 ConcurrentGCThread "G1 Main Marker" [stack: 0x000000f2d9600000,0x000000f2d9700000] [id=225728]
  0x000002b7fbecc000 ConcurrentGCThread "G1 Conc#0" [stack: 0x000000f2d9700000,0x000000f2d9800000] [id=225404]
  0x000002b79fc3a800 ConcurrentGCThread "G1 Refine#0" [stack: 0x000000f2d9800000,0x000000f2d9900000] [id=226276]
  0x000002b79fc3b800 ConcurrentGCThread "G1 Young RemSet Sampling" [stack: 0x000000f2d9900000,0x000000f2d9a00000] [id=220276]

Threads with active compile tasks:
C2 CompilerThread0  1528       4       jdk.internal.org.objectweb.asm.Frame::execute (2305 bytes)

VM state:not at safepoint (normal execution)

VM Mutex/Monitor currently owned by a thread: None

Heap address: 0x0000000700c00000, size: 4084 MB, Compressed Oops mode: Zero based, Oop shift amount: 3
Narrow klass base: 0x0000000800000000, Narrow klass shift: 3
Compressed class space size: 1073741824 Address: 0x00000008011a0000

Heap:
 garbage-first heap   total 262144K, used 12269K [0x0000000700c00000, 0x0000000800000000)
  region size 1024K, 7 young (7168K), 3 survivors (3072K)
 Metaspace       used 9072K, capacity 9421K, committed 9600K, reserved 1058816K
  class space    used 964K, capacity 1130K, committed 1152K, reserved 1048576K
Heap Regions: E=young(eden), S=young(survivor), O=old, HS=humongous(starts), HC=humongous(continues), CS=collection set, F=free, A=archive, TAMS=top-at-mark-start (previous, next)
|   0|0x0000000700c00000, 0x0000000700d00000, 0x0000000700d00000|100%|HS|  |TAMS 0x0000000700c00000, 0x0000000700c00000| Complete 
|   1|0x0000000700d00000, 0x0000000700e00000, 0x0000000700e00000|100%|HC|  |TAMS 0x0000000700d00000, 0x0000000700d00000| Complete 
|   2|0x0000000700e00000, 0x0000000700f00000, 0x0000000700f00000|100%|HS|  |TAMS 0x0000000700e00000, 0x0000000700e00000| Complete 
|   3|0x0000000700f00000, 0x0000000701000000, 0x0000000701000000|100%|HC|  |TAMS 0x0000000700f00000, 0x0000000700f00000| Complete 
|   4|0x0000000701000000, 0x0000000701100000, 0x0000000701100000|100%|HS|  |TAMS 0x0000000701000000, 0x0000000701000000| Complete 
|   5|0x0000000701100000, 0x0000000701200000, 0x0000000701200000|100%|HC|  |TAMS 0x0000000701100000, 0x0000000701100000| Complete 
|   6|0x0000000701200000, 0x0000000701200000, 0x0000000701300000|  0%| F|  |TAMS 0x0000000701200000, 0x0000000701200000| Untracked 
|   7|0x0000000701300000, 0x0000000701300000, 0x0000000701400000|  0%| F|  |TAMS 0x0000000701300000, 0x0000000701300000| Untracked 
|   8|0x0000000701400000, 0x0000000701400000, 0x0000000701500000|  0%| F|  |TAMS 0x0000000701400000, 0x0000000701400000| Untracked 
|   9|0x0000000701500000, 0x0000000701500000, 0x0000000701600000|  0%| F|  |TAMS 0x0000000701500000, 0x0000000701500000| Untracked 
|  10|0x0000000701600000, 0x0000000701600000, 0x0000000701700000|  0%| F|  |TAMS 0x0000000701600000, 0x0000000701600000| Untracked 
|  11|0x0000000701700000, 0x0000000701700000, 0x0000000701800000|  0%| F|  |TAMS 0x0000000701700000, 0x0000000701700000| Untracked 
|  12|0x0000000701800000, 0x0000000701800000, 0x0000000701900000|  0%| F|  |TAMS 0x0000000701800000, 0x0000000701800000| Untracked 
|  13|0x0000000701900000, 0x0000000701900000, 0x0000000701a00000|  0%| F|  |TAMS 0x0000000701900000, 0x0000000701900000| Untracked 
|  14|0x0000000701a00000, 0x0000000701a00000, 0x0000000701b00000|  0%| F|  |TAMS 0x0000000701a00000, 0x0000000701a00000| Untracked 
|  15|0x0000000701b00000, 0x0000000701b00000, 0x0000000701c00000|  0%| F|  |TAMS 0x0000000701b00000, 0x0000000701b00000| Untracked 
|  16|0x0000000701c00000, 0x0000000701c00000, 0x0000000701d00000|  0%| F|  |TAMS 0x0000000701c00000, 0x0000000701c00000| Untracked 
|  17|0x0000000701d00000, 0x0000000701d00000, 0x0000000701e00000|  0%| F|  |TAMS 0x0000000701d00000, 0x0000000701d00000| Untracked 
|  18|0x0000000701e00000, 0x0000000701e00000, 0x0000000701f00000|  0%| F|  |TAMS 0x0000000701e00000, 0x0000000701e00000| Untracked 
|  19|0x0000000701f00000, 0x0000000701f00000, 0x0000000702000000|  0%| F|  |TAMS 0x0000000701f00000, 0x0000000701f00000| Untracked 
|  20|0x0000000702000000, 0x0000000702000000, 0x0000000702100000|  0%| F|  |TAMS 0x0000000702000000, 0x0000000702000000| Untracked 
|  21|0x0000000702100000, 0x0000000702100000, 0x0000000702200000|  0%| F|  |TAMS 0x0000000702100000, 0x0000000702100000| Untracked 
|  22|0x0000000702200000, 0x0000000702200000, 0x0000000702300000|  0%| F|  |TAMS 0x0000000702200000, 0x0000000702200000| Untracked 
|  23|0x0000000702300000, 0x0000000702300000, 0x0000000702400000|  0%| F|  |TAMS 0x0000000702300000, 0x0000000702300000| Untracked 
|  24|0x0000000702400000, 0x0000000702400000, 0x0000000702500000|  0%| F|  |TAMS 0x0000000702400000, 0x0000000702400000| Untracked 
|  25|0x0000000702500000, 0x0000000702500000, 0x0000000702600000|  0%| F|  |TAMS 0x0000000702500000, 0x0000000702500000| Untracked 
|  26|0x0000000702600000, 0x0000000702600000, 0x0000000702700000|  0%| F|  |TAMS 0x0000000702600000, 0x0000000702600000| Untracked 
|  27|0x0000000702700000, 0x0000000702700000, 0x0000000702800000|  0%| F|  |TAMS 0x0000000702700000, 0x0000000702700000| Untracked 
|  28|0x0000000702800000, 0x0000000702800000, 0x0000000702900000|  0%| F|  |TAMS 0x0000000702800000, 0x0000000702800000| Untracked 
|  29|0x0000000702900000, 0x0000000702900000, 0x0000000702a00000|  0%| F|  |TAMS 0x0000000702900000, 0x0000000702900000| Untracked 
|  30|0x0000000702a00000, 0x0000000702a00000, 0x0000000702b00000|  0%| F|  |TAMS 0x0000000702a00000, 0x0000000702a00000| Untracked 
|  31|0x0000000702b00000, 0x0000000702b00000, 0x0000000702c00000|  0%| F|  |TAMS 0x0000000702b00000, 0x0000000702b00000| Untracked 
|  32|0x0000000702c00000, 0x0000000702c00000, 0x0000000702d00000|  0%| F|  |TAMS 0x0000000702c00000, 0x0000000702c00000| Untracked 
|  33|0x0000000702d00000, 0x0000000702d00000, 0x0000000702e00000|  0%| F|  |TAMS 0x0000000702d00000, 0x0000000702d00000| Untracked 
|  34|0x0000000702e00000, 0x0000000702e00000, 0x0000000702f00000|  0%| F|  |TAMS 0x0000000702e00000, 0x0000000702e00000| Untracked 
|  35|0x0000000702f00000, 0x0000000702f00000, 0x0000000703000000|  0%| F|  |TAMS 0x0000000702f00000, 0x0000000702f00000| Untracked 
|  36|0x0000000703000000, 0x0000000703000000, 0x0000000703100000|  0%| F|  |TAMS 0x0000000703000000, 0x0000000703000000| Untracked 
|  37|0x0000000703100000, 0x0000000703100000, 0x0000000703200000|  0%| F|  |TAMS 0x0000000703100000, 0x0000000703100000| Untracked 
|  38|0x0000000703200000, 0x0000000703200000, 0x0000000703300000|  0%| F|  |TAMS 0x0000000703200000, 0x0000000703200000| Untracked 
|  39|0x0000000703300000, 0x0000000703300000, 0x0000000703400000|  0%| F|  |TAMS 0x0000000703300000, 0x0000000703300000| Untracked 
|  40|0x0000000703400000, 0x0000000703400000, 0x0000000703500000|  0%| F|  |TAMS 0x0000000703400000, 0x0000000703400000| Untracked 
|  41|0x0000000703500000, 0x0000000703500000, 0x0000000703600000|  0%| F|  |TAMS 0x0000000703500000, 0x0000000703500000| Untracked 
|  42|0x0000000703600000, 0x0000000703600000, 0x0000000703700000|  0%| F|  |TAMS 0x0000000703600000, 0x0000000703600000| Untracked 
|  43|0x0000000703700000, 0x0000000703700000, 0x0000000703800000|  0%| F|  |TAMS 0x0000000703700000, 0x0000000703700000| Untracked 
|  44|0x0000000703800000, 0x0000000703800000, 0x0000000703900000|  0%| F|  |TAMS 0x0000000703800000, 0x0000000703800000| Untracked 
|  45|0x0000000703900000, 0x0000000703900000, 0x0000000703a00000|  0%| F|  |TAMS 0x0000000703900000, 0x0000000703900000| Untracked 
|  46|0x0000000703a00000, 0x0000000703a00000, 0x0000000703b00000|  0%| F|  |TAMS 0x0000000703a00000, 0x0000000703a00000| Untracked 
|  47|0x0000000703b00000, 0x0000000703b00000, 0x0000000703c00000|  0%| F|  |TAMS 0x0000000703b00000, 0x0000000703b00000| Untracked 
|  48|0x0000000703c00000, 0x0000000703c00000, 0x0000000703d00000|  0%| F|  |TAMS 0x0000000703c00000, 0x0000000703c00000| Untracked 
|  49|0x0000000703d00000, 0x0000000703d00000, 0x0000000703e00000|  0%| F|  |TAMS 0x0000000703d00000, 0x0000000703d00000| Untracked 
|  50|0x0000000703e00000, 0x0000000703e00000, 0x0000000703f00000|  0%| F|  |TAMS 0x0000000703e00000, 0x0000000703e00000| Untracked 
|  51|0x0000000703f00000, 0x0000000703f00000, 0x0000000704000000|  0%| F|  |TAMS 0x0000000703f00000, 0x0000000703f00000| Untracked 
|  52|0x0000000704000000, 0x0000000704000000, 0x0000000704100000|  0%| F|  |TAMS 0x0000000704000000, 0x0000000704000000| Untracked 
|  53|0x0000000704100000, 0x0000000704100000, 0x0000000704200000|  0%| F|  |TAMS 0x0000000704100000, 0x0000000704100000| Untracked 
|  54|0x0000000704200000, 0x0000000704200000, 0x0000000704300000|  0%| F|  |TAMS 0x0000000704200000, 0x0000000704200000| Untracked 
|  55|0x0000000704300000, 0x0000000704300000, 0x0000000704400000|  0%| F|  |TAMS 0x0000000704300000, 0x0000000704300000| Untracked 
|  56|0x0000000704400000, 0x0000000704400000, 0x0000000704500000|  0%| F|  |TAMS 0x0000000704400000, 0x0000000704400000| Untracked 
|  57|0x0000000704500000, 0x0000000704500000, 0x0000000704600000|  0%| F|  |TAMS 0x0000000704500000, 0x0000000704500000| Untracked 
|  58|0x0000000704600000, 0x0000000704600000, 0x0000000704700000|  0%| F|  |TAMS 0x0000000704600000, 0x0000000704600000| Untracked 
|  59|0x0000000704700000, 0x0000000704700000, 0x0000000704800000|  0%| F|  |TAMS 0x0000000704700000, 0x0000000704700000| Untracked 
|  60|0x0000000704800000, 0x0000000704800000, 0x0000000704900000|  0%| F|  |TAMS 0x0000000704800000, 0x0000000704800000| Untracked 
|  61|0x0000000704900000, 0x0000000704900000, 0x0000000704a00000|  0%| F|  |TAMS 0x0000000704900000, 0x0000000704900000| Untracked 
|  62|0x0000000704a00000, 0x0000000704a00000, 0x0000000704b00000|  0%| F|  |TAMS 0x0000000704a00000, 0x0000000704a00000| Untracked 
|  63|0x0000000704b00000, 0x0000000704b00000, 0x0000000704c00000|  0%| F|  |TAMS 0x0000000704b00000, 0x0000000704b00000| Untracked 
|  64|0x0000000704c00000, 0x0000000704c00000, 0x0000000704d00000|  0%| F|  |TAMS 0x0000000704c00000, 0x0000000704c00000| Untracked 
|  65|0x0000000704d00000, 0x0000000704d00000, 0x0000000704e00000|  0%| F|  |TAMS 0x0000000704d00000, 0x0000000704d00000| Untracked 
|  66|0x0000000704e00000, 0x0000000704e00000, 0x0000000704f00000|  0%| F|  |TAMS 0x0000000704e00000, 0x0000000704e00000| Untracked 
|  67|0x0000000704f00000, 0x0000000704f00000, 0x0000000705000000|  0%| F|  |TAMS 0x0000000704f00000, 0x0000000704f00000| Untracked 
|  68|0x0000000705000000, 0x0000000705000000, 0x0000000705100000|  0%| F|  |TAMS 0x0000000705000000, 0x0000000705000000| Untracked 
|  69|0x0000000705100000, 0x0000000705100000, 0x0000000705200000|  0%| F|  |TAMS 0x0000000705100000, 0x0000000705100000| Untracked 
|  70|0x0000000705200000, 0x0000000705200000, 0x0000000705300000|  0%| F|  |TAMS 0x0000000705200000, 0x0000000705200000| Untracked 
|  71|0x0000000705300000, 0x0000000705300000, 0x0000000705400000|  0%| F|  |TAMS 0x0000000705300000, 0x0000000705300000| Untracked 
|  72|0x0000000705400000, 0x0000000705400000, 0x0000000705500000|  0%| F|  |TAMS 0x0000000705400000, 0x0000000705400000| Untracked 
|  73|0x0000000705500000, 0x0000000705500000, 0x0000000705600000|  0%| F|  |TAMS 0x0000000705500000, 0x0000000705500000| Untracked 
|  74|0x0000000705600000, 0x0000000705600000, 0x0000000705700000|  0%| F|  |TAMS 0x0000000705600000, 0x0000000705600000| Untracked 
|  75|0x0000000705700000, 0x0000000705700000, 0x0000000705800000|  0%| F|  |TAMS 0x0000000705700000, 0x0000000705700000| Untracked 
|  76|0x0000000705800000, 0x0000000705800000, 0x0000000705900000|  0%| F|  |TAMS 0x0000000705800000, 0x0000000705800000| Untracked 
|  77|0x0000000705900000, 0x0000000705900000, 0x0000000705a00000|  0%| F|  |TAMS 0x0000000705900000, 0x0000000705900000| Untracked 
|  78|0x0000000705a00000, 0x0000000705a00000, 0x0000000705b00000|  0%| F|  |TAMS 0x0000000705a00000, 0x0000000705a00000| Untracked 
|  79|0x0000000705b00000, 0x0000000705b00000, 0x0000000705c00000|  0%| F|  |TAMS 0x0000000705b00000, 0x0000000705b00000| Untracked 
|  80|0x0000000705c00000, 0x0000000705c00000, 0x0000000705d00000|  0%| F|  |TAMS 0x0000000705c00000, 0x0000000705c00000| Untracked 
|  81|0x0000000705d00000, 0x0000000705d00000, 0x0000000705e00000|  0%| F|  |TAMS 0x0000000705d00000, 0x0000000705d00000| Untracked 
|  82|0x0000000705e00000, 0x0000000705e00000, 0x0000000705f00000|  0%| F|  |TAMS 0x0000000705e00000, 0x0000000705e00000| Untracked 
|  83|0x0000000705f00000, 0x0000000705f00000, 0x0000000706000000|  0%| F|  |TAMS 0x0000000705f00000, 0x0000000705f00000| Untracked 
|  84|0x0000000706000000, 0x0000000706000000, 0x0000000706100000|  0%| F|  |TAMS 0x0000000706000000, 0x0000000706000000| Untracked 
|  85|0x0000000706100000, 0x0000000706100000, 0x0000000706200000|  0%| F|  |TAMS 0x0000000706100000, 0x0000000706100000| Untracked 
|  86|0x0000000706200000, 0x0000000706200000, 0x0000000706300000|  0%| F|  |TAMS 0x0000000706200000, 0x0000000706200000| Untracked 
|  87|0x0000000706300000, 0x0000000706300000, 0x0000000706400000|  0%| F|  |TAMS 0x0000000706300000, 0x0000000706300000| Untracked 
|  88|0x0000000706400000, 0x0000000706400000, 0x0000000706500000|  0%| F|  |TAMS 0x0000000706400000, 0x0000000706400000| Untracked 
|  89|0x0000000706500000, 0x0000000706500000, 0x0000000706600000|  0%| F|  |TAMS 0x0000000706500000, 0x0000000706500000| Untracked 
|  90|0x0000000706600000, 0x0000000706600000, 0x0000000706700000|  0%| F|  |TAMS 0x0000000706600000, 0x0000000706600000| Untracked 
|  91|0x0000000706700000, 0x0000000706700000, 0x0000000706800000|  0%| F|  |TAMS 0x0000000706700000, 0x0000000706700000| Untracked 
|  92|0x0000000706800000, 0x0000000706800000, 0x0000000706900000|  0%| F|  |TAMS 0x0000000706800000, 0x0000000706800000| Untracked 
|  93|0x0000000706900000, 0x0000000706900000, 0x0000000706a00000|  0%| F|  |TAMS 0x0000000706900000, 0x0000000706900000| Untracked 
|  94|0x0000000706a00000, 0x0000000706a00000, 0x0000000706b00000|  0%| F|  |TAMS 0x0000000706a00000, 0x0000000706a00000| Untracked 
|  95|0x0000000706b00000, 0x0000000706b00000, 0x0000000706c00000|  0%| F|  |TAMS 0x0000000706b00000, 0x0000000706b00000| Untracked 
|  96|0x0000000706c00000, 0x0000000706c00000, 0x0000000706d00000|  0%| F|  |TAMS 0x0000000706c00000, 0x0000000706c00000| Untracked 
|  97|0x0000000706d00000, 0x0000000706d00000, 0x0000000706e00000|  0%| F|  |TAMS 0x0000000706d00000, 0x0000000706d00000| Untracked 
|  98|0x0000000706e00000, 0x0000000706e00000, 0x0000000706f00000|  0%| F|  |TAMS 0x0000000706e00000, 0x0000000706e00000| Untracked 
|  99|0x0000000706f00000, 0x0000000706f00000, 0x0000000707000000|  0%| F|  |TAMS 0x0000000706f00000, 0x0000000706f00000| Untracked 
| 100|0x0000000707000000, 0x0000000707000000, 0x0000000707100000|  0%| F|  |TAMS 0x0000000707000000, 0x0000000707000000| Untracked 
| 101|0x0000000707100000, 0x0000000707100000, 0x0000000707200000|  0%| F|  |TAMS 0x0000000707100000, 0x0000000707100000| Untracked 
| 102|0x0000000707200000, 0x0000000707200000, 0x0000000707300000|  0%| F|  |TAMS 0x0000000707200000, 0x0000000707200000| Untracked 
| 103|0x0000000707300000, 0x0000000707300000, 0x0000000707400000|  0%| F|  |TAMS 0x0000000707300000, 0x0000000707300000| Untracked 
| 104|0x0000000707400000, 0x0000000707400000, 0x0000000707500000|  0%| F|  |TAMS 0x0000000707400000, 0x0000000707400000| Untracked 
| 105|0x0000000707500000, 0x0000000707500000, 0x0000000707600000|  0%| F|  |TAMS 0x0000000707500000, 0x0000000707500000| Untracked 
| 106|0x0000000707600000, 0x0000000707600000, 0x0000000707700000|  0%| F|  |TAMS 0x0000000707600000, 0x0000000707600000| Untracked 
| 107|0x0000000707700000, 0x0000000707700000, 0x0000000707800000|  0%| F|  |TAMS 0x0000000707700000, 0x0000000707700000| Untracked 
| 108|0x0000000707800000, 0x0000000707800000, 0x0000000707900000|  0%| F|  |TAMS 0x0000000707800000, 0x0000000707800000| Untracked 
| 109|0x0000000707900000, 0x0000000707900000, 0x0000000707a00000|  0%| F|  |TAMS 0x0000000707900000, 0x0000000707900000| Untracked 
| 110|0x0000000707a00000, 0x0000000707a00000, 0x0000000707b00000|  0%| F|  |TAMS 0x0000000707a00000, 0x0000000707a00000| Untracked 
| 111|0x0000000707b00000, 0x0000000707b00000, 0x0000000707c00000|  0%| F|  |TAMS 0x0000000707b00000, 0x0000000707b00000| Untracked 
| 112|0x0000000707c00000, 0x0000000707c00000, 0x0000000707d00000|  0%| F|  |TAMS 0x0000000707c00000, 0x0000000707c00000| Untracked 
| 113|0x0000000707d00000, 0x0000000707d00000, 0x0000000707e00000|  0%| F|  |TAMS 0x0000000707d00000, 0x0000000707d00000| Untracked 
| 114|0x0000000707e00000, 0x0000000707e00000, 0x0000000707f00000|  0%| F|  |TAMS 0x0000000707e00000, 0x0000000707e00000| Untracked 
| 115|0x0000000707f00000, 0x0000000707f00000, 0x0000000708000000|  0%| F|  |TAMS 0x0000000707f00000, 0x0000000707f00000| Untracked 
| 116|0x0000000708000000, 0x0000000708000000, 0x0000000708100000|  0%| F|  |TAMS 0x0000000708000000, 0x0000000708000000| Untracked 
| 117|0x0000000708100000, 0x0000000708100000, 0x0000000708200000|  0%| F|  |TAMS 0x0000000708100000, 0x0000000708100000| Untracked 
| 118|0x0000000708200000, 0x0000000708200000, 0x0000000708300000|  0%| F|  |TAMS 0x0000000708200000, 0x0000000708200000| Untracked 
| 119|0x0000000708300000, 0x0000000708300000, 0x0000000708400000|  0%| F|  |TAMS 0x0000000708300000, 0x0000000708300000| Untracked 
| 120|0x0000000708400000, 0x0000000708400000, 0x0000000708500000|  0%| F|  |TAMS 0x0000000708400000, 0x0000000708400000| Untracked 
| 121|0x0000000708500000, 0x0000000708500000, 0x0000000708600000|  0%| F|  |TAMS 0x0000000708500000, 0x0000000708500000| Untracked 
| 122|0x0000000708600000, 0x0000000708600000, 0x0000000708700000|  0%| F|  |TAMS 0x0000000708600000, 0x0000000708600000| Untracked 
| 123|0x0000000708700000, 0x0000000708700000, 0x0000000708800000|  0%| F|  |TAMS 0x0000000708700000, 0x0000000708700000| Untracked 
| 124|0x0000000708800000, 0x0000000708800000, 0x0000000708900000|  0%| F|  |TAMS 0x0000000708800000, 0x0000000708800000| Untracked 
| 125|0x0000000708900000, 0x0000000708900000, 0x0000000708a00000|  0%| F|  |TAMS 0x0000000708900000, 0x0000000708900000| Untracked 
| 126|0x0000000708a00000, 0x0000000708a00000, 0x0000000708b00000|  0%| F|  |TAMS 0x0000000708a00000, 0x0000000708a00000| Untracked 
| 127|0x0000000708b00000, 0x0000000708b00000, 0x0000000708c00000|  0%| F|  |TAMS 0x0000000708b00000, 0x0000000708b00000| Untracked 
| 128|0x0000000708c00000, 0x0000000708c00000, 0x0000000708d00000|  0%| F|  |TAMS 0x0000000708c00000, 0x0000000708c00000| Untracked 
| 129|0x0000000708d00000, 0x0000000708d00000, 0x0000000708e00000|  0%| F|  |TAMS 0x0000000708d00000, 0x0000000708d00000| Untracked 
| 130|0x0000000708e00000, 0x0000000708e00000, 0x0000000708f00000|  0%| F|  |TAMS 0x0000000708e00000, 0x0000000708e00000| Untracked 
| 131|0x0000000708f00000, 0x0000000708f00000, 0x0000000709000000|  0%| F|  |TAMS 0x0000000708f00000, 0x0000000708f00000| Untracked 
| 132|0x0000000709000000, 0x0000000709000000, 0x0000000709100000|  0%| F|  |TAMS 0x0000000709000000, 0x0000000709000000| Untracked 
| 133|0x0000000709100000, 0x0000000709100000, 0x0000000709200000|  0%| F|  |TAMS 0x0000000709100000, 0x0000000709100000| Untracked 
| 134|0x0000000709200000, 0x0000000709200000, 0x0000000709300000|  0%| F|  |TAMS 0x0000000709200000, 0x0000000709200000| Untracked 
| 135|0x0000000709300000, 0x0000000709300000, 0x0000000709400000|  0%| F|  |TAMS 0x0000000709300000, 0x0000000709300000| Untracked 
| 136|0x0000000709400000, 0x0000000709400000, 0x0000000709500000|  0%| F|  |TAMS 0x0000000709400000, 0x0000000709400000| Untracked 
| 137|0x0000000709500000, 0x0000000709500000, 0x0000000709600000|  0%| F|  |TAMS 0x0000000709500000, 0x0000000709500000| Untracked 
| 138|0x0000000709600000, 0x0000000709600000, 0x0000000709700000|  0%| F|  |TAMS 0x0000000709600000, 0x0000000709600000| Untracked 
| 139|0x0000000709700000, 0x0000000709700000, 0x0000000709800000|  0%| F|  |TAMS 0x0000000709700000, 0x0000000709700000| Untracked 
| 140|0x0000000709800000, 0x0000000709800000, 0x0000000709900000|  0%| F|  |TAMS 0x0000000709800000, 0x0000000709800000| Untracked 
| 141|0x0000000709900000, 0x0000000709900000, 0x0000000709a00000|  0%| F|  |TAMS 0x0000000709900000, 0x0000000709900000| Untracked 
| 142|0x0000000709a00000, 0x0000000709a00000, 0x0000000709b00000|  0%| F|  |TAMS 0x0000000709a00000, 0x0000000709a00000| Untracked 
| 143|0x0000000709b00000, 0x0000000709b00000, 0x0000000709c00000|  0%| F|  |TAMS 0x0000000709b00000, 0x0000000709b00000| Untracked 
| 144|0x0000000709c00000, 0x0000000709c00000, 0x0000000709d00000|  0%| F|  |TAMS 0x0000000709c00000, 0x0000000709c00000| Untracked 
| 145|0x0000000709d00000, 0x0000000709d00000, 0x0000000709e00000|  0%| F|  |TAMS 0x0000000709d00000, 0x0000000709d00000| Untracked 
| 146|0x0000000709e00000, 0x0000000709e00000, 0x0000000709f00000|  0%| F|  |TAMS 0x0000000709e00000, 0x0000000709e00000| Untracked 
| 147|0x0000000709f00000, 0x0000000709f00000, 0x000000070a000000|  0%| F|  |TAMS 0x0000000709f00000, 0x0000000709f00000| Untracked 
| 148|0x000000070a000000, 0x000000070a000000, 0x000000070a100000|  0%| F|  |TAMS 0x000000070a000000, 0x000000070a000000| Untracked 
| 149|0x000000070a100000, 0x000000070a100000, 0x000000070a200000|  0%| F|  |TAMS 0x000000070a100000, 0x000000070a100000| Untracked 
| 150|0x000000070a200000, 0x000000070a200000, 0x000000070a300000|  0%| F|  |TAMS 0x000000070a200000, 0x000000070a200000| Untracked 
| 151|0x000000070a300000, 0x000000070a300000, 0x000000070a400000|  0%| F|  |TAMS 0x000000070a300000, 0x000000070a300000| Untracked 
| 152|0x000000070a400000, 0x000000070a400000, 0x000000070a500000|  0%| F|  |TAMS 0x000000070a400000, 0x000000070a400000| Untracked 
| 153|0x000000070a500000, 0x000000070a500000, 0x000000070a600000|  0%| F|  |TAMS 0x000000070a500000, 0x000000070a500000| Untracked 
| 154|0x000000070a600000, 0x000000070a600000, 0x000000070a700000|  0%| F|  |TAMS 0x000000070a600000, 0x000000070a600000| Untracked 
| 155|0x000000070a700000, 0x000000070a700000, 0x000000070a800000|  0%| F|  |TAMS 0x000000070a700000, 0x000000070a700000| Untracked 
| 156|0x000000070a800000, 0x000000070a800000, 0x000000070a900000|  0%| F|  |TAMS 0x000000070a800000, 0x000000070a800000| Untracked 
| 157|0x000000070a900000, 0x000000070a900000, 0x000000070aa00000|  0%| F|  |TAMS 0x000000070a900000, 0x000000070a900000| Untracked 
| 158|0x000000070aa00000, 0x000000070aa00000, 0x000000070ab00000|  0%| F|  |TAMS 0x000000070aa00000, 0x000000070aa00000| Untracked 
| 159|0x000000070ab00000, 0x000000070ab00000, 0x000000070ac00000|  0%| F|  |TAMS 0x000000070ab00000, 0x000000070ab00000| Untracked 
| 160|0x000000070ac00000, 0x000000070ac00000, 0x000000070ad00000|  0%| F|  |TAMS 0x000000070ac00000, 0x000000070ac00000| Untracked 
| 161|0x000000070ad00000, 0x000000070ad00000, 0x000000070ae00000|  0%| F|  |TAMS 0x000000070ad00000, 0x000000070ad00000| Untracked 
| 162|0x000000070ae00000, 0x000000070ae00000, 0x000000070af00000|  0%| F|  |TAMS 0x000000070ae00000, 0x000000070ae00000| Untracked 
| 163|0x000000070af00000, 0x000000070af00000, 0x000000070b000000|  0%| F|  |TAMS 0x000000070af00000, 0x000000070af00000| Untracked 
| 164|0x000000070b000000, 0x000000070b000000, 0x000000070b100000|  0%| F|  |TAMS 0x000000070b000000, 0x000000070b000000| Untracked 
| 165|0x000000070b100000, 0x000000070b100000, 0x000000070b200000|  0%| F|  |TAMS 0x000000070b100000, 0x000000070b100000| Untracked 
| 166|0x000000070b200000, 0x000000070b200000, 0x000000070b300000|  0%| F|  |TAMS 0x000000070b200000, 0x000000070b200000| Untracked 
| 167|0x000000070b300000, 0x000000070b300000, 0x000000070b400000|  0%| F|  |TAMS 0x000000070b300000, 0x000000070b300000| Untracked 
| 168|0x000000070b400000, 0x000000070b400000, 0x000000070b500000|  0%| F|  |TAMS 0x000000070b400000, 0x000000070b400000| Untracked 
| 169|0x000000070b500000, 0x000000070b500000, 0x000000070b600000|  0%| F|  |TAMS 0x000000070b500000, 0x000000070b500000| Untracked 
| 170|0x000000070b600000, 0x000000070b600000, 0x000000070b700000|  0%| F|  |TAMS 0x000000070b600000, 0x000000070b600000| Untracked 
| 171|0x000000070b700000, 0x000000070b700000, 0x000000070b800000|  0%| F|  |TAMS 0x000000070b700000, 0x000000070b700000| Untracked 
| 172|0x000000070b800000, 0x000000070b800000, 0x000000070b900000|  0%| F|  |TAMS 0x000000070b800000, 0x000000070b800000| Untracked 
| 173|0x000000070b900000, 0x000000070b900000, 0x000000070ba00000|  0%| F|  |TAMS 0x000000070b900000, 0x000000070b900000| Untracked 
| 174|0x000000070ba00000, 0x000000070ba00000, 0x000000070bb00000|  0%| F|  |TAMS 0x000000070ba00000, 0x000000070ba00000| Untracked 
| 175|0x000000070bb00000, 0x000000070bb00000, 0x000000070bc00000|  0%| F|  |TAMS 0x000000070bb00000, 0x000000070bb00000| Untracked 
| 176|0x000000070bc00000, 0x000000070bc00000, 0x000000070bd00000|  0%| F|  |TAMS 0x000000070bc00000, 0x000000070bc00000| Untracked 
| 177|0x000000070bd00000, 0x000000070bd00000, 0x000000070be00000|  0%| F|  |TAMS 0x000000070bd00000, 0x000000070bd00000| Untracked 
| 178|0x000000070be00000, 0x000000070be00000, 0x000000070bf00000|  0%| F|  |TAMS 0x000000070be00000, 0x000000070be00000| Untracked 
| 179|0x000000070bf00000, 0x000000070bf00000, 0x000000070c000000|  0%| F|  |TAMS 0x000000070bf00000, 0x000000070bf00000| Untracked 
| 180|0x000000070c000000, 0x000000070c000000, 0x000000070c100000|  0%| F|  |TAMS 0x000000070c000000, 0x000000070c000000| Untracked 
| 181|0x000000070c100000, 0x000000070c100000, 0x000000070c200000|  0%| F|  |TAMS 0x000000070c100000, 0x000000070c100000| Untracked 
| 182|0x000000070c200000, 0x000000070c200000, 0x000000070c300000|  0%| F|  |TAMS 0x000000070c200000, 0x000000070c200000| Untracked 
| 183|0x000000070c300000, 0x000000070c300000, 0x000000070c400000|  0%| F|  |TAMS 0x000000070c300000, 0x000000070c300000| Untracked 
| 184|0x000000070c400000, 0x000000070c400000, 0x000000070c500000|  0%| F|  |TAMS 0x000000070c400000, 0x000000070c400000| Untracked 
| 185|0x000000070c500000, 0x000000070c500000, 0x000000070c600000|  0%| F|  |TAMS 0x000000070c500000, 0x000000070c500000| Untracked 
| 186|0x000000070c600000, 0x000000070c600000, 0x000000070c700000|  0%| F|  |TAMS 0x000000070c600000, 0x000000070c600000| Untracked 
| 187|0x000000070c700000, 0x000000070c700000, 0x000000070c800000|  0%| F|  |TAMS 0x000000070c700000, 0x000000070c700000| Untracked 
| 188|0x000000070c800000, 0x000000070c800000, 0x000000070c900000|  0%| F|  |TAMS 0x000000070c800000, 0x000000070c800000| Untracked 
| 189|0x000000070c900000, 0x000000070c900000, 0x000000070ca00000|  0%| F|  |TAMS 0x000000070c900000, 0x000000070c900000| Untracked 
| 190|0x000000070ca00000, 0x000000070ca00000, 0x000000070cb00000|  0%| F|  |TAMS 0x000000070ca00000, 0x000000070ca00000| Untracked 
| 191|0x000000070cb00000, 0x000000070cb00000, 0x000000070cc00000|  0%| F|  |TAMS 0x000000070cb00000, 0x000000070cb00000| Untracked 
| 192|0x000000070cc00000, 0x000000070cc00000, 0x000000070cd00000|  0%| F|  |TAMS 0x000000070cc00000, 0x000000070cc00000| Untracked 
| 193|0x000000070cd00000, 0x000000070cd00000, 0x000000070ce00000|  0%| F|  |TAMS 0x000000070cd00000, 0x000000070cd00000| Untracked 
| 194|0x000000070ce00000, 0x000000070ce00000, 0x000000070cf00000|  0%| F|  |TAMS 0x000000070ce00000, 0x000000070ce00000| Untracked 
| 195|0x000000070cf00000, 0x000000070cf00000, 0x000000070d000000|  0%| F|  |TAMS 0x000000070cf00000, 0x000000070cf00000| Untracked 
| 196|0x000000070d000000, 0x000000070d000000, 0x000000070d100000|  0%| F|  |TAMS 0x000000070d000000, 0x000000070d000000| Untracked 
| 197|0x000000070d100000, 0x000000070d100000, 0x000000070d200000|  0%| F|  |TAMS 0x000000070d100000, 0x000000070d100000| Untracked 
| 198|0x000000070d200000, 0x000000070d200000, 0x000000070d300000|  0%| F|  |TAMS 0x000000070d200000, 0x000000070d200000| Untracked 
| 199|0x000000070d300000, 0x000000070d300000, 0x000000070d400000|  0%| F|  |TAMS 0x000000070d300000, 0x000000070d300000| Untracked 
| 200|0x000000070d400000, 0x000000070d400000, 0x000000070d500000|  0%| F|  |TAMS 0x000000070d400000, 0x000000070d400000| Untracked 
| 201|0x000000070d500000, 0x000000070d500000, 0x000000070d600000|  0%| F|  |TAMS 0x000000070d500000, 0x000000070d500000| Untracked 
| 202|0x000000070d600000, 0x000000070d600000, 0x000000070d700000|  0%| F|  |TAMS 0x000000070d600000, 0x000000070d600000| Untracked 
| 203|0x000000070d700000, 0x000000070d700000, 0x000000070d800000|  0%| F|  |TAMS 0x000000070d700000, 0x000000070d700000| Untracked 
| 204|0x000000070d800000, 0x000000070d800000, 0x000000070d900000|  0%| F|  |TAMS 0x000000070d800000, 0x000000070d800000| Untracked 
| 205|0x000000070d900000, 0x000000070d900000, 0x000000070da00000|  0%| F|  |TAMS 0x000000070d900000, 0x000000070d900000| Untracked 
| 206|0x000000070da00000, 0x000000070da00000, 0x000000070db00000|  0%| F|  |TAMS 0x000000070da00000, 0x000000070da00000| Untracked 
| 207|0x000000070db00000, 0x000000070db00000, 0x000000070dc00000|  0%| F|  |TAMS 0x000000070db00000, 0x000000070db00000| Untracked 
| 208|0x000000070dc00000, 0x000000070dc00000, 0x000000070dd00000|  0%| F|  |TAMS 0x000000070dc00000, 0x000000070dc00000| Untracked 
| 209|0x000000070dd00000, 0x000000070dd00000, 0x000000070de00000|  0%| F|  |TAMS 0x000000070dd00000, 0x000000070dd00000| Untracked 
| 210|0x000000070de00000, 0x000000070de00000, 0x000000070df00000|  0%| F|  |TAMS 0x000000070de00000, 0x000000070de00000| Untracked 
| 211|0x000000070df00000, 0x000000070df00000, 0x000000070e000000|  0%| F|  |TAMS 0x000000070df00000, 0x000000070df00000| Untracked 
| 212|0x000000070e000000, 0x000000070e000000, 0x000000070e100000|  0%| F|  |TAMS 0x000000070e000000, 0x000000070e000000| Untracked 
| 213|0x000000070e100000, 0x000000070e100000, 0x000000070e200000|  0%| F|  |TAMS 0x000000070e100000, 0x000000070e100000| Untracked 
| 214|0x000000070e200000, 0x000000070e200000, 0x000000070e300000|  0%| F|  |TAMS 0x000000070e200000, 0x000000070e200000| Untracked 
| 215|0x000000070e300000, 0x000000070e300000, 0x000000070e400000|  0%| F|  |TAMS 0x000000070e300000, 0x000000070e300000| Untracked 
| 216|0x000000070e400000, 0x000000070e400000, 0x000000070e500000|  0%| F|  |TAMS 0x000000070e400000, 0x000000070e400000| Untracked 
| 217|0x000000070e500000, 0x000000070e500000, 0x000000070e600000|  0%| F|  |TAMS 0x000000070e500000, 0x000000070e500000| Untracked 
| 218|0x000000070e600000, 0x000000070e600000, 0x000000070e700000|  0%| F|  |TAMS 0x000000070e600000, 0x000000070e600000| Untracked 
| 219|0x000000070e700000, 0x000000070e700000, 0x000000070e800000|  0%| F|  |TAMS 0x000000070e700000, 0x000000070e700000| Untracked 
| 220|0x000000070e800000, 0x000000070e800000, 0x000000070e900000|  0%| F|  |TAMS 0x000000070e800000, 0x000000070e800000| Untracked 
| 221|0x000000070e900000, 0x000000070e900000, 0x000000070ea00000|  0%| F|  |TAMS 0x000000070e900000, 0x000000070e900000| Untracked 
| 222|0x000000070ea00000, 0x000000070ea00000, 0x000000070eb00000|  0%| F|  |TAMS 0x000000070ea00000, 0x000000070ea00000| Untracked 
| 223|0x000000070eb00000, 0x000000070eb00000, 0x000000070ec00000|  0%| F|  |TAMS 0x000000070eb00000, 0x000000070eb00000| Untracked 
| 224|0x000000070ec00000, 0x000000070ec00000, 0x000000070ed00000|  0%| F|  |TAMS 0x000000070ec00000, 0x000000070ec00000| Untracked 
| 225|0x000000070ed00000, 0x000000070ed00000, 0x000000070ee00000|  0%| F|  |TAMS 0x000000070ed00000, 0x000000070ed00000| Untracked 
| 226|0x000000070ee00000, 0x000000070ee00000, 0x000000070ef00000|  0%| F|  |TAMS 0x000000070ee00000, 0x000000070ee00000| Untracked 
| 227|0x000000070ef00000, 0x000000070ef00000, 0x000000070f000000|  0%| F|  |TAMS 0x000000070ef00000, 0x000000070ef00000| Untracked 
| 228|0x000000070f000000, 0x000000070f000000, 0x000000070f100000|  0%| F|  |TAMS 0x000000070f000000, 0x000000070f000000| Untracked 
| 229|0x000000070f100000, 0x000000070f1fb588, 0x000000070f200000| 98%| S|CS|TAMS 0x000000070f100000, 0x000000070f100000| Complete 
| 230|0x000000070f200000, 0x000000070f300000, 0x000000070f300000|100%| S|CS|TAMS 0x000000070f200000, 0x000000070f200000| Complete 
| 231|0x000000070f300000, 0x000000070f400000, 0x000000070f400000|100%| S|CS|TAMS 0x000000070f300000, 0x000000070f300000| Complete 
| 232|0x000000070f400000, 0x000000070f400000, 0x000000070f500000|  0%| F|  |TAMS 0x000000070f400000, 0x000000070f400000| Untracked 
| 233|0x000000070f500000, 0x000000070f500000, 0x000000070f600000|  0%| F|  |TAMS 0x000000070f500000, 0x000000070f500000| Untracked 
| 234|0x000000070f600000, 0x000000070f600000, 0x000000070f700000|  0%| F|  |TAMS 0x000000070f600000, 0x000000070f600000| Untracked 
| 235|0x000000070f700000, 0x000000070f700000, 0x000000070f800000|  0%| F|  |TAMS 0x000000070f700000, 0x000000070f700000| Untracked 
| 236|0x000000070f800000, 0x000000070f800000, 0x000000070f900000|  0%| F|  |TAMS 0x000000070f800000, 0x000000070f800000| Untracked 
| 237|0x000000070f900000, 0x000000070f900000, 0x000000070fa00000|  0%| F|  |TAMS 0x000000070f900000, 0x000000070f900000| Untracked 
| 238|0x000000070fa00000, 0x000000070fa00000, 0x000000070fb00000|  0%| F|  |TAMS 0x000000070fa00000, 0x000000070fa00000| Untracked 
| 239|0x000000070fb00000, 0x000000070fb00000, 0x000000070fc00000|  0%| F|  |TAMS 0x000000070fb00000, 0x000000070fb00000| Untracked 
| 240|0x000000070fc00000, 0x000000070fc00000, 0x000000070fd00000|  0%| F|  |TAMS 0x000000070fc00000, 0x000000070fc00000| Untracked 
| 241|0x000000070fd00000, 0x000000070fd00000, 0x000000070fe00000|  0%| F|  |TAMS 0x000000070fd00000, 0x000000070fd00000| Untracked 
| 242|0x000000070fe00000, 0x000000070fe00000, 0x000000070ff00000|  0%| F|  |TAMS 0x000000070fe00000, 0x000000070fe00000| Untracked 
| 243|0x000000070ff00000, 0x000000070ff00000, 0x0000000710000000|  0%| F|  |TAMS 0x000000070ff00000, 0x000000070ff00000| Untracked 
| 244|0x0000000710000000, 0x0000000710000000, 0x0000000710100000|  0%| F|  |TAMS 0x0000000710000000, 0x0000000710000000| Untracked 
| 245|0x0000000710100000, 0x0000000710100000, 0x0000000710200000|  0%| F|  |TAMS 0x0000000710100000, 0x0000000710100000| Untracked 
| 246|0x0000000710200000, 0x0000000710200000, 0x0000000710300000|  0%| F|  |TAMS 0x0000000710200000, 0x0000000710200000| Untracked 
| 247|0x0000000710300000, 0x0000000710300000, 0x0000000710400000|  0%| F|  |TAMS 0x0000000710300000, 0x0000000710300000| Untracked 
| 248|0x0000000710400000, 0x0000000710400000, 0x0000000710500000|  0%| F|  |TAMS 0x0000000710400000, 0x0000000710400000| Untracked 
| 249|0x0000000710500000, 0x0000000710500000, 0x0000000710600000|  0%| F|  |TAMS 0x0000000710500000, 0x0000000710500000| Untracked 
| 250|0x0000000710600000, 0x0000000710600000, 0x0000000710700000|  0%| F|  |TAMS 0x0000000710600000, 0x0000000710600000| Untracked 
| 251|0x0000000710700000, 0x0000000710700000, 0x0000000710800000|  0%| F|  |TAMS 0x0000000710700000, 0x0000000710700000| Untracked 
| 252|0x0000000710800000, 0x0000000710800800, 0x0000000710900000|  0%| E|  |TAMS 0x0000000710800000, 0x0000000710800000| Complete 
| 253|0x0000000710900000, 0x0000000710a00000, 0x0000000710a00000|100%| E|CS|TAMS 0x0000000710900000, 0x0000000710900000| Complete 
| 254|0x0000000710a00000, 0x0000000710b00000, 0x0000000710b00000|100%| E|CS|TAMS 0x0000000710a00000, 0x0000000710a00000| Complete 
| 255|0x0000000710b00000, 0x0000000710c00000, 0x0000000710c00000|100%| E|CS|TAMS 0x0000000710b00000, 0x0000000710b00000| Complete 

Card table byte_map: [0x000002b7fcc70000,0x000002b7fd470000] _byte_map_base: 0x000002b7f946a000

Marking Bits (Prev, Next): (CMBitMap*) 0x000002b7fbeaf858, (CMBitMap*) 0x000002b7fbeaf898
 Prev Bits: [0x000002b797330000, 0x000002b79b300000)
 Next Bits: [0x000002b79b300000, 0x000002b79f2d0000)

Polling page: 0x000002b7f9de0000

Metaspace:

Usage:
  Non-class:      8.10 MB capacity,     7.92 MB ( 98%) used,   153.73 KB (  2%) free+waste,    28.63 KB ( <1%) overhead. 
      Class:      1.10 MB capacity,   964.42 KB ( 85%) used,   148.39 KB ( 13%) free+waste,    17.19 KB (  2%) overhead. 
       Both:      9.20 MB capacity,     8.86 MB ( 96%) used,   302.12 KB (  3%) free+waste,    45.81 KB ( <1%) overhead. 

Virtual space:
  Non-class space:       10.00 MB reserved,       8.25 MB ( 83%) committed 
      Class space:        1.00 GB reserved,       1.13 MB ( <1%) committed 
             Both:        1.01 GB reserved,       9.38 MB ( <1%) committed 

Chunk freelists:
   Non-Class:  3.63 KB
       Class:  2.75 KB
        Both:  6.38 KB

CodeHeap 'non-profiled nmethods': size=120000Kb used=739Kb max_used=739Kb free=119260Kb
 bounds [0x000002b78fe00000, 0x000002b790070000, 0x000002b797330000]
CodeHeap 'profiled nmethods': size=120000Kb used=2852Kb max_used=2894Kb free=117147Kb
 bounds [0x000002b7888d0000, 0x000002b788bb0000, 0x000002b78fe00000]
CodeHeap 'non-nmethods': size=5760Kb used=1222Kb max_used=1249Kb free=4537Kb
 bounds [0x000002b788330000, 0x000002b7885a0000, 0x000002b7888d0000]
 total_blobs=2455 nmethods=1532 adapters=492
 compilation: enabled
              stopped_count=0, restarted_count=0
 full_count=0

Compilation events (10 events):
Event: 9.260 Thread 0x000002b7a05ec800 1536       1       java.nio.Buffer::capacity (5 bytes)
Event: 9.261 Thread 0x000002b7a05ec800 nmethod 1536 0x000002b78feb8290 code [0x000002b78feb8440, 0x000002b78feb8578]
Event: 9.261 Thread 0x000002b7a05ec800 1537       3       java.nio.ByteBuffer::flip (7 bytes)
Event: 9.261 Thread 0x000002b7a05ec800 nmethod 1537 0x000002b788ba1b10 code [0x000002b788ba1cc0, 0x000002b788ba1eb8]
Event: 9.261 Thread 0x000002b7a05ec800 1538       3       java.nio.Buffer::remaining (10 bytes)
Event: 9.261 Thread 0x000002b7a05ec800 nmethod 1538 0x000002b788ba1f90 code [0x000002b788ba2140, 0x000002b788ba22b8]
Event: 9.261 Thread 0x000002b7a05ec800 1539       3       java.lang.StringLatin1::toLowerCase (180 bytes)
Event: 9.261 Thread 0x000002b7a05e5000 nmethod 1527 0x000002b78feb8610 code [0x000002b78feb87c0, 0x000002b78feb8c18]
Event: 9.261 Thread 0x000002b7a05e5000 1528       4       jdk.internal.org.objectweb.asm.Frame::execute (2305 bytes)
Event: 9.261 Thread 0x000002b7a05ec800 nmethod 1539 0x000002b788ba2390 code [0x000002b788ba2640, 0x000002b788ba3400]

GC Heap History (2 events):
Event: 9.078 GC heap before
{Heap before GC invocations=0 (full 0):
 garbage-first heap   total 262144K, used 30720K [0x0000000700c00000, 0x0000000800000000)
  region size 1024K, 24 young (24576K), 0 survivors (0K)
 Metaspace       used 9012K, capacity 9310K, committed 9600K, reserved 1058816K
  class space    used 955K, capacity 1093K, committed 1152K, reserved 1048576K
}
Event: 9.084 GC heap after
{Heap after GC invocations=1 (full 0):
 garbage-first heap   total 262144K, used 9197K [0x0000000700c00000, 0x0000000800000000)
  region size 1024K, 3 young (3072K), 3 survivors (3072K)
 Metaspace       used 9012K, capacity 9310K, committed 9600K, reserved 1058816K
  class space    used 955K, capacity 1093K, committed 1152K, reserved 1048576K
}

Deoptimization events (10 events):
Event: 1.482 Thread 0x000002b7a11db000 Uncommon trap: reason=unstable_if action=reinterpret pc=0x000002b78fe5f5ec method=sun.java2d.loops.RenderCache$Entry.matches(Lsun/java2d/loops/SurfaceType;Lsun/java2d/loops/CompositeType;Lsun/java2d/loops/SurfaceType;)Z @ 13 c2
Event: 1.484 Thread 0x000002b7a11db000 Uncommon trap: reason=unstable_if action=reinterpret pc=0x000002b78fe64df4 method=sun.java2d.loops.RenderCache.get(Lsun/java2d/loops/SurfaceType;Lsun/java2d/loops/CompositeType;Lsun/java2d/loops/SurfaceType;)Ljava/lang/Object; @ 52 c2
Event: 6.404 Thread 0x000002b7a11db000 Uncommon trap: reason=unstable_if action=reinterpret pc=0x000002b78fea0744 method=com.PremBhoot.bodies.Structure.calculateCornerPos(DD)V @ 128 c2
Event: 6.810 Thread 0x000002b7a11db000 Uncommon trap: reason=class_check action=maybe_recompile pc=0x000002b78feaf760 method=jdk.internal.misc.Unsafe.allocateUninitializedArray(Ljava/lang/Class;I)Ljava/lang/Object; @ 48 c2
Event: 6.810 Thread 0x000002b7a11db000 Uncommon trap: reason=class_check action=maybe_recompile pc=0x000002b78feaf760 method=jdk.internal.misc.Unsafe.allocateUninitializedArray(Ljava/lang/Class;I)Ljava/lang/Object; @ 48 c2
Event: 6.811 Thread 0x000002b7a11db000 Uncommon trap: reason=class_check action=maybe_recompile pc=0x000002b78feaf760 method=jdk.internal.misc.Unsafe.allocateUninitializedArray(Ljava/lang/Class;I)Ljava/lang/Object; @ 48 c2
Event: 6.811 Thread 0x000002b7a11db000 Uncommon trap: reason=class_check action=maybe_recompile pc=0x000002b78feaf760 method=jdk.internal.misc.Unsafe.allocateUninitializedArray(Ljava/lang/Class;I)Ljava/lang/Object; @ 48 c2
Event: 9.090 Thread 0x000002b7a11db000 Uncommon trap: reason=null_check action=make_not_entrant pc=0x000002b78fea90ec method=sun.java2d.loops.MaskBlit$General.MaskBlit(Lsun/java2d/SurfaceData;Lsun/java2d/SurfaceData;Ljava/awt/Composite;Lsun/java2d/pipe/Region;IIIIII[BII)V @ 38 c2
Event: 9.090 Thread 0x000002b7a11db000 Uncommon trap: reason=null_check action=make_not_entrant pc=0x000002b78feaab14 method=sun.java2d.loops.MaskBlit$General.MaskBlit(Lsun/java2d/SurfaceData;Lsun/java2d/SurfaceData;Ljava/awt/Composite;Lsun/java2d/pipe/Region;IIIIII[BII)V @ 38 c2
Event: 9.090 Thread 0x000002b7a12e6800 Uncommon trap: reason=unstable_if action=reinterpret pc=0x000002b78feb3988 method=java.util.concurrent.locks.AbstractQueuedSynchronizer.acquireQueued(Ljava/util/concurrent/locks/AbstractQueuedSynchronizer$Node;I)Z @ 14 c2

Classes redefined (0 events):
No events

Internal exceptions (10 events):
Event: 0.474 Thread 0x000002b7fbe49000 Exception <a 'java/lang/ClassNotFoundException'{0x000000071062bd70}: com/sun/swing/internal/plaf/metal/resources/spi/metalProvider> (0x000000071062bd70) thrown at [t:/workspace/open/src/hotspot/share/classfile/systemDictionary.cpp, line 235]
Event: 0.475 Thread 0x000002b7fbe49000 Exception <a 'java/lang/ClassNotFoundException'{0x0000000710630018}: com/sun/swing/internal/plaf/basic/resources/spi/basicProvider> (0x0000000710630018) thrown at [t:/workspace/open/src/hotspot/share/classfile/systemDictionary.cpp, line 235]
Event: 0.509 Thread 0x000002b7fbe49000 Exception <a 'java/lang/NoSuchMethodError'{0x000000071050b740}: java.lang.invoke.DirectMethodHandle$Holder.invokeStaticInit(Ljava/lang/Object;)V> (0x000000071050b740) thrown at [t:/workspace/open/src/hotspot/share/interpreter/linkResolver.cpp, line 777]
Event: 0.537 Thread 0x000002b7fbe49000 Exception <a 'java/lang/NoSuchMethodError'{0x0000000710414ba0}: java.lang.invoke.Invokers$Holder.linkToTargetMethod(Ljava/lang/Object;ILjava/lang/Object;)Ljava/lang/Object;> (0x0000000710414ba0) thrown at [t:/workspace/open/src/hotspot/share/interpreter/l
Event: 0.581 Thread 0x000002b7a11db000 Exception <a 'java/lang/NoSuchMethodError'{0x00000007104d6a00}: java.lang.invoke.DirectMethodHandle$Holder.invokeStaticInit(Ljava/lang/Object;IIII)Ljava/lang/Object;> (0x00000007104d6a00) thrown at [t:/workspace/open/src/hotspot/share/interpreter/linkReso
Event: 1.001 Thread 0x000002b7a11db000 Exception <a 'java/lang/NoSuchMethodError'{0x00000007103c50f8}: java.lang.invoke.DirectMethodHandle$Holder.invokeStaticInit(Ljava/lang/Object;Ljava/lang/Object;IIII)Ljava/lang/Object;> (0x00000007103c50f8) thrown at [t:/workspace/open/src/hotspot/share/in
Event: 9.087 Thread 0x000002b7a11db000 Implicit null exception at 0x000002b78fea85e4 to 0x000002b78fea908a
Event: 9.090 Thread 0x000002b7a11db000 Implicit null exception at 0x000002b78fea9f4d to 0x000002b78feaaaae
Event: 9.256 Thread 0x000002b7a11db000 Exception <a 'java/io/FileNotFoundException'{0x0000000710a0f320}> (0x0000000710a0f320) thrown at [t:/workspace/open/src/hotspot/share/prims/jni.cpp, line 615]
Event: 9.261 Thread 0x000002b7a11db000 Exception <a 'java/io/FileNotFoundException'{0x0000000710a35a48}> (0x0000000710a35a48) thrown at [t:/workspace/open/src/hotspot/share/prims/jni.cpp, line 615]

Events (10 events):
Event: 9.261 loading class java/nio/channels/ClosedChannelException
Event: 9.261 loading class java/nio/channels/ClosedChannelException done
Event: 9.262 loading class sun/font/NullFontScaler
Event: 9.262 loading class sun/font/NullFontScaler done
Event: 9.262 Thread 0x000002b7a0601800 flushing nmethod 0x000002b788a22310
Event: 9.262 Thread 0x000002b7a0601800 flushing nmethod 0x000002b788a24210
Event: 9.262 Thread 0x000002b7a0601800 flushing nmethod 0x000002b788a25590
Event: 9.262 Thread 0x000002b7a0601800 flushing nmethod 0x000002b788a2a410
Event: 9.262 Thread 0x000002b7a0601800 flushing nmethod 0x000002b788a46b10
Event: 9.262 Thread 0x000002b7a0601800 flushing nmethod 0x000002b788a57090


Dynamic libraries:
0x00007ff771460000 - 0x00007ff77146f000 	C:\Program Files\Java\jdk-12\bin\java.exe
0x00007ffe17040000 - 0x00007ffe17230000 	C:\WINDOWS\SYSTEM32\ntdll.dll
0x00007ffe15750000 - 0x00007ffe15802000 	C:\WINDOWS\System32\KERNEL32.DLL
0x00007ffe140e0000 - 0x00007ffe14385000 	C:\WINDOWS\System32\KERNELBASE.dll
0x00007ffe14ff0000 - 0x00007ffe150ea000 	C:\WINDOWS\System32\ucrtbase.dll
0x00007ffe10a40000 - 0x00007ffe10a58000 	C:\Program Files\Java\jdk-12\bin\jli.dll
0x00007ffe10180000 - 0x00007ffe10196000 	C:\Program Files\Java\jdk-12\bin\VCRUNTIME140.dll
0x00007ffe151b0000 - 0x00007ffe15253000 	C:\WINDOWS\System32\ADVAPI32.dll
0x00007ffe16ce0000 - 0x00007ffe16d7e000 	C:\WINDOWS\System32\msvcrt.dll
0x00007ffe15450000 - 0x00007ffe154e7000 	C:\WINDOWS\System32\sechost.dll
0x00007ffe15810000 - 0x00007ffe1592f000 	C:\WINDOWS\System32\RPCRT4.dll
0x00007ffe16e60000 - 0x00007ffe16ff4000 	C:\WINDOWS\System32\USER32.dll
0x00007ffe028b0000 - 0x00007ffe02b34000 	C:\WINDOWS\WinSxS\amd64_microsoft.windows.common-controls_6595b64144ccf1df_6.0.18362.1379_none_9e7ff3b3e45cc0c4\COMCTL32.dll
0x00007ffe14f10000 - 0x00007ffe14f31000 	C:\WINDOWS\System32\win32u.dll
0x00007ffe164f0000 - 0x00007ffe16827000 	C:\WINDOWS\System32\combase.dll
0x00007ffe16040000 - 0x00007ffe16066000 	C:\WINDOWS\System32\GDI32.dll
0x00007ffe14e30000 - 0x00007ffe14eb1000 	C:\WINDOWS\System32\bcryptPrimitives.dll
0x00007ffe14b10000 - 0x00007ffe14ca8000 	C:\WINDOWS\System32\gdi32full.dll
0x00007ffe13fe0000 - 0x00007ffe1407e000 	C:\WINDOWS\System32\msvcp_win.dll
0x00007ffe0d3b0000 - 0x00007ffe0d3ba000 	C:\WINDOWS\SYSTEM32\VERSION.dll
0x00007ffe15410000 - 0x00007ffe1543e000 	C:\WINDOWS\System32\IMM32.DLL
0x00007ffe0f2d0000 - 0x00007ffe0f37a000 	C:\Program Files\Java\jdk-12\bin\msvcp140.dll
0x00007ffdc4770000 - 0x00007ffdc52e4000 	C:\Program Files\Java\jdk-12\bin\server\jvm.dll
0x00007ffe16e50000 - 0x00007ffe16e58000 	C:\WINDOWS\System32\PSAPI.DLL
0x00007ffdf8c30000 - 0x00007ffdf8c39000 	C:\WINDOWS\SYSTEM32\WSOCK32.dll
0x00007ffe10b70000 - 0x00007ffe10b94000 	C:\WINDOWS\SYSTEM32\WINMM.dll
0x00007ffe156e0000 - 0x00007ffe1574f000 	C:\WINDOWS\System32\WS2_32.dll
0x00007ffe10a00000 - 0x00007ffe10a2d000 	C:\WINDOWS\SYSTEM32\WINMMBASE.dll
0x00007ffe14ec0000 - 0x00007ffe14f0a000 	C:\WINDOWS\System32\cfgmgr32.dll
0x00007ffe13f50000 - 0x00007ffe13f61000 	C:\WINDOWS\System32\kernel.appcore.dll
0x00007ffe10140000 - 0x00007ffe10151000 	C:\Program Files\Java\jdk-12\bin\verify.dll
0x00007ffdfd900000 - 0x00007ffdfdaf4000 	C:\WINDOWS\SYSTEM32\DBGHELP.DLL
0x00007ffdfd510000 - 0x00007ffdfd53a000 	C:\WINDOWS\SYSTEM32\dbgcore.DLL
0x00007ffe10110000 - 0x00007ffe10136000 	C:\Program Files\Java\jdk-12\bin\java.dll
0x00007ffe0f3d0000 - 0x00007ffe0f3de000 	C:\Program Files\Java\jdk-12\bin\instrument.dll
0x00007ffe0fa50000 - 0x00007ffe0fa67000 	C:\Program Files\Java\jdk-12\bin\zip.dll
0x00007ffe10100000 - 0x00007ffe1010a000 	C:\Program Files\Java\jdk-12\bin\jimage.dll
0x00007ffe15950000 - 0x00007ffe16038000 	C:\WINDOWS\System32\SHELL32.dll
0x00007ffe152e0000 - 0x00007ffe15387000 	C:\WINDOWS\System32\shcore.dll
0x00007ffe14390000 - 0x00007ffe14b0b000 	C:\WINDOWS\System32\windows.storage.dll
0x00007ffe13f90000 - 0x00007ffe13fb3000 	C:\WINDOWS\System32\profapi.dll
0x00007ffe13f00000 - 0x00007ffe13f4a000 	C:\WINDOWS\System32\powrprof.dll
0x00007ffe13ef0000 - 0x00007ffe13f00000 	C:\WINDOWS\System32\UMPDC.dll
0x00007ffe15150000 - 0x00007ffe151a2000 	C:\WINDOWS\System32\shlwapi.dll
0x00007ffe13fc0000 - 0x00007ffe13fd7000 	C:\WINDOWS\System32\cryptsp.dll
0x00007ffe0f3b0000 - 0x00007ffe0f3c9000 	C:\Program Files\Java\jdk-12\bin\net.dll
0x00007ffe03bc0000 - 0x00007ffe03cb0000 	C:\WINDOWS\SYSTEM32\WINHTTP.dll
0x00007ffe05b90000 - 0x00007ffe05d66000 	C:\WINDOWS\SYSTEM32\urlmon.dll
0x00007ffe05f40000 - 0x00007ffe061e7000 	C:\WINDOWS\SYSTEM32\iertutil.dll
0x00007ffe13900000 - 0x00007ffe1390c000 	C:\WINDOWS\SYSTEM32\CRYPTBASE.DLL
0x00007ffe13730000 - 0x00007ffe13797000 	C:\WINDOWS\system32\mswsock.dll
0x00007ffe0d550000 - 0x00007ffe0d563000 	C:\Program Files\Java\jdk-12\bin\nio.dll
0x00007ffe0c470000 - 0x00007ffe0c48a000 	H:\Program Files\JetBrains\IntelliJ IDEA 2020.1\bin\breakgen64.dll
0x00007ffdf8240000 - 0x00007ffdf83df000 	C:\Program Files\Java\jdk-12\bin\awt.dll
0x00007ffe168a0000 - 0x00007ffe16965000 	C:\WINDOWS\System32\OLEAUT32.dll
0x00007ffe10cf0000 - 0x00007ffe112b0000 	C:\WINDOWS\SYSTEM32\d2d1.dll
0x00007ffe12150000 - 0x00007ffe121df000 	C:\WINDOWS\SYSTEM32\apphelp.dll
0x00007ffe12830000 - 0x00007ffe1285d000 	C:\WINDOWS\system32\DWMAPI.DLL
0x00007ffe12240000 - 0x00007ffe122d9000 	C:\WINDOWS\system32\uxtheme.dll
0x00007ffde61f0000 - 0x00007ffde6346000 	C:\WINDOWS\system32\opengl32.dll
0x00007ffe0b500000 - 0x00007ffe0b52c000 	C:\WINDOWS\SYSTEM32\GLU32.dll
0x00007ffe12b30000 - 0x00007ffe12b50000 	C:\WINDOWS\SYSTEM32\dxcore.dll
0x00007ffe155a0000 - 0x00007ffe156d5000 	C:\WINDOWS\System32\MSCTF.dll
0x0000000180000000 - 0x0000000180256000 	H:\Program Files (x86)\RivaTuner Statistics Server\RTSSHooks64.dll
0x00007ffe16970000 - 0x00007ffe16ac7000 	C:\WINDOWS\System32\ole32.dll
0x00007ffe06f50000 - 0x00007ffe07117000 	C:\WINDOWS\system32\d3d9.dll
0x00007ffe13f70000 - 0x00007ffe13f82000 	C:\WINDOWS\System32\msasn1.dll
0x00007ffe0d380000 - 0x00007ffe0d3af000 	C:\WINDOWS\SYSTEM32\cryptnet.dll
0x00007ffe14cb0000 - 0x00007ffe14dfa000 	C:\WINDOWS\System32\CRYPT32.dll
0x00007ffe14080000 - 0x00007ffe140dc000 	C:\WINDOWS\System32\WINTRUST.DLL
0x00007ffe15930000 - 0x00007ffe1594d000 	C:\WINDOWS\System32\imagehlp.dll
0x00007ffe13250000 - 0x00007ffe13283000 	C:\WINDOWS\system32\rsaenh.dll
0x00007ffe14e00000 - 0x00007ffe14e26000 	C:\WINDOWS\System32\bcrypt.dll
0x00007ffdf5c30000 - 0x00007ffdf5ee9000 	C:\WINDOWS\system32\nvspcap64.dll
0x00007ffe12f30000 - 0x00007ffe12f61000 	C:\WINDOWS\SYSTEM32\ntmarta.dll
0x00007ffe12ae0000 - 0x00007ffe12b02000 	C:\WINDOWS\SYSTEM32\gpapi.dll
0x00007ffe0b5f0000 - 0x00007ffe0b670000 	C:\Program Files\Java\jdk-12\bin\freetype.dll
0x00007ffe07ed0000 - 0x00007ffe07f3f000 	C:\Program Files\Java\jdk-12\bin\fontmanager.dll
0x00007ffe04500000 - 0x00007ffe0459d000 	C:\WINDOWS\System32\TextInputFramework.dll
0x00007ffe0fb70000 - 0x00007ffe0fe9a000 	C:\WINDOWS\System32\CoreUIComponents.dll
0x00007ffe11ba0000 - 0x00007ffe11c74000 	C:\WINDOWS\System32\CoreMessaging.dll
0x00007ffe0f8f0000 - 0x00007ffe0fa42000 	C:\WINDOWS\SYSTEM32\wintypes.dll
0x00007ffe13dd0000 - 0x00007ffe13df5000 	C:\WINDOWS\SYSTEM32\USERENV.dll
0x00007ffe13440000 - 0x00007ffe1347a000 	C:\WINDOWS\SYSTEM32\IPHLPAPI.DLL
0x00007ffe15440000 - 0x00007ffe15448000 	C:\WINDOWS\System32\NSI.dll
0x00007ffe0e090000 - 0x00007ffe0e0a6000 	C:\WINDOWS\SYSTEM32\dhcpcsvc6.DLL
0x00007ffe0e070000 - 0x00007ffe0e08c000 	C:\WINDOWS\SYSTEM32\dhcpcsvc.DLL
0x00007ffe13480000 - 0x00007ffe1354b000 	C:\WINDOWS\SYSTEM32\DNSAPI.dll

dbghelp: loaded successfully - version: 4.0.5 - missing functions: none
symbol engine: initialized successfully - sym options: 0x614 - pdb path: .;C:\Program Files\Java\jdk-12\bin;C:\WINDOWS\SYSTEM32;C:\WINDOWS\WinSxS\amd64_microsoft.windows.common-controls_6595b64144ccf1df_6.0.18362.1379_none_9e7ff3b3e45cc0c4;C:\Program Files\Java\jdk-12\bin\server;H:\Program Files\JetBrains\IntelliJ IDEA 2020.1\bin;H:\Program Files (x86)\RivaTuner Statistics Server;C:\WINDOWS\System32\DriverStore\FileRepository\nv_dispi.inf_amd64_2635d5c616c804dc

VM Arguments:
jvm_args: -javaagent:H:\Program Files\JetBrains\IntelliJ IDEA 2020.1\lib\idea_rt.jar=65039:H:\Program Files\JetBrains\IntelliJ IDEA 2020.1\bin -Dfile.encoding=UTF-8 
java_command: com.PremBhoot.unhingedgame.Core
java_class_path (initial): C:\Users\Prem Bhoot\IdeaProjects\Unhinged\out\production\Unhinged
Launcher Type: SUN_STANDARD

[Global flags]
     intx CICompilerCount                          = 4                                         {product} {ergonomic}
     uint ConcGCThreads                            = 3                                         {product} {ergonomic}
     uint G1ConcRefinementThreads                  = 10                                        {product} {ergonomic}
   size_t G1HeapRegionSize                         = 1048576                                   {product} {ergonomic}
    uintx GCDrainStackTargetSize                   = 64                                        {product} {ergonomic}
   size_t InitialHeapSize                          = 268435456                                 {product} {ergonomic}
   size_t MarkStackSize                            = 4194304                                   {product} {ergonomic}
   size_t MaxHeapSize                              = 4282384384                                {product} {ergonomic}
   size_t MaxNewSize                               = 2569011200                                {product} {ergonomic}
   size_t MinHeapDeltaBytes                        = 1048576                                   {product} {ergonomic}
    uintx NonNMethodCodeHeapSize                   = 5836300                                {pd product} {ergonomic}
    uintx NonProfiledCodeHeapSize                  = 122910970                              {pd product} {ergonomic}
    uintx ProfiledCodeHeapSize                     = 122910970                              {pd product} {ergonomic}
    uintx ReservedCodeCacheSize                    = 251658240                              {pd product} {ergonomic}
     bool SegmentedCodeCache                       = true                                      {product} {ergonomic}
     bool UseCompressedClassPointers               = true                                 {lp64_product} {ergonomic}
     bool UseCompressedOops                        = true                                 {lp64_product} {ergonomic}
     bool UseG1GC                                  = true                                      {product} {ergonomic}
     bool UseLargePagesIndividualAllocation        = false                                  {pd product} {ergonomic}

Logging:
Log output configuration:
 #0: stdout all=warning uptime,level,tags
 #1: stderr all=off uptime,level,tags

Environment Variables:
PATH=C:\Program Files (x86)\Common Files\Oracle\Java\javapath;C:\ProgramData\Oracle\Java\javapath;C:\Program Files (x86)\Java\jre1.8.0_161\bin;C:\WINDOWS\system32;C:\WINDOWS;C:\WINDOWS\System32\Wbem;C:\WINDOWS\System32\WindowsPowerShell\v1.0\;C:\WINDOWS\System32\OpenSSH\;C:\Program Files\NVIDIA Corporation\NVIDIA NvDLISR;C:\Program Files (x86)\NVIDIA Corporation\PhysX\Common;C:\Android;C:\Windows\System32;H:\Program Files\nodejs\;C:\WINDOWS\system32;C:\WINDOWS;C:\WINDOWS\System32\Wbem;C:\WINDOWS\System32\WindowsPowerShell\v1.0\;C:\WINDOWS\System32\OpenSSH\;C:\Program Files\dotnet\;C:\TDM-GCC-64\bin;C:\Program Files\Git\cmd;C:\Users\Prem Bhoot\AppData\Local\Programs\Python\Python37\Scripts\;C:\Users\Prem Bhoot\AppData\Local\Programs\Python\Python37\;C:\Users\Prem Bhoot\AppData\Local\Microsoft\WindowsApps;C:\Users\Prem Bhoot\AppData\Roaming\Dashlane\6.1846.0.15081\bin\Firefox_Extension\{442718d9-475e-452a-b3e1-fb1ee16b8e9f}\components;C:\Users\Prem Bhoot\AppData\Roaming\Dashlane\6.1846.0.15081\ucrt;C:\Users\Prem Bhoot\AppData\Roaming\Dashlane\6.1846.0.15081\bin\Qt;C:\Users\Prem Bhoot\AppData\Roaming\Dashlane\6.1846.0.15081\ucrt;C:\Users\Prem Bhoot\AppData\Roaming\Dashlane\6.1846.0.15081\bin\Ssl;C:\Users\Prem Bhoot\AppData\Roaming\npm;C:\Users\Prem Bhoot\AppData\Local\Programs\Microsoft VS Code\bin;C:\Users\Prem Bhoot\.dotnet\tools;C:\Users\Prem Bhoot\AppData\Local\Programs\MiKTeX\miktex\bin\x64\
USERNAME=Prem Bhoot
OS=Windows_NT
PROCESSOR_IDENTIFIER=AMD64 Family 23 Model 1 Stepping 1, AuthenticAMD



---------------  S Y S T E M  ---------------

OS: Windows 10 , 64 bit Build 18362 (10.0.18362.1350)

CPU:total 12 (initial active 12) (12 cores per cpu, 2 threads per core) family 23 model 1 stepping 1, cmov, cx8, fxsr, mmx, sse, sse2, sse3, ssse3, sse4.1, sse4.2, popcnt, avx, avx2, aes, clmul, mmxext, 3dnowpref, lzcnt, sse4a, ht, tsc, tscinvbit, tscinv, bmi1, bmi2, adx, sha, fma

Memory: 4k page, system-wide physical 16335M (7019M free)
TotalPageFile size 19663M (AvailPageFile size 3714M)
current process WorkingSet (physical memory assigned to process): 105M, peak: 106M
current process commit charge ("private bytes"): 384M, peak: 392M

vm_info: Java HotSpot(TM) 64-Bit Server VM (12+33) for windows-amd64 JRE (12+33), built on Feb 21 2019 02:31:50 by "mach5one" with MS VC++ 15.5 (VS2017)

END.
