#
# A fatal error has been detected by the Java Runtime Environment:
#
#  EXCEPTION_ACCESS_VIOLATION (0xc0000005) at pc=0x00007ff95db34f3f, pid=119712, tid=117972
#
# JRE version: Java(TM) SE Runtime Environment (12.0+33) (build 12+33)
# Java VM: Java HotSpot(TM) 64-Bit Server VM (12+33, mixed mode, sharing, tiered, compressed oops, g1 gc, windows-amd64)
# Problematic frame:
# C  [freetype.dll+0x44f3f]
#
# No core dump will be written. Minidumps are not enabled by default on client versions of Windows
#
# If you would like to submit a bug report, please visit:
#   http://bugreport.java.com/bugreport/crash.jsp
# The crash happened outside the Java Virtual Machine in native code.
# See problematic frame for where to report the bug.
#

---------------  S U M M A R Y ------------

Command Line: -javaagent:H:\Program Files\JetBrains\IntelliJ IDEA 2020.1\lib\idea_rt.jar=65169:H:\Program Files\JetBrains\IntelliJ IDEA 2020.1\bin -Dfile.encoding=UTF-8 com.PremBhoot.unhingedgame.Core

Host: AMD Ryzen 5 1600 Six-Core Processor            , 12 cores, 15G,  Windows 10 , 64 bit Build 18362 (10.0.18362.1350)
Time: Sun Mar 14 18:14:24 2021 GMT Standard Time elapsed time: 3 seconds (0d 0h 0m 3s)

---------------  T H R E A D  ---------------

Current thread (0x000001d8ee6df000):  JavaThread "Thread-0" [_thread_in_native, id=117972, stack(0x00000004c4000000,0x00000004c4100000)]

Stack: [0x00000004c4000000,0x00000004c4100000],  sp=0x00000004c40fe410,  free space=1017k
Native frames: (J=compiled Java code, j=interpreted, Vv=VM code, C=native code)
C  [freetype.dll+0x44f3f]

Java frames: (J=compiled Java code, j=interpreted, Vv=VM code)
j  sun.font.FreetypeFontScaler.getGlyphImageNative(Lsun/font/Font2D;JJI)J+0 java.desktop@12
j  sun.font.FreetypeFontScaler.getGlyphImage(JI)J+26 java.desktop@12
J 1142 c1 sun.font.FileFontStrike.getGlyphImagePtrs([I[JI)V java.desktop@12 (110 bytes) @ 0x000001d8d28f6b2c [0x000001d8d28f6100+0x0000000000000a2c]
J 1237 c1 sun.font.GlyphList.mapChars(Lsun/java2d/loops/FontInfo;I)Z java.desktop@12 (47 bytes) @ 0x000001d8d291f844 [0x000001d8d291f500+0x0000000000000344]
J 1241 c1 sun.font.GlyphList.setFromString(Lsun/java2d/loops/FontInfo;Ljava/lang/String;FF)Z java.desktop@12 (75 bytes) @ 0x000001d8d2920424 [0x000001d8d2920200+0x0000000000000224]
J 1194 c1 sun.java2d.pipe.GlyphListPipe.drawString(Lsun/java2d/SunGraphics2D;Ljava/lang/String;DD)V java.desktop@12 (202 bytes) @ 0x000001d8d290b56c [0x000001d8d290ac40+0x000000000000092c]
J 1193 c1 sun.java2d.SunGraphics2D.drawString(Ljava/lang/String;II)V java.desktop@12 (132 bytes) @ 0x000001d8d2909b44 [0x000001d8d29097c0+0x0000000000000384]
j  com.PremBhoot.gameState.interfacex.draw(Ljava/awt/Graphics2D;)V+533
J 1375 c1 com.PremBhoot.gameState.FirstLevelState.draw(Ljava/awt/Graphics2D;)V (150 bytes) @ 0x000001d8d29752c4 [0x000001d8d2974f80+0x0000000000000344]
J 1394 c1 com.PremBhoot.unhingedgame.Panel.draw()V (12 bytes) @ 0x000001d8d298d2e4 [0x000001d8d298cea0+0x0000000000000444]
j  com.PremBhoot.unhingedgame.Panel.run()V+20
j  java.lang.Thread.run()V+11 java.base@12
v  ~StubRoutines::call_stub

siginfo: EXCEPTION_ACCESS_VIOLATION (0xc0000005), reading address 0x00000000000000e0


Register to memory mapping:

RIP=0x00007ff95db34f3f freetype.dll
RAX=0x00000004c40fe440 is pointing into the stack for thread: 0x000001d8ee6df000
RBX=0x00000004c40fe650 is pointing into the stack for thread: 0x000001d8ee6df000
RCX=0x000001d8ef207ef0 points into unknown readable memory: 60 42 af ee d8 01 00 00
RDX=0x0 is NULL
RSP=0x00000004c40fe410 is pointing into the stack for thread: 0x000001d8ee6df000
RBP=0x000001d8f69e8b30 points into unknown readable memory: c0 be 21 ef d8 01 00 00
RSI=0x0000000000000015 is an unknown value
RDI=0x000001d8ef207ef0 points into unknown readable memory: 60 42 af ee d8 01 00 00
R8 =0x0000000000000015 is an unknown value
R9 =0x00000004c40fe498 is pointing into the stack for thread: 0x000001d8ee6df000
R10=0x0 is NULL
R11=0x000001d8f6b84930 points into unknown readable memory: 30 f3 6d ee d8 01 00 00
R12=0x0000000000000015 is an unknown value
R13=0x0 is NULL
R14=0x0000000000000d74 is an unknown value
R15=0x000001d8ef1e6fc0 points into unknown readable memory: b0 63 d7 f6 d8 01 00 00


Registers:
RAX=0x00000004c40fe440, RBX=0x00000004c40fe650, RCX=0x000001d8ef207ef0, RDX=0x0000000000000000
RSP=0x00000004c40fe410, RBP=0x000001d8f69e8b30, RSI=0x0000000000000015, RDI=0x000001d8ef207ef0
R8 =0x0000000000000015, R9 =0x00000004c40fe498, R10=0x0000000000000000, R11=0x000001d8f6b84930
R12=0x0000000000000015, R13=0x0000000000000000, R14=0x0000000000000d74, R15=0x000001d8ef1e6fc0
RIP=0x00007ff95db34f3f, EFLAGS=0x0000000000010246

Top of Stack: (sp=0x00000004c40fe410)
0x00000004c40fe410:   000001d8f69e8b30 000001d8f6d763b0
0x00000004c40fe420:   0000000000000000 0000000000000074
0x00000004c40fe430:   00000004c40fe440 0000000000000074
0x00000004c40fe440:   000001d8f69e0000 00007ff95db32a92
0x00000004c40fe450:   000001d8ef207ef0 0000000000000000
0x00000004c40fe460:   0000000000000748 00000004c40fe580
0x00000004c40fe470:   00000004c40fe650 00007ff95db34622
0x00000004c40fe480:   00000004c40f0000 0000000000000748
0x00000004c40fe490:   3ff0000000000000 4086c00000000000
0x00000004c40fe4a0:   4079f00000000000 00007ff91f000702
0x00000004c40fe4b0:   0000000100000000 0001200000000000
0x00000004c40fe4c0:   0000000000012000 0000000000000055
0x00000004c40fe4d0:   000000000000000f 00007ff91f000702
0x00000004c40fe4e0:   0000000000000000 00007ff91f000702
0x00000004c40fe4f0:   0000000000000000 0000000000000000
0x00000004c40fe500:   0000000000000000 00000004c40fe758 

Instructions: (pc=0x00007ff95db34f3f)
0x00007ff95db34f1f:   02 00 00 4c 8d 8c 24 88 00 00 00 44 8b f0 44 8b
0x00007ff95db34f2f:   c6 48 8d 44 24 30 33 d2 48 8b cf 48 89 44 24 20
0x00007ff95db34f3f:   41 ff 92 e0 00 00 00 80 bf 90 01 00 00 00 8b 4b
0x00007ff95db34f4f:   44 74 2d 4c 8b 97 d0 02 00 00 48 8d 84 24 80 00 


Stack slot to memory mapping:
stack at sp + 0 slots: 0x000001d8f69e8b30 points into unknown readable memory: c0 be 21 ef d8 01 00 00
stack at sp + 1 slots: 0x000001d8f6d763b0 points into unknown readable memory: 00 00 00 00 00 00 00 00
stack at sp + 2 slots: 0x0 is NULL
stack at sp + 3 slots: 0x0000000000000074 is an unknown value
stack at sp + 4 slots: 0x00000004c40fe440 is pointing into the stack for thread: 0x000001d8ee6df000
stack at sp + 5 slots: 0x0000000000000074 is an unknown value
stack at sp + 6 slots: 0x000001d8f69e0000 points into unknown readable memory: f0 46 7b 1f f9 7f 00 00
stack at sp + 7 slots: 0x00007ff95db32a92 freetype.dll


---------------  P R O C E S S  ---------------

Threads class SMR info:
_java_thread_list=0x000001d8f6e6f8b0, length=19, elements={
0x000001d8edc11800, 0x000001d8edc13000, 0x000001d8edc21000, 0x000001d8edc2d800,
0x000001d8ee4b3000, 0x000001d8ee4ba800, 0x000001d8ee4cc000, 0x000001d8ee5e6000,
0x000001d8ee6d9000, 0x000001d8ee6da000, 0x000001d8eeabc000, 0x000001d8eeae3000,
0x000001d8ef1af800, 0x000001d8ee6df000, 0x000001d8c9d68000, 0x000001d8f68b7800,
0x000001d8ef258800, 0x000001d8f69ee000, 0x000001d8f6d70000
}

Java Threads: ( => current thread )
  0x000001d8edc11800 JavaThread "Reference Handler" daemon [_thread_blocked, id=114244, stack(0x00000004c2f00000,0x00000004c3000000)]
  0x000001d8edc13000 JavaThread "Finalizer" daemon [_thread_blocked, id=117872, stack(0x00000004c3000000,0x00000004c3100000)]
  0x000001d8edc21000 JavaThread "Signal Dispatcher" daemon [_thread_blocked, id=111520, stack(0x00000004c3100000,0x00000004c3200000)]
  0x000001d8edc2d800 JavaThread "Attach Listener" daemon [_thread_blocked, id=120144, stack(0x00000004c3200000,0x00000004c3300000)]
  0x000001d8ee4b3000 JavaThread "C2 CompilerThread0" daemon [_thread_in_native, id=96288, stack(0x00000004c3300000,0x00000004c3400000)]
  0x000001d8ee4ba800 JavaThread "C1 CompilerThread0" daemon [_thread_blocked, id=113868, stack(0x00000004c3400000,0x00000004c3500000)]
  0x000001d8ee4cc000 JavaThread "Sweeper thread" daemon [_thread_blocked, id=115972, stack(0x00000004c3500000,0x00000004c3600000)]
  0x000001d8ee5e6000 JavaThread "Common-Cleaner" daemon [_thread_blocked, id=117500, stack(0x00000004c3600000,0x00000004c3700000)]
  0x000001d8ee6d9000 JavaThread "Monitor Ctrl-Break" daemon [_thread_in_native, id=120784, stack(0x00000004c3800000,0x00000004c3900000)]
  0x000001d8ee6da000 JavaThread "Service Thread" daemon [_thread_blocked, id=120076, stack(0x00000004c3900000,0x00000004c3a00000)]
  0x000001d8eeabc000 JavaThread "Java2D Disposer" daemon [_thread_blocked, id=117396, stack(0x00000004c3b00000,0x00000004c3c00000)]
  0x000001d8eeae3000 JavaThread "AWT-Shutdown" [_thread_blocked, id=118808, stack(0x00000004c3c00000,0x00000004c3d00000)]
  0x000001d8ef1af800 JavaThread "AWT-EventQueue-0" [_thread_blocked, id=120632, stack(0x00000004c3f00000,0x00000004c4000000)]
=>0x000001d8ee6df000 JavaThread "Thread-0" [_thread_in_native, id=117972, stack(0x00000004c4000000,0x00000004c4100000)]
  0x000001d8c9d68000 JavaThread "DestroyJavaVM" [_thread_blocked, id=120120, stack(0x00000004c2800000,0x00000004c2900000)]
  0x000001d8f68b7800 JavaThread "Java Sound Event Dispatcher" daemon [_thread_blocked, id=119952, stack(0x00000004c4500000,0x00000004c4600000)]
  0x000001d8ef258800 JavaThread "Direct Clip" daemon [_thread_blocked, id=119500, stack(0x00000004c4900000,0x00000004c4a00000)]
  0x000001d8f69ee000 JavaThread "Direct Clip" daemon [_thread_blocked, id=120652, stack(0x00000004c4200000,0x00000004c4300000)]
  0x000001d8f6d70000 JavaThread "Direct Clip" daemon [_thread_blocked, id=117312, stack(0x00000004c4a00000,0x00000004c4b00000)]

Other Threads:
  0x000001d8edc10000 VMThread "VM Thread" [stack: 0x00000004c2e00000,0x00000004c2f00000] [id=119208]
  0x000001d8ee6de000 WatcherThread [stack: 0x00000004c3a00000,0x00000004c3b00000] [id=120100]
  0x000001d8c9dcd000 GCTaskThread "GC Thread#0" [stack: 0x00000004c2900000,0x00000004c2a00000] [id=116040]
  0x000001d8c9de8800 ConcurrentGCThread "G1 Main Marker" [stack: 0x00000004c2a00000,0x00000004c2b00000] [id=118440]
  0x000001d8c9deb800 ConcurrentGCThread "G1 Conc#0" [stack: 0x00000004c2b00000,0x00000004c2c00000] [id=119904]
  0x000001d8edb07800 ConcurrentGCThread "G1 Refine#0" [stack: 0x00000004c2c00000,0x00000004c2d00000] [id=118264]
  0x000001d8edb09800 ConcurrentGCThread "G1 Young RemSet Sampling" [stack: 0x00000004c2d00000,0x00000004c2e00000] [id=116768]

Threads with active compile tasks:
C2 CompilerThread0  1403       4       jdk.internal.org.objectweb.asm.Frame::execute (2305 bytes)

VM state:not at safepoint (normal execution)

VM Mutex/Monitor currently owned by a thread: None

Heap address: 0x0000000700c00000, size: 4084 MB, Compressed Oops mode: Zero based, Oop shift amount: 3
Narrow klass base: 0x0000000800000000, Narrow klass shift: 3
Compressed class space size: 1073741824 Address: 0x00000008011a0000

Heap:
 garbage-first heap   total 262144K, used 58368K [0x0000000700c00000, 0x0000000800000000)
  region size 1024K, 17 young (17408K), 0 survivors (0K)
 Metaspace       used 9363K, capacity 9656K, committed 9984K, reserved 1058816K
  class space    used 1017K, capacity 1166K, committed 1280K, reserved 1048576K
Heap Regions: E=young(eden), S=young(survivor), O=old, HS=humongous(starts), HC=humongous(continues), CS=collection set, F=free, A=archive, TAMS=top-at-mark-start (previous, next)
|   0|0x0000000700c00000, 0x0000000700d00000, 0x0000000700d00000|100%|HS|  |TAMS 0x0000000700c00000, 0x0000000700c00000| Complete 
|   1|0x0000000700d00000, 0x0000000700e00000, 0x0000000700e00000|100%|HC|  |TAMS 0x0000000700d00000, 0x0000000700d00000| Complete 
|   2|0x0000000700e00000, 0x0000000700f00000, 0x0000000700f00000|100%|HS|  |TAMS 0x0000000700e00000, 0x0000000700e00000| Complete 
|   3|0x0000000700f00000, 0x0000000701000000, 0x0000000701000000|100%|HC|  |TAMS 0x0000000700f00000, 0x0000000700f00000| Complete 
|   4|0x0000000701000000, 0x0000000701100000, 0x0000000701100000|100%|HS|  |TAMS 0x0000000701000000, 0x0000000701000000| Complete 
|   5|0x0000000701100000, 0x0000000701200000, 0x0000000701200000|100%|HC|  |TAMS 0x0000000701100000, 0x0000000701100000| Complete 
|   6|0x0000000701200000, 0x0000000701300000, 0x0000000701300000|100%|HS|  |TAMS 0x0000000701200000, 0x0000000701200000| Complete 
|   7|0x0000000701300000, 0x0000000701400000, 0x0000000701400000|100%|HC|  |TAMS 0x0000000701300000, 0x0000000701300000| Complete 
|   8|0x0000000701400000, 0x0000000701500000, 0x0000000701500000|100%|HC|  |TAMS 0x0000000701400000, 0x0000000701400000| Complete 
|   9|0x0000000701500000, 0x0000000701600000, 0x0000000701600000|100%|HC|  |TAMS 0x0000000701500000, 0x0000000701500000| Complete 
|  10|0x0000000701600000, 0x0000000701700000, 0x0000000701700000|100%|HC|  |TAMS 0x0000000701600000, 0x0000000701600000| Complete 
|  11|0x0000000701700000, 0x0000000701800000, 0x0000000701800000|100%|HC|  |TAMS 0x0000000701700000, 0x0000000701700000| Complete 
|  12|0x0000000701800000, 0x0000000701900000, 0x0000000701900000|100%|HC|  |TAMS 0x0000000701800000, 0x0000000701800000| Complete 
|  13|0x0000000701900000, 0x0000000701a00000, 0x0000000701a00000|100%|HC|  |TAMS 0x0000000701900000, 0x0000000701900000| Complete 
|  14|0x0000000701a00000, 0x0000000701b00000, 0x0000000701b00000|100%|HC|  |TAMS 0x0000000701a00000, 0x0000000701a00000| Complete 
|  15|0x0000000701b00000, 0x0000000701c00000, 0x0000000701c00000|100%|HC|  |TAMS 0x0000000701b00000, 0x0000000701b00000| Complete 
|  16|0x0000000701c00000, 0x0000000701d00000, 0x0000000701d00000|100%|HC|  |TAMS 0x0000000701c00000, 0x0000000701c00000| Complete 
|  17|0x0000000701d00000, 0x0000000701e00000, 0x0000000701e00000|100%|HC|  |TAMS 0x0000000701d00000, 0x0000000701d00000| Complete 
|  18|0x0000000701e00000, 0x0000000701f00000, 0x0000000701f00000|100%|HC|  |TAMS 0x0000000701e00000, 0x0000000701e00000| Complete 
|  19|0x0000000701f00000, 0x0000000702000000, 0x0000000702000000|100%|HC|  |TAMS 0x0000000701f00000, 0x0000000701f00000| Complete 
|  20|0x0000000702000000, 0x0000000702100000, 0x0000000702100000|100%|HC|  |TAMS 0x0000000702000000, 0x0000000702000000| Complete 
|  21|0x0000000702100000, 0x0000000702200000, 0x0000000702200000|100%|HC|  |TAMS 0x0000000702100000, 0x0000000702100000| Complete 
|  22|0x0000000702200000, 0x0000000702300000, 0x0000000702300000|100%|HC|  |TAMS 0x0000000702200000, 0x0000000702200000| Complete 
|  23|0x0000000702300000, 0x0000000702400000, 0x0000000702400000|100%|HC|  |TAMS 0x0000000702300000, 0x0000000702300000| Complete 
|  24|0x0000000702400000, 0x0000000702500000, 0x0000000702500000|100%|HC|  |TAMS 0x0000000702400000, 0x0000000702400000| Complete 
|  25|0x0000000702500000, 0x0000000702600000, 0x0000000702600000|100%|HC|  |TAMS 0x0000000702500000, 0x0000000702500000| Complete 
|  26|0x0000000702600000, 0x0000000702700000, 0x0000000702700000|100%|HC|  |TAMS 0x0000000702600000, 0x0000000702600000| Complete 
|  27|0x0000000702700000, 0x0000000702800000, 0x0000000702800000|100%|HC|  |TAMS 0x0000000702700000, 0x0000000702700000| Complete 
|  28|0x0000000702800000, 0x0000000702900000, 0x0000000702900000|100%|HC|  |TAMS 0x0000000702800000, 0x0000000702800000| Complete 
|  29|0x0000000702900000, 0x0000000702a00000, 0x0000000702a00000|100%|HC|  |TAMS 0x0000000702900000, 0x0000000702900000| Complete 
|  30|0x0000000702a00000, 0x0000000702b00000, 0x0000000702b00000|100%|HC|  |TAMS 0x0000000702a00000, 0x0000000702a00000| Complete 
|  31|0x0000000702b00000, 0x0000000702c00000, 0x0000000702c00000|100%|HC|  |TAMS 0x0000000702b00000, 0x0000000702b00000| Complete 
|  32|0x0000000702c00000, 0x0000000702d00000, 0x0000000702d00000|100%|HC|  |TAMS 0x0000000702c00000, 0x0000000702c00000| Complete 
|  33|0x0000000702d00000, 0x0000000702e00000, 0x0000000702e00000|100%|HC|  |TAMS 0x0000000702d00000, 0x0000000702d00000| Complete 
|  34|0x0000000702e00000, 0x0000000702f00000, 0x0000000702f00000|100%|HC|  |TAMS 0x0000000702e00000, 0x0000000702e00000| Complete 
|  35|0x0000000702f00000, 0x0000000703000000, 0x0000000703000000|100%|HC|  |TAMS 0x0000000702f00000, 0x0000000702f00000| Complete 
|  36|0x0000000703000000, 0x0000000703100000, 0x0000000703100000|100%|HC|  |TAMS 0x0000000703000000, 0x0000000703000000| Complete 
|  37|0x0000000703100000, 0x0000000703200000, 0x0000000703200000|100%|HC|  |TAMS 0x0000000703100000, 0x0000000703100000| Complete 
|  38|0x0000000703200000, 0x0000000703300000, 0x0000000703300000|100%|HC|  |TAMS 0x0000000703200000, 0x0000000703200000| Complete 
|  39|0x0000000703300000, 0x0000000703400000, 0x0000000703400000|100%|HC|  |TAMS 0x0000000703300000, 0x0000000703300000| Complete 
|  40|0x0000000703400000, 0x0000000703500000, 0x0000000703500000|100%|HC|  |TAMS 0x0000000703400000, 0x0000000703400000| Complete 
|  41|0x0000000703500000, 0x0000000703600000, 0x0000000703600000|100%|HC|  |TAMS 0x0000000703500000, 0x0000000703500000| Complete 
|  42|0x0000000703600000, 0x0000000703600000, 0x0000000703700000|  0%| F|  |TAMS 0x0000000703600000, 0x0000000703600000| Untracked 
|  43|0x0000000703700000, 0x0000000703700000, 0x0000000703800000|  0%| F|  |TAMS 0x0000000703700000, 0x0000000703700000| Untracked 
|  44|0x0000000703800000, 0x0000000703800000, 0x0000000703900000|  0%| F|  |TAMS 0x0000000703800000, 0x0000000703800000| Untracked 
|  45|0x0000000703900000, 0x0000000703900000, 0x0000000703a00000|  0%| F|  |TAMS 0x0000000703900000, 0x0000000703900000| Untracked 
|  46|0x0000000703a00000, 0x0000000703a00000, 0x0000000703b00000|  0%| F|  |TAMS 0x0000000703a00000, 0x0000000703a00000| Untracked 
|  47|0x0000000703b00000, 0x0000000703b00000, 0x0000000703c00000|  0%| F|  |TAMS 0x0000000703b00000, 0x0000000703b00000| Untracked 
|  48|0x0000000703c00000, 0x0000000703c00000, 0x0000000703d00000|  0%| F|  |TAMS 0x0000000703c00000, 0x0000000703c00000| Untracked 
|  49|0x0000000703d00000, 0x0000000703d00000, 0x0000000703e00000|  0%| F|  |TAMS 0x0000000703d00000, 0x0000000703d00000| Untracked 
|  50|0x0000000703e00000, 0x0000000703e00000, 0x0000000703f00000|  0%| F|  |TAMS 0x0000000703e00000, 0x0000000703e00000| Untracked 
|  51|0x0000000703f00000, 0x0000000703f00000, 0x0000000704000000|  0%| F|  |TAMS 0x0000000703f00000, 0x0000000703f00000| Untracked 
|  52|0x0000000704000000, 0x0000000704000000, 0x0000000704100000|  0%| F|  |TAMS 0x0000000704000000, 0x0000000704000000| Untracked 
|  53|0x0000000704100000, 0x0000000704100000, 0x0000000704200000|  0%| F|  |TAMS 0x0000000704100000, 0x0000000704100000| Untracked 
|  54|0x0000000704200000, 0x0000000704200000, 0x0000000704300000|  0%| F|  |TAMS 0x0000000704200000, 0x0000000704200000| Untracked 
|  55|0x0000000704300000, 0x0000000704300000, 0x0000000704400000|  0%| F|  |TAMS 0x0000000704300000, 0x0000000704300000| Untracked 
|  56|0x0000000704400000, 0x0000000704400000, 0x0000000704500000|  0%| F|  |TAMS 0x0000000704400000, 0x0000000704400000| Untracked 
|  57|0x0000000704500000, 0x0000000704500000, 0x0000000704600000|  0%| F|  |TAMS 0x0000000704500000, 0x0000000704500000| Untracked 
|  58|0x0000000704600000, 0x0000000704600000, 0x0000000704700000|  0%| F|  |TAMS 0x0000000704600000, 0x0000000704600000| Untracked 
|  59|0x0000000704700000, 0x0000000704700000, 0x0000000704800000|  0%| F|  |TAMS 0x0000000704700000, 0x0000000704700000| Untracked 
|  60|0x0000000704800000, 0x0000000704800000, 0x0000000704900000|  0%| F|  |TAMS 0x0000000704800000, 0x0000000704800000| Untracked 
|  61|0x0000000704900000, 0x0000000704900000, 0x0000000704a00000|  0%| F|  |TAMS 0x0000000704900000, 0x0000000704900000| Untracked 
|  62|0x0000000704a00000, 0x0000000704a00000, 0x0000000704b00000|  0%| F|  |TAMS 0x0000000704a00000, 0x0000000704a00000| Untracked 
|  63|0x0000000704b00000, 0x0000000704b00000, 0x0000000704c00000|  0%| F|  |TAMS 0x0000000704b00000, 0x0000000704b00000| Untracked 
|  64|0x0000000704c00000, 0x0000000704c00000, 0x0000000704d00000|  0%| F|  |TAMS 0x0000000704c00000, 0x0000000704c00000| Untracked 
|  65|0x0000000704d00000, 0x0000000704d00000, 0x0000000704e00000|  0%| F|  |TAMS 0x0000000704d00000, 0x0000000704d00000| Untracked 
|  66|0x0000000704e00000, 0x0000000704e00000, 0x0000000704f00000|  0%| F|  |TAMS 0x0000000704e00000, 0x0000000704e00000| Untracked 
|  67|0x0000000704f00000, 0x0000000704f00000, 0x0000000705000000|  0%| F|  |TAMS 0x0000000704f00000, 0x0000000704f00000| Untracked 
|  68|0x0000000705000000, 0x0000000705000000, 0x0000000705100000|  0%| F|  |TAMS 0x0000000705000000, 0x0000000705000000| Untracked 
|  69|0x0000000705100000, 0x0000000705100000, 0x0000000705200000|  0%| F|  |TAMS 0x0000000705100000, 0x0000000705100000| Untracked 
|  70|0x0000000705200000, 0x0000000705200000, 0x0000000705300000|  0%| F|  |TAMS 0x0000000705200000, 0x0000000705200000| Untracked 
|  71|0x0000000705300000, 0x0000000705300000, 0x0000000705400000|  0%| F|  |TAMS 0x0000000705300000, 0x0000000705300000| Untracked 
|  72|0x0000000705400000, 0x0000000705400000, 0x0000000705500000|  0%| F|  |TAMS 0x0000000705400000, 0x0000000705400000| Untracked 
|  73|0x0000000705500000, 0x0000000705500000, 0x0000000705600000|  0%| F|  |TAMS 0x0000000705500000, 0x0000000705500000| Untracked 
|  74|0x0000000705600000, 0x0000000705600000, 0x0000000705700000|  0%| F|  |TAMS 0x0000000705600000, 0x0000000705600000| Untracked 
|  75|0x0000000705700000, 0x0000000705700000, 0x0000000705800000|  0%| F|  |TAMS 0x0000000705700000, 0x0000000705700000| Untracked 
|  76|0x0000000705800000, 0x0000000705800000, 0x0000000705900000|  0%| F|  |TAMS 0x0000000705800000, 0x0000000705800000| Untracked 
|  77|0x0000000705900000, 0x0000000705900000, 0x0000000705a00000|  0%| F|  |TAMS 0x0000000705900000, 0x0000000705900000| Untracked 
|  78|0x0000000705a00000, 0x0000000705a00000, 0x0000000705b00000|  0%| F|  |TAMS 0x0000000705a00000, 0x0000000705a00000| Untracked 
|  79|0x0000000705b00000, 0x0000000705b00000, 0x0000000705c00000|  0%| F|  |TAMS 0x0000000705b00000, 0x0000000705b00000| Untracked 
|  80|0x0000000705c00000, 0x0000000705c00000, 0x0000000705d00000|  0%| F|  |TAMS 0x0000000705c00000, 0x0000000705c00000| Untracked 
|  81|0x0000000705d00000, 0x0000000705d00000, 0x0000000705e00000|  0%| F|  |TAMS 0x0000000705d00000, 0x0000000705d00000| Untracked 
|  82|0x0000000705e00000, 0x0000000705e00000, 0x0000000705f00000|  0%| F|  |TAMS 0x0000000705e00000, 0x0000000705e00000| Untracked 
|  83|0x0000000705f00000, 0x0000000705f00000, 0x0000000706000000|  0%| F|  |TAMS 0x0000000705f00000, 0x0000000705f00000| Untracked 
|  84|0x0000000706000000, 0x0000000706000000, 0x0000000706100000|  0%| F|  |TAMS 0x0000000706000000, 0x0000000706000000| Untracked 
|  85|0x0000000706100000, 0x0000000706100000, 0x0000000706200000|  0%| F|  |TAMS 0x0000000706100000, 0x0000000706100000| Untracked 
|  86|0x0000000706200000, 0x0000000706200000, 0x0000000706300000|  0%| F|  |TAMS 0x0000000706200000, 0x0000000706200000| Untracked 
|  87|0x0000000706300000, 0x0000000706300000, 0x0000000706400000|  0%| F|  |TAMS 0x0000000706300000, 0x0000000706300000| Untracked 
|  88|0x0000000706400000, 0x0000000706400000, 0x0000000706500000|  0%| F|  |TAMS 0x0000000706400000, 0x0000000706400000| Untracked 
|  89|0x0000000706500000, 0x0000000706500000, 0x0000000706600000|  0%| F|  |TAMS 0x0000000706500000, 0x0000000706500000| Untracked 
|  90|0x0000000706600000, 0x0000000706600000, 0x0000000706700000|  0%| F|  |TAMS 0x0000000706600000, 0x0000000706600000| Untracked 
|  91|0x0000000706700000, 0x0000000706700000, 0x0000000706800000|  0%| F|  |TAMS 0x0000000706700000, 0x0000000706700000| Untracked 
|  92|0x0000000706800000, 0x0000000706800000, 0x0000000706900000|  0%| F|  |TAMS 0x0000000706800000, 0x0000000706800000| Untracked 
|  93|0x0000000706900000, 0x0000000706900000, 0x0000000706a00000|  0%| F|  |TAMS 0x0000000706900000, 0x0000000706900000| Untracked 
|  94|0x0000000706a00000, 0x0000000706a00000, 0x0000000706b00000|  0%| F|  |TAMS 0x0000000706a00000, 0x0000000706a00000| Untracked 
|  95|0x0000000706b00000, 0x0000000706b00000, 0x0000000706c00000|  0%| F|  |TAMS 0x0000000706b00000, 0x0000000706b00000| Untracked 
|  96|0x0000000706c00000, 0x0000000706c00000, 0x0000000706d00000|  0%| F|  |TAMS 0x0000000706c00000, 0x0000000706c00000| Untracked 
|  97|0x0000000706d00000, 0x0000000706d00000, 0x0000000706e00000|  0%| F|  |TAMS 0x0000000706d00000, 0x0000000706d00000| Untracked 
|  98|0x0000000706e00000, 0x0000000706e00000, 0x0000000706f00000|  0%| F|  |TAMS 0x0000000706e00000, 0x0000000706e00000| Untracked 
|  99|0x0000000706f00000, 0x0000000706f00000, 0x0000000707000000|  0%| F|  |TAMS 0x0000000706f00000, 0x0000000706f00000| Untracked 
| 100|0x0000000707000000, 0x0000000707000000, 0x0000000707100000|  0%| F|  |TAMS 0x0000000707000000, 0x0000000707000000| Untracked 
| 101|0x0000000707100000, 0x0000000707100000, 0x0000000707200000|  0%| F|  |TAMS 0x0000000707100000, 0x0000000707100000| Untracked 
| 102|0x0000000707200000, 0x0000000707200000, 0x0000000707300000|  0%| F|  |TAMS 0x0000000707200000, 0x0000000707200000| Untracked 
| 103|0x0000000707300000, 0x0000000707300000, 0x0000000707400000|  0%| F|  |TAMS 0x0000000707300000, 0x0000000707300000| Untracked 
| 104|0x0000000707400000, 0x0000000707400000, 0x0000000707500000|  0%| F|  |TAMS 0x0000000707400000, 0x0000000707400000| Untracked 
| 105|0x0000000707500000, 0x0000000707500000, 0x0000000707600000|  0%| F|  |TAMS 0x0000000707500000, 0x0000000707500000| Untracked 
| 106|0x0000000707600000, 0x0000000707600000, 0x0000000707700000|  0%| F|  |TAMS 0x0000000707600000, 0x0000000707600000| Untracked 
| 107|0x0000000707700000, 0x0000000707700000, 0x0000000707800000|  0%| F|  |TAMS 0x0000000707700000, 0x0000000707700000| Untracked 
| 108|0x0000000707800000, 0x0000000707800000, 0x0000000707900000|  0%| F|  |TAMS 0x0000000707800000, 0x0000000707800000| Untracked 
| 109|0x0000000707900000, 0x0000000707900000, 0x0000000707a00000|  0%| F|  |TAMS 0x0000000707900000, 0x0000000707900000| Untracked 
| 110|0x0000000707a00000, 0x0000000707a00000, 0x0000000707b00000|  0%| F|  |TAMS 0x0000000707a00000, 0x0000000707a00000| Untracked 
| 111|0x0000000707b00000, 0x0000000707b00000, 0x0000000707c00000|  0%| F|  |TAMS 0x0000000707b00000, 0x0000000707b00000| Untracked 
| 112|0x0000000707c00000, 0x0000000707c00000, 0x0000000707d00000|  0%| F|  |TAMS 0x0000000707c00000, 0x0000000707c00000| Untracked 
| 113|0x0000000707d00000, 0x0000000707d00000, 0x0000000707e00000|  0%| F|  |TAMS 0x0000000707d00000, 0x0000000707d00000| Untracked 
| 114|0x0000000707e00000, 0x0000000707e00000, 0x0000000707f00000|  0%| F|  |TAMS 0x0000000707e00000, 0x0000000707e00000| Untracked 
| 115|0x0000000707f00000, 0x0000000707f00000, 0x0000000708000000|  0%| F|  |TAMS 0x0000000707f00000, 0x0000000707f00000| Untracked 
| 116|0x0000000708000000, 0x0000000708000000, 0x0000000708100000|  0%| F|  |TAMS 0x0000000708000000, 0x0000000708000000| Untracked 
| 117|0x0000000708100000, 0x0000000708100000, 0x0000000708200000|  0%| F|  |TAMS 0x0000000708100000, 0x0000000708100000| Untracked 
| 118|0x0000000708200000, 0x0000000708200000, 0x0000000708300000|  0%| F|  |TAMS 0x0000000708200000, 0x0000000708200000| Untracked 
| 119|0x0000000708300000, 0x0000000708300000, 0x0000000708400000|  0%| F|  |TAMS 0x0000000708300000, 0x0000000708300000| Untracked 
| 120|0x0000000708400000, 0x0000000708400000, 0x0000000708500000|  0%| F|  |TAMS 0x0000000708400000, 0x0000000708400000| Untracked 
| 121|0x0000000708500000, 0x0000000708500000, 0x0000000708600000|  0%| F|  |TAMS 0x0000000708500000, 0x0000000708500000| Untracked 
| 122|0x0000000708600000, 0x0000000708600000, 0x0000000708700000|  0%| F|  |TAMS 0x0000000708600000, 0x0000000708600000| Untracked 
| 123|0x0000000708700000, 0x0000000708700000, 0x0000000708800000|  0%| F|  |TAMS 0x0000000708700000, 0x0000000708700000| Untracked 
| 124|0x0000000708800000, 0x0000000708800000, 0x0000000708900000|  0%| F|  |TAMS 0x0000000708800000, 0x0000000708800000| Untracked 
| 125|0x0000000708900000, 0x0000000708900000, 0x0000000708a00000|  0%| F|  |TAMS 0x0000000708900000, 0x0000000708900000| Untracked 
| 126|0x0000000708a00000, 0x0000000708a00000, 0x0000000708b00000|  0%| F|  |TAMS 0x0000000708a00000, 0x0000000708a00000| Untracked 
| 127|0x0000000708b00000, 0x0000000708b00000, 0x0000000708c00000|  0%| F|  |TAMS 0x0000000708b00000, 0x0000000708b00000| Untracked 
| 128|0x0000000708c00000, 0x0000000708c00000, 0x0000000708d00000|  0%| F|  |TAMS 0x0000000708c00000, 0x0000000708c00000| Untracked 
| 129|0x0000000708d00000, 0x0000000708d00000, 0x0000000708e00000|  0%| F|  |TAMS 0x0000000708d00000, 0x0000000708d00000| Untracked 
| 130|0x0000000708e00000, 0x0000000708e00000, 0x0000000708f00000|  0%| F|  |TAMS 0x0000000708e00000, 0x0000000708e00000| Untracked 
| 131|0x0000000708f00000, 0x0000000708f00000, 0x0000000709000000|  0%| F|  |TAMS 0x0000000708f00000, 0x0000000708f00000| Untracked 
| 132|0x0000000709000000, 0x0000000709000000, 0x0000000709100000|  0%| F|  |TAMS 0x0000000709000000, 0x0000000709000000| Untracked 
| 133|0x0000000709100000, 0x0000000709100000, 0x0000000709200000|  0%| F|  |TAMS 0x0000000709100000, 0x0000000709100000| Untracked 
| 134|0x0000000709200000, 0x0000000709200000, 0x0000000709300000|  0%| F|  |TAMS 0x0000000709200000, 0x0000000709200000| Untracked 
| 135|0x0000000709300000, 0x0000000709300000, 0x0000000709400000|  0%| F|  |TAMS 0x0000000709300000, 0x0000000709300000| Untracked 
| 136|0x0000000709400000, 0x0000000709400000, 0x0000000709500000|  0%| F|  |TAMS 0x0000000709400000, 0x0000000709400000| Untracked 
| 137|0x0000000709500000, 0x0000000709500000, 0x0000000709600000|  0%| F|  |TAMS 0x0000000709500000, 0x0000000709500000| Untracked 
| 138|0x0000000709600000, 0x0000000709600000, 0x0000000709700000|  0%| F|  |TAMS 0x0000000709600000, 0x0000000709600000| Untracked 
| 139|0x0000000709700000, 0x0000000709700000, 0x0000000709800000|  0%| F|  |TAMS 0x0000000709700000, 0x0000000709700000| Untracked 
| 140|0x0000000709800000, 0x0000000709800000, 0x0000000709900000|  0%| F|  |TAMS 0x0000000709800000, 0x0000000709800000| Untracked 
| 141|0x0000000709900000, 0x0000000709900000, 0x0000000709a00000|  0%| F|  |TAMS 0x0000000709900000, 0x0000000709900000| Untracked 
| 142|0x0000000709a00000, 0x0000000709a00000, 0x0000000709b00000|  0%| F|  |TAMS 0x0000000709a00000, 0x0000000709a00000| Untracked 
| 143|0x0000000709b00000, 0x0000000709b00000, 0x0000000709c00000|  0%| F|  |TAMS 0x0000000709b00000, 0x0000000709b00000| Untracked 
| 144|0x0000000709c00000, 0x0000000709c00000, 0x0000000709d00000|  0%| F|  |TAMS 0x0000000709c00000, 0x0000000709c00000| Untracked 
| 145|0x0000000709d00000, 0x0000000709d00000, 0x0000000709e00000|  0%| F|  |TAMS 0x0000000709d00000, 0x0000000709d00000| Untracked 
| 146|0x0000000709e00000, 0x0000000709e00000, 0x0000000709f00000|  0%| F|  |TAMS 0x0000000709e00000, 0x0000000709e00000| Untracked 
| 147|0x0000000709f00000, 0x0000000709f00000, 0x000000070a000000|  0%| F|  |TAMS 0x0000000709f00000, 0x0000000709f00000| Untracked 
| 148|0x000000070a000000, 0x000000070a000000, 0x000000070a100000|  0%| F|  |TAMS 0x000000070a000000, 0x000000070a000000| Untracked 
| 149|0x000000070a100000, 0x000000070a100000, 0x000000070a200000|  0%| F|  |TAMS 0x000000070a100000, 0x000000070a100000| Untracked 
| 150|0x000000070a200000, 0x000000070a200000, 0x000000070a300000|  0%| F|  |TAMS 0x000000070a200000, 0x000000070a200000| Untracked 
| 151|0x000000070a300000, 0x000000070a300000, 0x000000070a400000|  0%| F|  |TAMS 0x000000070a300000, 0x000000070a300000| Untracked 
| 152|0x000000070a400000, 0x000000070a400000, 0x000000070a500000|  0%| F|  |TAMS 0x000000070a400000, 0x000000070a400000| Untracked 
| 153|0x000000070a500000, 0x000000070a500000, 0x000000070a600000|  0%| F|  |TAMS 0x000000070a500000, 0x000000070a500000| Untracked 
| 154|0x000000070a600000, 0x000000070a600000, 0x000000070a700000|  0%| F|  |TAMS 0x000000070a600000, 0x000000070a600000| Untracked 
| 155|0x000000070a700000, 0x000000070a700000, 0x000000070a800000|  0%| F|  |TAMS 0x000000070a700000, 0x000000070a700000| Untracked 
| 156|0x000000070a800000, 0x000000070a800000, 0x000000070a900000|  0%| F|  |TAMS 0x000000070a800000, 0x000000070a800000| Untracked 
| 157|0x000000070a900000, 0x000000070a900000, 0x000000070aa00000|  0%| F|  |TAMS 0x000000070a900000, 0x000000070a900000| Untracked 
| 158|0x000000070aa00000, 0x000000070aa00000, 0x000000070ab00000|  0%| F|  |TAMS 0x000000070aa00000, 0x000000070aa00000| Untracked 
| 159|0x000000070ab00000, 0x000000070ab00000, 0x000000070ac00000|  0%| F|  |TAMS 0x000000070ab00000, 0x000000070ab00000| Untracked 
| 160|0x000000070ac00000, 0x000000070ac00000, 0x000000070ad00000|  0%| F|  |TAMS 0x000000070ac00000, 0x000000070ac00000| Untracked 
| 161|0x000000070ad00000, 0x000000070ad00000, 0x000000070ae00000|  0%| F|  |TAMS 0x000000070ad00000, 0x000000070ad00000| Untracked 
| 162|0x000000070ae00000, 0x000000070ae00000, 0x000000070af00000|  0%| F|  |TAMS 0x000000070ae00000, 0x000000070ae00000| Untracked 
| 163|0x000000070af00000, 0x000000070af00000, 0x000000070b000000|  0%| F|  |TAMS 0x000000070af00000, 0x000000070af00000| Untracked 
| 164|0x000000070b000000, 0x000000070b000000, 0x000000070b100000|  0%| F|  |TAMS 0x000000070b000000, 0x000000070b000000| Untracked 
| 165|0x000000070b100000, 0x000000070b100000, 0x000000070b200000|  0%| F|  |TAMS 0x000000070b100000, 0x000000070b100000| Untracked 
| 166|0x000000070b200000, 0x000000070b200000, 0x000000070b300000|  0%| F|  |TAMS 0x000000070b200000, 0x000000070b200000| Untracked 
| 167|0x000000070b300000, 0x000000070b300000, 0x000000070b400000|  0%| F|  |TAMS 0x000000070b300000, 0x000000070b300000| Untracked 
| 168|0x000000070b400000, 0x000000070b400000, 0x000000070b500000|  0%| F|  |TAMS 0x000000070b400000, 0x000000070b400000| Untracked 
| 169|0x000000070b500000, 0x000000070b500000, 0x000000070b600000|  0%| F|  |TAMS 0x000000070b500000, 0x000000070b500000| Untracked 
| 170|0x000000070b600000, 0x000000070b600000, 0x000000070b700000|  0%| F|  |TAMS 0x000000070b600000, 0x000000070b600000| Untracked 
| 171|0x000000070b700000, 0x000000070b700000, 0x000000070b800000|  0%| F|  |TAMS 0x000000070b700000, 0x000000070b700000| Untracked 
| 172|0x000000070b800000, 0x000000070b800000, 0x000000070b900000|  0%| F|  |TAMS 0x000000070b800000, 0x000000070b800000| Untracked 
| 173|0x000000070b900000, 0x000000070b900000, 0x000000070ba00000|  0%| F|  |TAMS 0x000000070b900000, 0x000000070b900000| Untracked 
| 174|0x000000070ba00000, 0x000000070ba00000, 0x000000070bb00000|  0%| F|  |TAMS 0x000000070ba00000, 0x000000070ba00000| Untracked 
| 175|0x000000070bb00000, 0x000000070bb00000, 0x000000070bc00000|  0%| F|  |TAMS 0x000000070bb00000, 0x000000070bb00000| Untracked 
| 176|0x000000070bc00000, 0x000000070bc00000, 0x000000070bd00000|  0%| F|  |TAMS 0x000000070bc00000, 0x000000070bc00000| Untracked 
| 177|0x000000070bd00000, 0x000000070bd00000, 0x000000070be00000|  0%| F|  |TAMS 0x000000070bd00000, 0x000000070bd00000| Untracked 
| 178|0x000000070be00000, 0x000000070be00000, 0x000000070bf00000|  0%| F|  |TAMS 0x000000070be00000, 0x000000070be00000| Untracked 
| 179|0x000000070bf00000, 0x000000070bf00000, 0x000000070c000000|  0%| F|  |TAMS 0x000000070bf00000, 0x000000070bf00000| Untracked 
| 180|0x000000070c000000, 0x000000070c000000, 0x000000070c100000|  0%| F|  |TAMS 0x000000070c000000, 0x000000070c000000| Untracked 
| 181|0x000000070c100000, 0x000000070c100000, 0x000000070c200000|  0%| F|  |TAMS 0x000000070c100000, 0x000000070c100000| Untracked 
| 182|0x000000070c200000, 0x000000070c200000, 0x000000070c300000|  0%| F|  |TAMS 0x000000070c200000, 0x000000070c200000| Untracked 
| 183|0x000000070c300000, 0x000000070c300000, 0x000000070c400000|  0%| F|  |TAMS 0x000000070c300000, 0x000000070c300000| Untracked 
| 184|0x000000070c400000, 0x000000070c400000, 0x000000070c500000|  0%| F|  |TAMS 0x000000070c400000, 0x000000070c400000| Untracked 
| 185|0x000000070c500000, 0x000000070c500000, 0x000000070c600000|  0%| F|  |TAMS 0x000000070c500000, 0x000000070c500000| Untracked 
| 186|0x000000070c600000, 0x000000070c600000, 0x000000070c700000|  0%| F|  |TAMS 0x000000070c600000, 0x000000070c600000| Untracked 
| 187|0x000000070c700000, 0x000000070c700000, 0x000000070c800000|  0%| F|  |TAMS 0x000000070c700000, 0x000000070c700000| Untracked 
| 188|0x000000070c800000, 0x000000070c800000, 0x000000070c900000|  0%| F|  |TAMS 0x000000070c800000, 0x000000070c800000| Untracked 
| 189|0x000000070c900000, 0x000000070c900000, 0x000000070ca00000|  0%| F|  |TAMS 0x000000070c900000, 0x000000070c900000| Untracked 
| 190|0x000000070ca00000, 0x000000070ca00000, 0x000000070cb00000|  0%| F|  |TAMS 0x000000070ca00000, 0x000000070ca00000| Untracked 
| 191|0x000000070cb00000, 0x000000070cb00000, 0x000000070cc00000|  0%| F|  |TAMS 0x000000070cb00000, 0x000000070cb00000| Untracked 
| 192|0x000000070cc00000, 0x000000070cc00000, 0x000000070cd00000|  0%| F|  |TAMS 0x000000070cc00000, 0x000000070cc00000| Untracked 
| 193|0x000000070cd00000, 0x000000070cd00000, 0x000000070ce00000|  0%| F|  |TAMS 0x000000070cd00000, 0x000000070cd00000| Untracked 
| 194|0x000000070ce00000, 0x000000070ce00000, 0x000000070cf00000|  0%| F|  |TAMS 0x000000070ce00000, 0x000000070ce00000| Untracked 
| 195|0x000000070cf00000, 0x000000070cf00000, 0x000000070d000000|  0%| F|  |TAMS 0x000000070cf00000, 0x000000070cf00000| Untracked 
| 196|0x000000070d000000, 0x000000070d000000, 0x000000070d100000|  0%| F|  |TAMS 0x000000070d000000, 0x000000070d000000| Untracked 
| 197|0x000000070d100000, 0x000000070d100000, 0x000000070d200000|  0%| F|  |TAMS 0x000000070d100000, 0x000000070d100000| Untracked 
| 198|0x000000070d200000, 0x000000070d200000, 0x000000070d300000|  0%| F|  |TAMS 0x000000070d200000, 0x000000070d200000| Untracked 
| 199|0x000000070d300000, 0x000000070d300000, 0x000000070d400000|  0%| F|  |TAMS 0x000000070d300000, 0x000000070d300000| Untracked 
| 200|0x000000070d400000, 0x000000070d400000, 0x000000070d500000|  0%| F|  |TAMS 0x000000070d400000, 0x000000070d400000| Untracked 
| 201|0x000000070d500000, 0x000000070d500000, 0x000000070d600000|  0%| F|  |TAMS 0x000000070d500000, 0x000000070d500000| Untracked 
| 202|0x000000070d600000, 0x000000070d600000, 0x000000070d700000|  0%| F|  |TAMS 0x000000070d600000, 0x000000070d600000| Untracked 
| 203|0x000000070d700000, 0x000000070d700000, 0x000000070d800000|  0%| F|  |TAMS 0x000000070d700000, 0x000000070d700000| Untracked 
| 204|0x000000070d800000, 0x000000070d800000, 0x000000070d900000|  0%| F|  |TAMS 0x000000070d800000, 0x000000070d800000| Untracked 
| 205|0x000000070d900000, 0x000000070d900000, 0x000000070da00000|  0%| F|  |TAMS 0x000000070d900000, 0x000000070d900000| Untracked 
| 206|0x000000070da00000, 0x000000070da00000, 0x000000070db00000|  0%| F|  |TAMS 0x000000070da00000, 0x000000070da00000| Untracked 
| 207|0x000000070db00000, 0x000000070db00000, 0x000000070dc00000|  0%| F|  |TAMS 0x000000070db00000, 0x000000070db00000| Untracked 
| 208|0x000000070dc00000, 0x000000070dc00000, 0x000000070dd00000|  0%| F|  |TAMS 0x000000070dc00000, 0x000000070dc00000| Untracked 
| 209|0x000000070dd00000, 0x000000070dd00000, 0x000000070de00000|  0%| F|  |TAMS 0x000000070dd00000, 0x000000070dd00000| Untracked 
| 210|0x000000070de00000, 0x000000070de00000, 0x000000070df00000|  0%| F|  |TAMS 0x000000070de00000, 0x000000070de00000| Untracked 
| 211|0x000000070df00000, 0x000000070df00000, 0x000000070e000000|  0%| F|  |TAMS 0x000000070df00000, 0x000000070df00000| Untracked 
| 212|0x000000070e000000, 0x000000070e000000, 0x000000070e100000|  0%| F|  |TAMS 0x000000070e000000, 0x000000070e000000| Untracked 
| 213|0x000000070e100000, 0x000000070e100000, 0x000000070e200000|  0%| F|  |TAMS 0x000000070e100000, 0x000000070e100000| Untracked 
| 214|0x000000070e200000, 0x000000070e200000, 0x000000070e300000|  0%| F|  |TAMS 0x000000070e200000, 0x000000070e200000| Untracked 
| 215|0x000000070e300000, 0x000000070e300000, 0x000000070e400000|  0%| F|  |TAMS 0x000000070e300000, 0x000000070e300000| Untracked 
| 216|0x000000070e400000, 0x000000070e400000, 0x000000070e500000|  0%| F|  |TAMS 0x000000070e400000, 0x000000070e400000| Untracked 
| 217|0x000000070e500000, 0x000000070e500000, 0x000000070e600000|  0%| F|  |TAMS 0x000000070e500000, 0x000000070e500000| Untracked 
| 218|0x000000070e600000, 0x000000070e600000, 0x000000070e700000|  0%| F|  |TAMS 0x000000070e600000, 0x000000070e600000| Untracked 
| 219|0x000000070e700000, 0x000000070e700000, 0x000000070e800000|  0%| F|  |TAMS 0x000000070e700000, 0x000000070e700000| Untracked 
| 220|0x000000070e800000, 0x000000070e800000, 0x000000070e900000|  0%| F|  |TAMS 0x000000070e800000, 0x000000070e800000| Untracked 
| 221|0x000000070e900000, 0x000000070e900000, 0x000000070ea00000|  0%| F|  |TAMS 0x000000070e900000, 0x000000070e900000| Untracked 
| 222|0x000000070ea00000, 0x000000070ea00000, 0x000000070eb00000|  0%| F|  |TAMS 0x000000070ea00000, 0x000000070ea00000| Untracked 
| 223|0x000000070eb00000, 0x000000070eb00000, 0x000000070ec00000|  0%| F|  |TAMS 0x000000070eb00000, 0x000000070eb00000| Untracked 
| 224|0x000000070ec00000, 0x000000070ec00000, 0x000000070ed00000|  0%| F|  |TAMS 0x000000070ec00000, 0x000000070ec00000| Untracked 
| 225|0x000000070ed00000, 0x000000070ed00000, 0x000000070ee00000|  0%| F|  |TAMS 0x000000070ed00000, 0x000000070ed00000| Untracked 
| 226|0x000000070ee00000, 0x000000070ee00000, 0x000000070ef00000|  0%| F|  |TAMS 0x000000070ee00000, 0x000000070ee00000| Untracked 
| 227|0x000000070ef00000, 0x000000070ef00000, 0x000000070f000000|  0%| F|  |TAMS 0x000000070ef00000, 0x000000070ef00000| Untracked 
| 228|0x000000070f000000, 0x000000070f000000, 0x000000070f100000|  0%| F|  |TAMS 0x000000070f000000, 0x000000070f000000| Untracked 
| 229|0x000000070f100000, 0x000000070f100000, 0x000000070f200000|  0%| F|  |TAMS 0x000000070f100000, 0x000000070f100000| Untracked 
| 230|0x000000070f200000, 0x000000070f200000, 0x000000070f300000|  0%| F|  |TAMS 0x000000070f200000, 0x000000070f200000| Untracked 
| 231|0x000000070f300000, 0x000000070f300000, 0x000000070f400000|  0%| F|  |TAMS 0x000000070f300000, 0x000000070f300000| Untracked 
| 232|0x000000070f400000, 0x000000070f400000, 0x000000070f500000|  0%| F|  |TAMS 0x000000070f400000, 0x000000070f400000| Untracked 
| 233|0x000000070f500000, 0x000000070f500000, 0x000000070f600000|  0%| F|  |TAMS 0x000000070f500000, 0x000000070f500000| Untracked 
| 234|0x000000070f600000, 0x000000070f600000, 0x000000070f700000|  0%| F|  |TAMS 0x000000070f600000, 0x000000070f600000| Untracked 
| 235|0x000000070f700000, 0x000000070f700000, 0x000000070f800000|  0%| F|  |TAMS 0x000000070f700000, 0x000000070f700000| Untracked 
| 236|0x000000070f800000, 0x000000070f800000, 0x000000070f900000|  0%| F|  |TAMS 0x000000070f800000, 0x000000070f800000| Untracked 
| 237|0x000000070f900000, 0x000000070f900000, 0x000000070fa00000|  0%| F|  |TAMS 0x000000070f900000, 0x000000070f900000| Untracked 
| 238|0x000000070fa00000, 0x000000070fa00000, 0x000000070fb00000|  0%| F|  |TAMS 0x000000070fa00000, 0x000000070fa00000| Untracked 
| 239|0x000000070fb00000, 0x000000070fb7e4a8, 0x000000070fc00000| 49%| E|  |TAMS 0x000000070fb00000, 0x000000070fb00000| Complete 
| 240|0x000000070fc00000, 0x000000070fd00000, 0x000000070fd00000|100%| E|CS|TAMS 0x000000070fc00000, 0x000000070fc00000| Complete 
| 241|0x000000070fd00000, 0x000000070fe00000, 0x000000070fe00000|100%| E|CS|TAMS 0x000000070fd00000, 0x000000070fd00000| Complete 
| 242|0x000000070fe00000, 0x000000070ff00000, 0x000000070ff00000|100%| E|CS|TAMS 0x000000070fe00000, 0x000000070fe00000| Complete 
| 243|0x000000070ff00000, 0x0000000710000000, 0x0000000710000000|100%| E|CS|TAMS 0x000000070ff00000, 0x000000070ff00000| Complete 
| 244|0x0000000710000000, 0x0000000710100000, 0x0000000710100000|100%| E|CS|TAMS 0x0000000710000000, 0x0000000710000000| Complete 
| 245|0x0000000710100000, 0x0000000710200000, 0x0000000710200000|100%| E|  |TAMS 0x0000000710100000, 0x0000000710100000| Complete 
| 246|0x0000000710200000, 0x0000000710300000, 0x0000000710300000|100%| E|CS|TAMS 0x0000000710200000, 0x0000000710200000| Complete 
| 247|0x0000000710300000, 0x0000000710400000, 0x0000000710400000|100%| E|CS|TAMS 0x0000000710300000, 0x0000000710300000| Complete 
| 248|0x0000000710400000, 0x0000000710500000, 0x0000000710500000|100%| E|CS|TAMS 0x0000000710400000, 0x0000000710400000| Complete 
| 249|0x0000000710500000, 0x0000000710600000, 0x0000000710600000|100%| E|CS|TAMS 0x0000000710500000, 0x0000000710500000| Complete 
| 250|0x0000000710600000, 0x0000000710700000, 0x0000000710700000|100%| E|CS|TAMS 0x0000000710600000, 0x0000000710600000| Complete 
| 251|0x0000000710700000, 0x0000000710800000, 0x0000000710800000|100%| E|CS|TAMS 0x0000000710700000, 0x0000000710700000| Complete 
| 252|0x0000000710800000, 0x0000000710900000, 0x0000000710900000|100%| E|CS|TAMS 0x0000000710800000, 0x0000000710800000| Complete 
| 253|0x0000000710900000, 0x0000000710a00000, 0x0000000710a00000|100%| E|CS|TAMS 0x0000000710900000, 0x0000000710900000| Complete 
| 254|0x0000000710a00000, 0x0000000710b00000, 0x0000000710b00000|100%| E|CS|TAMS 0x0000000710a00000, 0x0000000710a00000| Complete 
| 255|0x0000000710b00000, 0x0000000710c00000, 0x0000000710c00000|100%| E|CS|TAMS 0x0000000710b00000, 0x0000000710b00000| Complete 

Card table byte_map: [0x000001d8e1ec0000,0x000001d8e26c0000] _byte_map_base: 0x000001d8de6ba000

Marking Bits (Prev, Next): (CMBitMap*) 0x000001d8c9dceb58, (CMBitMap*) 0x000001d8c9dceb98
 Prev Bits: [0x000001d8e2ec0000, 0x000001d8e6e90000)
 Next Bits: [0x000001d8e6e90000, 0x000001d8eae60000)

Polling page: 0x000001d8c79e0000

Metaspace:

Usage:
  Non-class:      8.29 MB capacity,     8.15 MB ( 98%) used,   113.99 KB (  1%) free+waste,    29.25 KB ( <1%) overhead. 
      Class:      1.14 MB capacity,  1017.05 KB ( 87%) used,   131.45 KB ( 11%) free+waste,    17.50 KB (  2%) overhead. 
       Both:      9.43 MB capacity,     9.14 MB ( 97%) used,   245.44 KB (  3%) free+waste,    46.75 KB ( <1%) overhead. 

Virtual space:
  Non-class space:       10.00 MB reserved,       8.50 MB ( 85%) committed 
      Class space:        1.00 GB reserved,       1.25 MB ( <1%) committed 
             Both:        1.01 GB reserved,       9.75 MB ( <1%) committed 

Chunk freelists:
   Non-Class:  2.75 KB
       Class:  2.25 KB
        Both:  5.00 KB

CodeHeap 'non-profiled nmethods': size=120000Kb used=523Kb max_used=523Kb free=119476Kb
 bounds [0x000001d8d9c40000, 0x000001d8d9eb0000, 0x000001d8e1170000]
CodeHeap 'profiled nmethods': size=120000Kb used=2593Kb max_used=2593Kb free=117406Kb
 bounds [0x000001d8d2710000, 0x000001d8d29a0000, 0x000001d8d9c40000]
CodeHeap 'non-nmethods': size=5760Kb used=1228Kb max_used=1243Kb free=4531Kb
 bounds [0x000001d8d2170000, 0x000001d8d23e0000, 0x000001d8d2710000]
 total_blobs=2243 nmethods=1413 adapters=503
 compilation: enabled
              stopped_count=0, restarted_count=0
 full_count=0

Compilation events (10 events):
Event: 3.512 Thread 0x000001d8ee4ba800 1411       3       java.nio.ByteBufferAsShortBufferB::get (26 bytes)
Event: 3.512 Thread 0x000001d8ee4ba800 nmethod 1411 0x000001d8d2997090 code [0x000001d8d2997280, 0x000001d8d2997750]
Event: 3.512 Thread 0x000001d8ee4ba800 1412       3       java.nio.ByteBufferAsShortBufferB::byteOffset (9 bytes)
Event: 3.513 Thread 0x000001d8ee4ba800 nmethod 1412 0x000001d8d2997990 code [0x000001d8d2997b40, 0x000001d8d2997cd8]
Event: 3.513 Thread 0x000001d8ee4ba800 1413       3       java.nio.ByteBufferAsIntBufferB::byteOffset (9 bytes)
Event: 3.513 Thread 0x000001d8ee4ba800 nmethod 1413 0x000001d8d2997d90 code [0x000001d8d2997f40, 0x000001d8d29980d8]
Event: 3.513 Thread 0x000001d8ee4ba800 1415       3       java.nio.HeapByteBuffer::ix (7 bytes)
Event: 3.513 Thread 0x000001d8ee4ba800 nmethod 1415 0x000001d8d2998190 code [0x000001d8d2998340, 0x000001d8d29984b8]
Event: 3.513 Thread 0x000001d8ee4ba800 1414       1       java.nio.Buffer::capacity (5 bytes)
Event: 3.513 Thread 0x000001d8ee4ba800 nmethod 1414 0x000001d8d9cc2b10 code [0x000001d8d9cc2cc0, 0x000001d8d9cc2df8]

GC Heap History (0 events):
No events

Deoptimization events (9 events):
Event: 0.122 Thread 0x000001d8c9d68000 Uncommon trap: reason=unstable_if action=reinterpret pc=0x000001d8d9c4e2a4 method=java.lang.String.isLatin1()Z @ 10 c2
Event: 0.149 Thread 0x000001d8c9d68000 Uncommon trap: reason=bimorphic_or_optimized_type_check action=maybe_recompile pc=0x000001d8d9c49bc4 method=java.util.AbstractCollection.isEmpty()Z @ 1 c2
Event: 0.149 Thread 0x000001d8c9d68000 Uncommon trap: reason=bimorphic_or_optimized_type_check action=maybe_recompile pc=0x000001d8d9c49bc4 method=java.util.AbstractCollection.isEmpty()Z @ 1 c2
Event: 0.150 Thread 0x000001d8c9d68000 Uncommon trap: reason=bimorphic_or_optimized_type_check action=maybe_recompile pc=0x000001d8d9c49bc4 method=java.util.AbstractCollection.isEmpty()Z @ 1 c2
Event: 0.150 Thread 0x000001d8c9d68000 Uncommon trap: reason=bimorphic_or_optimized_type_check action=maybe_recompile pc=0x000001d8d9c49bc4 method=java.util.AbstractCollection.isEmpty()Z @ 1 c2
Event: 0.507 Thread 0x000001d8eeae6800 Uncommon trap: reason=unstable_if action=reinterpret pc=0x000001d8d9c4d6e4 method=java.util.HashMap.putVal(ILjava/lang/Object;Ljava/lang/Object;ZZ)Ljava/lang/Object; @ 181 c2
Event: 0.559 Thread 0x000001d8c9d68000 Uncommon trap: reason=unstable_if action=reinterpret pc=0x000001d8d9c65fb8 method=java.lang.StringLatin1.replace([BCC)Ljava/lang/String; @ 19 c2
Event: 1.051 Thread 0x000001d8ee6df000 Uncommon trap: reason=unstable_if action=reinterpret pc=0x000001d8d9c80394 method=sun.awt.image.ByteInterleavedRaster.putByteData(IIII[B)V @ 79 c2
Event: 1.193 Thread 0x000001d8ee6df000 Uncommon trap: reason=unstable_if action=reinterpret pc=0x000001d8d9c8a984 method=com.sun.imageio.plugins.gif.GIFImageReader.read(ILjavax/imageio/ImageReadParam;)Ljava/awt/image/BufferedImage; @ 621 c2

Classes redefined (0 events):
No events

Internal exceptions (10 events):
Event: 0.475 Thread 0x000001d8c9d68000 Exception <a 'java/lang/NoSuchMethodError'{0x00000007107691d0}: java.lang.invoke.DirectMethodHandle$Holder.invokeStatic(Ljava/lang/Object;ILjava/lang/Object;Ljava/lang/Object;Ljava/lang/Object;)Ljava/lang/Object;> (0x00000007107691d0) thrown at [t:/worksp
Event: 0.475 Thread 0x000001d8c9d68000 Exception <a 'java/lang/NoSuchMethodError'{0x000000071076ca28}: java.lang.invoke.DirectMethodHandle$Holder.invokeSpecial(Ljava/lang/Object;Ljava/lang/Object;ILjava/lang/Object;Ljava/lang/Object;Ljava/lang/Object;)Ljava/lang/Object;> (0x000000071076ca28) t
Event: 0.494 Thread 0x000001d8c9d68000 Exception <a 'java/lang/ClassNotFoundException'{0x000000071062bd70}: com/sun/swing/internal/plaf/metal/resources/spi/metalProvider> (0x000000071062bd70) thrown at [t:/workspace/open/src/hotspot/share/classfile/systemDictionary.cpp, line 235]
Event: 0.495 Thread 0x000001d8c9d68000 Exception <a 'java/lang/ClassNotFoundException'{0x0000000710630018}: com/sun/swing/internal/plaf/basic/resources/spi/basicProvider> (0x0000000710630018) thrown at [t:/workspace/open/src/hotspot/share/classfile/systemDictionary.cpp, line 235]
Event: 0.527 Thread 0x000001d8c9d68000 Exception <a 'java/lang/NoSuchMethodError'{0x000000071050b740}: java.lang.invoke.DirectMethodHandle$Holder.invokeStaticInit(Ljava/lang/Object;)V> (0x000000071050b740) thrown at [t:/workspace/open/src/hotspot/share/interpreter/linkResolver.cpp, line 777]
Event: 0.555 Thread 0x000001d8c9d68000 Exception <a 'java/lang/NoSuchMethodError'{0x0000000710414ba0}: java.lang.invoke.Invokers$Holder.linkToTargetMethod(Ljava/lang/Object;ILjava/lang/Object;)Ljava/lang/Object;> (0x0000000710414ba0) thrown at [t:/workspace/open/src/hotspot/share/interpreter/l
Event: 0.598 Thread 0x000001d8ee6df000 Exception <a 'java/lang/NoSuchMethodError'{0x00000007104d6058}: java.lang.invoke.DirectMethodHandle$Holder.invokeStaticInit(Ljava/lang/Object;IIII)Ljava/lang/Object;> (0x00000007104d6058) thrown at [t:/workspace/open/src/hotspot/share/interpreter/linkReso
Event: 0.979 Thread 0x000001d8ee6df000 Exception <a 'java/lang/NoSuchMethodError'{0x000000071034baf0}: java.lang.invoke.DirectMethodHandle$Holder.invokeStaticInit(Ljava/lang/Object;Ljava/lang/Object;IIII)Ljava/lang/Object;> (0x000000071034baf0) thrown at [t:/workspace/open/src/hotspot/share/in
Event: 3.508 Thread 0x000001d8ee6df000 Exception <a 'java/io/FileNotFoundException'{0x000000070fc64bd0}> (0x000000070fc64bd0) thrown at [t:/workspace/open/src/hotspot/share/prims/jni.cpp, line 615]
Event: 3.513 Thread 0x000001d8ee6df000 Exception <a 'java/io/FileNotFoundException'{0x000000070fb10830}> (0x000000070fb10830) thrown at [t:/workspace/open/src/hotspot/share/prims/jni.cpp, line 615]

Events (10 events):
Event: 3.513 Executing VM operation: RevokeBias
Event: 3.513 Executing VM operation: RevokeBias done
Event: 3.513 Executing VM operation: RevokeBias
Event: 3.513 Executing VM operation: RevokeBias done
Event: 3.513 Executing VM operation: RevokeBias
Event: 3.513 Executing VM operation: RevokeBias done
Event: 3.513 loading class java/nio/channels/ClosedChannelException
Event: 3.513 loading class java/nio/channels/ClosedChannelException done
Event: 3.514 loading class sun/font/NullFontScaler
Event: 3.514 loading class sun/font/NullFontScaler done


Dynamic libraries:
0x00007ff6d3de0000 - 0x00007ff6d3def000 	C:\Program Files\Java\jdk-12\bin\java.exe
0x00007ff972f80000 - 0x00007ff973170000 	C:\WINDOWS\SYSTEM32\ntdll.dll
0x00007ff972a40000 - 0x00007ff972af2000 	C:\WINDOWS\System32\KERNEL32.DLL
0x00007ff9700b0000 - 0x00007ff970355000 	C:\WINDOWS\System32\KERNELBASE.dll
0x00007ff9707b0000 - 0x00007ff9708aa000 	C:\WINDOWS\System32\ucrtbase.dll
0x00007ff96a940000 - 0x00007ff96a958000 	C:\Program Files\Java\jdk-12\bin\jli.dll
0x00007ff969de0000 - 0x00007ff969df6000 	C:\Program Files\Java\jdk-12\bin\VCRUNTIME140.dll
0x00007ff971030000 - 0x00007ff9710d3000 	C:\WINDOWS\System32\ADVAPI32.dll
0x00007ff972ea0000 - 0x00007ff972f3e000 	C:\WINDOWS\System32\msvcrt.dll
0x00007ff9710f0000 - 0x00007ff971187000 	C:\WINDOWS\System32\sechost.dll
0x00007ff9726a0000 - 0x00007ff9727bf000 	C:\WINDOWS\System32\RPCRT4.dll
0x00007ff971210000 - 0x00007ff9713a4000 	C:\WINDOWS\System32\USER32.dll
0x00007ff9630c0000 - 0x00007ff963344000 	C:\WINDOWS\WinSxS\amd64_microsoft.windows.common-controls_6595b64144ccf1df_6.0.18362.1440_none_9e7dbfb9e45e8e67\COMCTL32.dll
0x00007ff970360000 - 0x00007ff970381000 	C:\WINDOWS\System32\win32u.dll
0x00007ff9719d0000 - 0x00007ff971d06000 	C:\WINDOWS\System32\combase.dll
0x00007ff9727c0000 - 0x00007ff9727e6000 	C:\WINDOWS\System32\GDI32.dll
0x00007ff970720000 - 0x00007ff9707a1000 	C:\WINDOWS\System32\bcryptPrimitives.dll
0x00007ff9703b0000 - 0x00007ff970548000 	C:\WINDOWS\System32\gdi32full.dll
0x00007ff970630000 - 0x00007ff9706ce000 	C:\WINDOWS\System32\msvcp_win.dll
0x00007ff96b820000 - 0x00007ff96b82a000 	C:\WINDOWS\SYSTEM32\VERSION.dll
0x00007ff9727f0000 - 0x00007ff97281e000 	C:\WINDOWS\System32\IMM32.DLL
0x00007ff969d10000 - 0x00007ff969dba000 	C:\Program Files\Java\jdk-12\bin\msvcp140.dll
0x00007ff91ed20000 - 0x00007ff91f894000 	C:\Program Files\Java\jdk-12\bin\server\jvm.dll
0x00007ff95f230000 - 0x00007ff95f239000 	C:\WINDOWS\SYSTEM32\WSOCK32.dll
0x00007ff972970000 - 0x00007ff9729df000 	C:\WINDOWS\System32\WS2_32.dll
0x00007ff9710e0000 - 0x00007ff9710e8000 	C:\WINDOWS\System32\PSAPI.DLL
0x00007ff9607f0000 - 0x00007ff960814000 	C:\WINDOWS\SYSTEM32\WINMM.dll
0x00007ff9657a0000 - 0x00007ff9657cd000 	C:\WINDOWS\SYSTEM32\WINMMBASE.dll
0x00007ff9706d0000 - 0x00007ff97071a000 	C:\WINDOWS\System32\cfgmgr32.dll
0x00007ff96fe40000 - 0x00007ff96fe51000 	C:\WINDOWS\System32\kernel.appcore.dll
0x00007ff969cf0000 - 0x00007ff969d01000 	C:\Program Files\Java\jdk-12\bin\verify.dll
0x00007ff96b3e0000 - 0x00007ff96b5d4000 	C:\WINDOWS\SYSTEM32\DBGHELP.DLL
0x00007ff96b320000 - 0x00007ff96b34a000 	C:\WINDOWS\SYSTEM32\dbgcore.DLL
0x00007ff969cc0000 - 0x00007ff969ce6000 	C:\Program Files\Java\jdk-12\bin\java.dll
0x00007ff96c170000 - 0x00007ff96c17e000 	C:\Program Files\Java\jdk-12\bin\instrument.dll
0x00007ff969ca0000 - 0x00007ff969cb7000 	C:\Program Files\Java\jdk-12\bin\zip.dll
0x00007ff96c240000 - 0x00007ff96c24a000 	C:\Program Files\Java\jdk-12\bin\jimage.dll
0x00007ff971d20000 - 0x00007ff972408000 	C:\WINDOWS\System32\SHELL32.dll
0x00007ff972c90000 - 0x00007ff972d37000 	C:\WINDOWS\System32\shcore.dll
0x00007ff9708b0000 - 0x00007ff97102b000 	C:\WINDOWS\System32\windows.storage.dll
0x00007ff96fed0000 - 0x00007ff96feee000 	C:\WINDOWS\System32\profapi.dll
0x00007ff96fe60000 - 0x00007ff96feaa000 	C:\WINDOWS\System32\powrprof.dll
0x00007ff96fe30000 - 0x00007ff96fe40000 	C:\WINDOWS\System32\UMPDC.dll
0x00007ff9729e0000 - 0x00007ff972a32000 	C:\WINDOWS\System32\shlwapi.dll
0x00007ff970390000 - 0x00007ff9703a7000 	C:\WINDOWS\System32\cryptsp.dll
0x00007ff95dc60000 - 0x00007ff95dc79000 	C:\Program Files\Java\jdk-12\bin\net.dll
0x00007ff964290000 - 0x00007ff964467000 	C:\WINDOWS\SYSTEM32\urlmon.dll
0x00007ff968510000 - 0x00007ff96860a000 	C:\WINDOWS\SYSTEM32\WINHTTP.dll
0x00007ff963db0000 - 0x00007ff964057000 	C:\WINDOWS\SYSTEM32\iertutil.dll
0x00007ff96f840000 - 0x00007ff96f84c000 	C:\WINDOWS\SYSTEM32\CRYPTBASE.DLL
0x00007ff96f670000 - 0x00007ff96f6d7000 	C:\WINDOWS\system32\mswsock.dll
0x00007ff95dc40000 - 0x00007ff95dc53000 	C:\Program Files\Java\jdk-12\bin\nio.dll
0x00007ff95db70000 - 0x00007ff95db8a000 	H:\Program Files\JetBrains\IntelliJ IDEA 2020.1\bin\breakgen64.dll
0x00007ff93cda0000 - 0x00007ff93cf3f000 	C:\Program Files\Java\jdk-12\bin\awt.dll
0x00007ff972410000 - 0x00007ff9724d5000 	C:\WINDOWS\System32\OLEAUT32.dll
0x00007ff96cc70000 - 0x00007ff96d230000 	C:\WINDOWS\SYSTEM32\d2d1.dll
0x00007ff96e0b0000 - 0x00007ff96e13f000 	C:\WINDOWS\SYSTEM32\apphelp.dll
0x00007ff96e5a0000 - 0x00007ff96e5cd000 	C:\WINDOWS\system32\DWMAPI.DLL
0x00007ff96e180000 - 0x00007ff96e219000 	C:\WINDOWS\system32\uxtheme.dll
0x00007ff948b50000 - 0x00007ff948ca6000 	C:\WINDOWS\system32\opengl32.dll
0x00007ff95d8f0000 - 0x00007ff95d91c000 	C:\WINDOWS\SYSTEM32\GLU32.dll
0x00007ff96ea70000 - 0x00007ff96ea90000 	C:\WINDOWS\SYSTEM32\dxcore.dll
0x00007ff9724e0000 - 0x00007ff972615000 	C:\WINDOWS\System32\MSCTF.dll
0x0000000180000000 - 0x0000000180256000 	H:\Program Files (x86)\RivaTuner Statistics Server\RTSSHooks64.dll
0x00007ff972d40000 - 0x00007ff972e97000 	C:\WINDOWS\System32\ole32.dll
0x00007ff94f680000 - 0x00007ff94f847000 	C:\WINDOWS\system32\d3d9.dll
0x00007ff96feb0000 - 0x00007ff96fec2000 	C:\WINDOWS\System32\msasn1.dll
0x00007ff96b7c0000 - 0x00007ff96b7ef000 	C:\WINDOWS\SYSTEM32\cryptnet.dll
0x00007ff96ff50000 - 0x00007ff9700a1000 	C:\WINDOWS\System32\CRYPT32.dll
0x00007ff96fef0000 - 0x00007ff96ff4c000 	C:\WINDOWS\System32\WINTRUST.DLL
0x00007ff972c70000 - 0x00007ff972c8d000 	C:\WINDOWS\System32\imagehlp.dll
0x00007ff96f190000 - 0x00007ff96f1c3000 	C:\WINDOWS\system32\rsaenh.dll
0x00007ff970600000 - 0x00007ff970626000 	C:\WINDOWS\System32\bcrypt.dll
0x00007ff9447a0000 - 0x00007ff944a59000 	C:\WINDOWS\system32\nvspcap64.dll
0x00007ff96ee70000 - 0x00007ff96eea1000 	C:\WINDOWS\SYSTEM32\ntmarta.dll
0x00007ff96ea20000 - 0x00007ff96ea42000 	C:\WINDOWS\SYSTEM32\gpapi.dll
0x00007ff95daf0000 - 0x00007ff95db70000 	C:\Program Files\Java\jdk-12\bin\freetype.dll
0x00007ff957ac0000 - 0x00007ff957b2f000 	C:\Program Files\Java\jdk-12\bin\fontmanager.dll
0x00007ff95a1e0000 - 0x00007ff95a27d000 	C:\WINDOWS\System32\TextInputFramework.dll
0x00007ff95a950000 - 0x00007ff95ac7a000 	C:\WINDOWS\System32\CoreUIComponents.dll
0x00007ff96de40000 - 0x00007ff96df14000 	C:\WINDOWS\System32\CoreMessaging.dll
0x00007ff96c3b0000 - 0x00007ff96c502000 	C:\WINDOWS\SYSTEM32\wintypes.dll
0x00007ff96fd50000 - 0x00007ff96fd75000 	C:\WINDOWS\SYSTEM32\USERENV.dll
0x00007ff96f380000 - 0x00007ff96f3ba000 	C:\WINDOWS\SYSTEM32\IPHLPAPI.DLL
0x00007ff971d10000 - 0x00007ff971d18000 	C:\WINDOWS\System32\NSI.dll
0x00007ff96bcf0000 - 0x00007ff96bd06000 	C:\WINDOWS\SYSTEM32\dhcpcsvc6.DLL
0x00007ff96bcd0000 - 0x00007ff96bcec000 	C:\WINDOWS\SYSTEM32\dhcpcsvc.DLL
0x00007ff96f3d0000 - 0x00007ff96f49b000 	C:\WINDOWS\SYSTEM32\DNSAPI.dll
0x00007ff95d550000 - 0x00007ff95d562000 	C:\Program Files\Java\jdk-12\bin\jsound.dll
0x00007ff919b20000 - 0x00007ff919bb9000 	C:\WINDOWS\SYSTEM32\DSOUND.dll
0x00007ff972bc0000 - 0x00007ff972c62000 	C:\WINDOWS\System32\clbcatq.dll
0x00007ff96bd20000 - 0x00007ff96bd92000 	C:\WINDOWS\System32\MMDevApi.dll
0x00007ff96fc10000 - 0x00007ff96fc3a000 	C:\WINDOWS\System32\DEVOBJ.dll
0x00007ff928980000 - 0x00007ff9289c4000 	C:\WINDOWS\SYSTEM32\wdmaud.drv
0x00007ff95c8d0000 - 0x00007ff95c8d9000 	C:\WINDOWS\SYSTEM32\ksuser.dll
0x00007ff9660b0000 - 0x00007ff9660ba000 	C:\WINDOWS\SYSTEM32\AVRT.dll
0x00007ff96bf90000 - 0x00007ff96c0ef000 	C:\WINDOWS\SYSTEM32\AUDIOSES.DLL
0x00007ff943e60000 - 0x00007ff943e6d000 	C:\WINDOWS\SYSTEM32\msacm32.drv
0x00007ff92a6a0000 - 0x00007ff92a6bc000 	C:\WINDOWS\SYSTEM32\MSACM32.dll
0x00007ff93bd80000 - 0x00007ff93bd8a000 	C:\WINDOWS\SYSTEM32\midimap.dll
0x00007ff96e4b0000 - 0x00007ff96e4c4000 	C:\WINDOWS\SYSTEM32\resourcepolicyclient.dll
0x00007ff95a310000 - 0x00007ff95a459000 	C:\Windows\System32\Windows.UI.dll
0x00007ff95a0c0000 - 0x00007ff95a1dc000 	C:\Windows\System32\InputHost.dll
0x00007ff969790000 - 0x00007ff969880000 	C:\Windows\System32\PROPSYS.dll

dbghelp: loaded successfully - version: 4.0.5 - missing functions: none
symbol engine: initialized successfully - sym options: 0x614 - pdb path: .;C:\Program Files\Java\jdk-12\bin;C:\WINDOWS\SYSTEM32;C:\WINDOWS\WinSxS\amd64_microsoft.windows.common-controls_6595b64144ccf1df_6.0.18362.1440_none_9e7dbfb9e45e8e67;C:\Program Files\Java\jdk-12\bin\server;H:\Program Files\JetBrains\IntelliJ IDEA 2020.1\bin;H:\Program Files (x86)\RivaTuner Statistics Server;C:\WINDOWS\System32\DriverStore\FileRepository\nv_dispi.inf_amd64_2635d5c616c804dc

VM Arguments:
jvm_args: -javaagent:H:\Program Files\JetBrains\IntelliJ IDEA 2020.1\lib\idea_rt.jar=65169:H:\Program Files\JetBrains\IntelliJ IDEA 2020.1\bin -Dfile.encoding=UTF-8 
java_command: com.PremBhoot.unhingedgame.Core
java_class_path (initial): C:\Users\Prem Bhoot\IdeaProjects\Unhinged\out\production\Unhinged
Launcher Type: SUN_STANDARD

[Global flags]
     intx CICompilerCount                          = 4                                         {product} {ergonomic}
     uint ConcGCThreads                            = 3                                         {product} {ergonomic}
     uint G1ConcRefinementThreads                  = 10                                        {product} {ergonomic}
   size_t G1HeapRegionSize                         = 1048576                                   {product} {ergonomic}
    uintx GCDrainStackTargetSize                   = 64                                        {product} {ergonomic}
   size_t InitialHeapSize                          = 268435456                                 {product} {ergonomic}
   size_t MarkStackSize                            = 4194304                                   {product} {ergonomic}
   size_t MaxHeapSize                              = 4282384384                                {product} {ergonomic}
   size_t MaxNewSize                               = 2569011200                                {product} {ergonomic}
   size_t MinHeapDeltaBytes                        = 1048576                                   {product} {ergonomic}
    uintx NonNMethodCodeHeapSize                   = 5836300                                {pd product} {ergonomic}
    uintx NonProfiledCodeHeapSize                  = 122910970                              {pd product} {ergonomic}
    uintx ProfiledCodeHeapSize                     = 122910970                              {pd product} {ergonomic}
    uintx ReservedCodeCacheSize                    = 251658240                              {pd product} {ergonomic}
     bool SegmentedCodeCache                       = true                                      {product} {ergonomic}
     bool UseCompressedClassPointers               = true                                 {lp64_product} {ergonomic}
     bool UseCompressedOops                        = true                                 {lp64_product} {ergonomic}
     bool UseG1GC                                  = true                                      {product} {ergonomic}
     bool UseLargePagesIndividualAllocation        = false                                  {pd product} {ergonomic}

Logging:
Log output configuration:
 #0: stdout all=warning uptime,level,tags
 #1: stderr all=off uptime,level,tags

Environment Variables:
PATH=C:\Program Files (x86)\Common Files\Oracle\Java\javapath;C:\ProgramData\Oracle\Java\javapath;C:\Program Files (x86)\Java\jre1.8.0_161\bin;C:\WINDOWS\system32;C:\WINDOWS;C:\WINDOWS\System32\Wbem;C:\WINDOWS\System32\WindowsPowerShell\v1.0\;C:\WINDOWS\System32\OpenSSH\;C:\Program Files\NVIDIA Corporation\NVIDIA NvDLISR;C:\Program Files (x86)\NVIDIA Corporation\PhysX\Common;C:\Android;C:\Windows\System32;H:\Program Files\nodejs\;C:\WINDOWS\system32;C:\WINDOWS;C:\WINDOWS\System32\Wbem;C:\WINDOWS\System32\WindowsPowerShell\v1.0\;C:\WINDOWS\System32\OpenSSH\;C:\Program Files\dotnet\;C:\TDM-GCC-64\bin;C:\Program Files\Git\cmd;C:\Users\Prem Bhoot\AppData\Local\Programs\Python\Python37\Scripts\;C:\Users\Prem Bhoot\AppData\Local\Programs\Python\Python37\;C:\Users\Prem Bhoot\AppData\Local\Microsoft\WindowsApps;C:\Users\Prem Bhoot\AppData\Roaming\Dashlane\6.1846.0.15081\bin\Firefox_Extension\{442718d9-475e-452a-b3e1-fb1ee16b8e9f}\components;C:\Users\Prem Bhoot\AppData\Roaming\Dashlane\6.1846.0.15081\ucrt;C:\Users\Prem Bhoot\AppData\Roaming\Dashlane\6.1846.0.15081\bin\Qt;C:\Users\Prem Bhoot\AppData\Roaming\Dashlane\6.1846.0.15081\ucrt;C:\Users\Prem Bhoot\AppData\Roaming\Dashlane\6.1846.0.15081\bin\Ssl;C:\Users\Prem Bhoot\AppData\Roaming\npm;C:\Users\Prem Bhoot\AppData\Local\Programs\Microsoft VS Code\bin;C:\Users\Prem Bhoot\.dotnet\tools;C:\Users\Prem Bhoot\AppData\Local\Programs\MiKTeX\miktex\bin\x64\
USERNAME=Prem Bhoot
OS=Windows_NT
PROCESSOR_IDENTIFIER=AMD64 Family 23 Model 1 Stepping 1, AuthenticAMD



---------------  S Y S T E M  ---------------

OS: Windows 10 , 64 bit Build 18362 (10.0.18362.1350)

CPU:total 12 (initial active 12) (12 cores per cpu, 2 threads per core) family 23 model 1 stepping 1, cmov, cx8, fxsr, mmx, sse, sse2, sse3, ssse3, sse4.1, sse4.2, popcnt, avx, avx2, aes, clmul, mmxext, 3dnowpref, lzcnt, sse4a, ht, tsc, tscinvbit, tscinv, bmi1, bmi2, adx, sha, fma

Memory: 4k page, system-wide physical 16335M (7348M free)
TotalPageFile size 20047M (AvailPageFile size 5569M)
current process WorkingSet (physical memory assigned to process): 133M, peak: 173M
current process commit charge ("private bytes"): 387M, peak: 426M

vm_info: Java HotSpot(TM) 64-Bit Server VM (12+33) for windows-amd64 JRE (12+33), built on Feb 21 2019 02:31:50 by "mach5one" with MS VC++ 15.5 (VS2017)

END.
