
# A fatal error has been detected by the Java Runtime Environment:
#
#  EXCEPTION_ACCESS_VIOLATION (0xc0000005) at pc=0x00007ff958354f3f, pid=93420, tid=95776
#
# JRE version: Java(TM) SE Runtime Environment (12.0+33) (build 12+33)
# Java VM: Java HotSpot(TM) 64-Bit Server VM (12+33, mixed mode, sharing, tiered, compressed oops, g1 gc, windows-amd64)
# Problematic frame:
# C  [freetype.dll+0x44f3f]
#
# No core dump will be written. Minidumps are not enabled by default on client versions of Windows
#
# If you would like to submit a bug report, please visit:
#   http://bugreport.java.com/bugreport/crash.jsp
# The crash happened outside the Java Virtual Machine in native code.
# See problematic frame for where to report the bug.
#

---------------  S U M M A R Y ------------

Command Line: -javaagent:H:\Program Files\JetBrains\IntelliJ IDEA 2020.1\lib\idea_rt.jar=62499:H:\Program Files\JetBrains\IntelliJ IDEA 2020.1\bin -Dfile.encoding=UTF-8 com.PremBhoot.unhingedgame.Core

Host: AMD Ryzen 5 1600 Six-Core Processor            , 12 cores, 15G,  Windows 10 , 64 bit Build 18362 (10.0.18362.1350)
Time: Sun Mar 14 13:37:03 2021 GMT Standard Time elapsed time: 3 seconds (0d 0h 0m 3s)

---------------  T H R E A D  ---------------

Current thread (0x000001f1326ae000):  JavaThread "Thread-0" [_thread_in_native, id=95776, stack(0x0000001619100000,0x0000001619200000)]

Stack: [0x0000001619100000,0x0000001619200000],  sp=0x00000016191fe400,  free space=1017k
Native frames: (J=compiled Java code, j=interpreted, Vv=VM code, C=native code)
C  [freetype.dll+0x44f3f]

Java frames: (J=compiled Java code, j=interpreted, Vv=VM code)
j  sun.font.FreetypeFontScaler.getGlyphImageNative(Lsun/font/Font2D;JJI)J+0 java.desktop@12
j  sun.font.FreetypeFontScaler.getGlyphImage(JI)J+26 java.desktop@12
J 1150 c1 sun.font.FileFontStrike.getGlyphImagePtrs([I[JI)V java.desktop@12 (110 bytes) @ 0x000001f115ebbe2c [0x000001f115ebb400+0x0000000000000a2c]
J 1198 c1 sun.font.GlyphList.mapChars(Lsun/java2d/loops/FontInfo;I)Z java.desktop@12 (47 bytes) @ 0x000001f115ed4344 [0x000001f115ed4000+0x0000000000000344]
J 1201 c1 sun.font.GlyphList.setFromString(Lsun/java2d/loops/FontInfo;Ljava/lang/String;FF)Z java.desktop@12 (75 bytes) @ 0x000001f115ed4f24 [0x000001f115ed4d00+0x0000000000000224]
J 1152 c1 sun.java2d.pipe.GlyphListPipe.drawString(Lsun/java2d/SunGraphics2D;Ljava/lang/String;DD)V java.desktop@12 (202 bytes) @ 0x000001f115ebf76c [0x000001f115ebee40+0x000000000000092c]
J 1151 c1 sun.java2d.SunGraphics2D.drawString(Ljava/lang/String;II)V java.desktop@12 (132 bytes) @ 0x000001f115ebdd44 [0x000001f115ebd9c0+0x0000000000000384]
j  com.PremBhoot.gameState.interfacex.draw(Ljava/awt/Graphics2D;)V+533
J 1303 c1 com.PremBhoot.gameState.FirstLevelState.draw(Ljava/awt/Graphics2D;)V (150 bytes) @ 0x000001f115f17f44 [0x000001f115f17c00+0x0000000000000344]
J 1287 c1 com.PremBhoot.unhingedgame.Panel.draw()V (12 bytes) @ 0x000001f115f043e4 [0x000001f115f03fa0+0x0000000000000444]
j  com.PremBhoot.unhingedgame.Panel.run()V+20
j  java.lang.Thread.run()V+11 java.base@12
v  ~StubRoutines::call_stub

siginfo: EXCEPTION_ACCESS_VIOLATION (0xc0000005), reading address 0x00000000000000e0


Register to memory mapping:

RIP=0x00007ff958354f3f freetype.dll
RAX=0x00000016191fe430 is pointing into the stack for thread: 0x000001f1326ae000
RBX=0x00000016191fe640 is pointing into the stack for thread: 0x000001f1326ae000
RCX=0x000001f13280ea70 points into unknown readable memory: 30 85 76 32 f1 01 00 00
RDX=0x0 is NULL
RSP=0x00000016191fe400 is pointing into the stack for thread: 0x000001f1326ae000
RBP=0x000001f1321dce70 points into unknown readable memory: 80 a6 76 32 f1 01 00 00
RSI=0x0000000000000015 is an unknown value
RDI=0x000001f13280ea70 points into unknown readable memory: 30 85 76 32 f1 01 00 00
R8 =0x0000000000000015 is an unknown value
R9 =0x00000016191fe488 is pointing into the stack for thread: 0x000001f1326ae000
R10=0x0 is NULL
R11=0x000001f13278a730 points into unknown readable memory: 30 e3 6a 32 f1 01 00 00
R12=0x0000000000000015 is an unknown value
R13=0x0 is NULL
R14=0x0000000000000d74 is an unknown value
R15=0x000001f132722c30 points into unknown readable memory: f0 15 79 3a f1 01 00 00


Registers:
RAX=0x00000016191fe430, RBX=0x00000016191fe640, RCX=0x000001f13280ea70, RDX=0x0000000000000000
RSP=0x00000016191fe400, RBP=0x000001f1321dce70, RSI=0x0000000000000015, RDI=0x000001f13280ea70
R8 =0x0000000000000015, R9 =0x00000016191fe488, R10=0x0000000000000000, R11=0x000001f13278a730
R12=0x0000000000000015, R13=0x0000000000000000, R14=0x0000000000000d74, R15=0x000001f132722c30
RIP=0x00007ff958354f3f, EFLAGS=0x0000000000010246

Top of Stack: (sp=0x00000016191fe400)
0x00000016191fe400:   000001f1321dce70 000001f13a7915f0
0x00000016191fe410:   0000000000000000 0000000000000074
0x00000016191fe420:   00000016191fe430 0000000000000074
0x00000016191fe430:   000001f1321d0000 00007ff958352a92
0x00000016191fe440:   000001f13280ea70 0000000000000000
0x00000016191fe450:   0000000000000748 00000016191fe570
0x00000016191fe460:   00000016191fe640 00007ff958354622
0x00000016191fe470:   00000016191f0000 0000000000000748
0x00000016191fe480:   000001f131a70000 0000000000000000
0x00000016191fe490:   000001f1326eb300 00007ff93dc90702
0x00000016191fe4a0:   0000000100000000 00012000326ae000
0x00000016191fe4b0:   0000000000012000 00007ff93dd114c5
0x00000016191fe4c0:   000001f10d332e60 00007ff93dc90702
0x00000016191fe4d0:   00000016191fe530 00000016191fe560
0x00000016191fe4e0:   000001f10d332e60 00007ff93dee90ca
0x00000016191fe4f0:   3ff0000000000000 0000000000000000 

Instructions: (pc=0x00007ff958354f3f)
0x00007ff958354f1f:   02 00 00 4c 8d 8c 24 88 00 00 00 44 8b f0 44 8b
0x00007ff958354f2f:   c6 48 8d 44 24 30 33 d2 48 8b cf 48 89 44 24 20
0x00007ff958354f3f:   41 ff 92 e0 00 00 00 80 bf 90 01 00 00 00 8b 4b
0x00007ff958354f4f:   44 74 2d 4c 8b 97 d0 02 00 00 48 8d 84 24 80 00 


Stack slot to memory mapping:
stack at sp + 0 slots: 0x000001f1321dce70 points into unknown readable memory: 80 a6 76 32 f1 01 00 00
stack at sp + 1 slots: 0x000001f13a7915f0 points into unknown readable memory: b0 34 ec 6d f9 7f 00 00
stack at sp + 2 slots: 0x0 is NULL
stack at sp + 3 slots: 0x0000000000000074 is an unknown value
stack at sp + 4 slots: 0x00000016191fe430 is pointing into the stack for thread: 0x000001f1326ae000
stack at sp + 5 slots: 0x0000000000000074 is an unknown value
stack at sp + 6 slots: 0x000001f1321d0000 points into unknown readable memory: 00 00 00 00 00 00 00 00
stack at sp + 7 slots: 0x00007ff958352a92 freetype.dll


---------------  P R O C E S S  ---------------

Threads class SMR info:
_java_thread_list=0x000001f13a795f10, length=16, elements={
0x000001f1311b2000, 0x000001f1311b3000, 0x000001f1311cd000, 0x000001f1311ce000,
0x000001f131a53800, 0x000001f131a5b000, 0x000001f131a74800, 0x000001f131b75800,
0x000001f131cc0800, 0x000001f131c67000, 0x000001f1320bd800, 0x000001f132057800,
0x000001f1326ea800, 0x000001f1326ae000, 0x000001f10d328000, 0x000001f13a74d800
}

Java Threads: ( => current thread )
  0x000001f1311b2000 JavaThread "Reference Handler" daemon [_thread_blocked, id=95152, stack(0x0000001618000000,0x0000001618100000)]
  0x000001f1311b3000 JavaThread "Finalizer" daemon [_thread_blocked, id=93964, stack(0x0000001618100000,0x0000001618200000)]
  0x000001f1311cd000 JavaThread "Signal Dispatcher" daemon [_thread_blocked, id=93464, stack(0x0000001618200000,0x0000001618300000)]
  0x000001f1311ce000 JavaThread "Attach Listener" daemon [_thread_blocked, id=84168, stack(0x0000001618300000,0x0000001618400000)]
  0x000001f131a53800 JavaThread "C2 CompilerThread0" daemon [_thread_in_native, id=96008, stack(0x0000001618400000,0x0000001618500000)]
  0x000001f131a5b000 JavaThread "C1 CompilerThread0" daemon [_thread_blocked, id=95860, stack(0x0000001618500000,0x0000001618600000)]
  0x000001f131a74800 JavaThread "Sweeper thread" daemon [_thread_blocked, id=93816, stack(0x0000001618600000,0x0000001618700000)]
  0x000001f131b75800 JavaThread "Common-Cleaner" daemon [_thread_blocked, id=94392, stack(0x0000001618700000,0x0000001618800000)]
  0x000001f131cc0800 JavaThread "Monitor Ctrl-Break" daemon [_thread_in_native, id=95992, stack(0x0000001618900000,0x0000001618a00000)]
  0x000001f131c67000 JavaThread "Service Thread" daemon [_thread_blocked, id=95176, stack(0x0000001618a00000,0x0000001618b00000)]
  0x000001f1320bd800 JavaThread "Java2D Disposer" daemon [_thread_blocked, id=94296, stack(0x0000001618c00000,0x0000001618d00000)]
  0x000001f132057800 JavaThread "AWT-Shutdown" [_thread_blocked, id=43276, stack(0x0000001618d00000,0x0000001618e00000)]
  0x000001f1326ea800 JavaThread "AWT-EventQueue-0" [_thread_blocked, id=94000, stack(0x0000001619000000,0x0000001619100000)]
=>0x000001f1326ae000 JavaThread "Thread-0" [_thread_in_native, id=95776, stack(0x0000001619100000,0x0000001619200000)]
  0x000001f10d328000 JavaThread "DestroyJavaVM" [_thread_blocked, id=95352, stack(0x0000001617900000,0x0000001617a00000)]
  0x000001f13a74d800 JavaThread "ToolkitShutdown" daemon [_thread_in_native, id=95064, stack(0x0000001619600000,0x0000001619700000)]

Other Threads:
  0x000001f1311ac800 VMThread "VM Thread" [stack: 0x0000001617f00000,0x0000001618000000] [id=94640]
  0x000001f131c70800 WatcherThread [stack: 0x0000001618b00000,0x0000001618c00000] [id=94964]
  0x000001f10d38e000 GCTaskThread "GC Thread#0" [stack: 0x0000001617a00000,0x0000001617b00000] [id=94288]
  0x000001f10d3aa000 ConcurrentGCThread "G1 Main Marker" [stack: 0x0000001617b00000,0x0000001617c00000] [id=71520]
  0x000001f10d3ac000 ConcurrentGCThread "G1 Conc#0" [stack: 0x0000001617c00000,0x0000001617d00000] [id=86012]
  0x000001f1310a7800 ConcurrentGCThread "G1 Refine#0" [stack: 0x0000001617d00000,0x0000001617e00000] [id=93296]
  0x000001f1310a8800 ConcurrentGCThread "G1 Young RemSet Sampling" [stack: 0x0000001617e00000,0x0000001617f00000] [id=93680]

Threads with active compile tasks:
C2 CompilerThread0  1321       4       jdk.internal.org.objectweb.asm.Frame::execute (2305 bytes)

VM state:not at safepoint (normal execution)

VM Mutex/Monitor currently owned by a thread: None

Heap address: 0x0000000700c00000, size: 4084 MB, Compressed Oops mode: Zero based, Oop shift amount: 3
Narrow klass base: 0x0000000800000000, Narrow klass shift: 3
Compressed class space size: 1073741824 Address: 0x00000008011a0000

Heap:
 garbage-first heap   total 262144K, used 20480K [0x0000000700c00000, 0x0000000800000000)
  region size 1024K, 16 young (16384K), 0 survivors (0K)
 Metaspace       used 8932K, capacity 9293K, committed 9344K, reserved 1056768K
  class space    used 963K, capacity 1130K, committed 1152K, reserved 1048576K
Heap Regions: E=young(eden), S=young(survivor), O=old, HS=humongous(starts), HC=humongous(continues), CS=collection set, F=free, A=archive, TAMS=top-at-mark-start (previous, next)
|   0|0x0000000700c00000, 0x0000000700d00000, 0x0000000700d00000|100%|HS|  |TAMS 0x0000000700c00000, 0x0000000700c00000| Complete 
|   1|0x0000000700d00000, 0x0000000700e00000, 0x0000000700e00000|100%|HC|  |TAMS 0x0000000700d00000, 0x0000000700d00000| Complete 
|   2|0x0000000700e00000, 0x0000000700f00000, 0x0000000700f00000|100%|HS|  |TAMS 0x0000000700e00000, 0x0000000700e00000| Complete 
|   3|0x0000000700f00000, 0x0000000701000000, 0x0000000701000000|100%|HC|  |TAMS 0x0000000700f00000, 0x0000000700f00000| Complete 
|   4|0x0000000701000000, 0x0000000701100000, 0x0000000701100000|100%|HS|  |TAMS 0x0000000701000000, 0x0000000701000000| Complete 
|   5|0x0000000701100000, 0x0000000701200000, 0x0000000701200000|100%|HC|  |TAMS 0x0000000701100000, 0x0000000701100000| Complete 
|   6|0x0000000701200000, 0x0000000701200000, 0x0000000701300000|  0%| F|  |TAMS 0x0000000701200000, 0x0000000701200000| Untracked 
|   7|0x0000000701300000, 0x0000000701300000, 0x0000000701400000|  0%| F|  |TAMS 0x0000000701300000, 0x0000000701300000| Untracked 
|   8|0x0000000701400000, 0x0000000701400000, 0x0000000701500000|  0%| F|  |TAMS 0x0000000701400000, 0x0000000701400000| Untracked 
|   9|0x0000000701500000, 0x0000000701500000, 0x0000000701600000|  0%| F|  |TAMS 0x0000000701500000, 0x0000000701500000| Untracked 
|  10|0x0000000701600000, 0x0000000701600000, 0x0000000701700000|  0%| F|  |TAMS 0x0000000701600000, 0x0000000701600000| Untracked 
|  11|0x0000000701700000, 0x0000000701700000, 0x0000000701800000|  0%| F|  |TAMS 0x0000000701700000, 0x0000000701700000| Untracked 
|  12|0x0000000701800000, 0x0000000701800000, 0x0000000701900000|  0%| F|  |TAMS 0x0000000701800000, 0x0000000701800000| Untracked 
|  13|0x0000000701900000, 0x0000000701900000, 0x0000000701a00000|  0%| F|  |TAMS 0x0000000701900000, 0x0000000701900000| Untracked 
|  14|0x0000000701a00000, 0x0000000701a00000, 0x0000000701b00000|  0%| F|  |TAMS 0x0000000701a00000, 0x0000000701a00000| Untracked 
|  15|0x0000000701b00000, 0x0000000701b00000, 0x0000000701c00000|  0%| F|  |TAMS 0x0000000701b00000, 0x0000000701b00000| Untracked 
|  16|0x0000000701c00000, 0x0000000701c00000, 0x0000000701d00000|  0%| F|  |TAMS 0x0000000701c00000, 0x0000000701c00000| Untracked 
|  17|0x0000000701d00000, 0x0000000701d00000, 0x0000000701e00000|  0%| F|  |TAMS 0x0000000701d00000, 0x0000000701d00000| Untracked 
|  18|0x0000000701e00000, 0x0000000701e00000, 0x0000000701f00000|  0%| F|  |TAMS 0x0000000701e00000, 0x0000000701e00000| Untracked 
|  19|0x0000000701f00000, 0x0000000701f00000, 0x0000000702000000|  0%| F|  |TAMS 0x0000000701f00000, 0x0000000701f00000| Untracked 
|  20|0x0000000702000000, 0x0000000702000000, 0x0000000702100000|  0%| F|  |TAMS 0x0000000702000000, 0x0000000702000000| Untracked 
|  21|0x0000000702100000, 0x0000000702100000, 0x0000000702200000|  0%| F|  |TAMS 0x0000000702100000, 0x0000000702100000| Untracked 
|  22|0x0000000702200000, 0x0000000702200000, 0x0000000702300000|  0%| F|  |TAMS 0x0000000702200000, 0x0000000702200000| Untracked 
|  23|0x0000000702300000, 0x0000000702300000, 0x0000000702400000|  0%| F|  |TAMS 0x0000000702300000, 0x0000000702300000| Untracked 
|  24|0x0000000702400000, 0x0000000702400000, 0x0000000702500000|  0%| F|  |TAMS 0x0000000702400000, 0x0000000702400000| Untracked 
|  25|0x0000000702500000, 0x0000000702500000, 0x0000000702600000|  0%| F|  |TAMS 0x0000000702500000, 0x0000000702500000| Untracked 
|  26|0x0000000702600000, 0x0000000702600000, 0x0000000702700000|  0%| F|  |TAMS 0x0000000702600000, 0x0000000702600000| Untracked 
|  27|0x0000000702700000, 0x0000000702700000, 0x0000000702800000|  0%| F|  |TAMS 0x0000000702700000, 0x0000000702700000| Untracked 
|  28|0x0000000702800000, 0x0000000702800000, 0x0000000702900000|  0%| F|  |TAMS 0x0000000702800000, 0x0000000702800000| Untracked 
|  29|0x0000000702900000, 0x0000000702900000, 0x0000000702a00000|  0%| F|  |TAMS 0x0000000702900000, 0x0000000702900000| Untracked 
|  30|0x0000000702a00000, 0x0000000702a00000, 0x0000000702b00000|  0%| F|  |TAMS 0x0000000702a00000, 0x0000000702a00000| Untracked 
|  31|0x0000000702b00000, 0x0000000702b00000, 0x0000000702c00000|  0%| F|  |TAMS 0x0000000702b00000, 0x0000000702b00000| Untracked 
|  32|0x0000000702c00000, 0x0000000702c00000, 0x0000000702d00000|  0%| F|  |TAMS 0x0000000702c00000, 0x0000000702c00000| Untracked 
|  33|0x0000000702d00000, 0x0000000702d00000, 0x0000000702e00000|  0%| F|  |TAMS 0x0000000702d00000, 0x0000000702d00000| Untracked 
|  34|0x0000000702e00000, 0x0000000702e00000, 0x0000000702f00000|  0%| F|  |TAMS 0x0000000702e00000, 0x0000000702e00000| Untracked 
|  35|0x0000000702f00000, 0x0000000702f00000, 0x0000000703000000|  0%| F|  |TAMS 0x0000000702f00000, 0x0000000702f00000| Untracked 
|  36|0x0000000703000000, 0x0000000703000000, 0x0000000703100000|  0%| F|  |TAMS 0x0000000703000000, 0x0000000703000000| Untracked 
|  37|0x0000000703100000, 0x0000000703100000, 0x0000000703200000|  0%| F|  |TAMS 0x0000000703100000, 0x0000000703100000| Untracked 
|  38|0x0000000703200000, 0x0000000703200000, 0x0000000703300000|  0%| F|  |TAMS 0x0000000703200000, 0x0000000703200000| Untracked 
|  39|0x0000000703300000, 0x0000000703300000, 0x0000000703400000|  0%| F|  |TAMS 0x0000000703300000, 0x0000000703300000| Untracked 
|  40|0x0000000703400000, 0x0000000703400000, 0x0000000703500000|  0%| F|  |TAMS 0x0000000703400000, 0x0000000703400000| Untracked 
|  41|0x0000000703500000, 0x0000000703500000, 0x0000000703600000|  0%| F|  |TAMS 0x0000000703500000, 0x0000000703500000| Untracked 
|  42|0x0000000703600000, 0x0000000703600000, 0x0000000703700000|  0%| F|  |TAMS 0x0000000703600000, 0x0000000703600000| Untracked 
|  43|0x0000000703700000, 0x0000000703700000, 0x0000000703800000|  0%| F|  |TAMS 0x0000000703700000, 0x0000000703700000| Untracked 
|  44|0x0000000703800000, 0x0000000703800000, 0x0000000703900000|  0%| F|  |TAMS 0x0000000703800000, 0x0000000703800000| Untracked 
|  45|0x0000000703900000, 0x0000000703900000, 0x0000000703a00000|  0%| F|  |TAMS 0x0000000703900000, 0x0000000703900000| Untracked 
|  46|0x0000000703a00000, 0x0000000703a00000, 0x0000000703b00000|  0%| F|  |TAMS 0x0000000703a00000, 0x0000000703a00000| Untracked 
|  47|0x0000000703b00000, 0x0000000703b00000, 0x0000000703c00000|  0%| F|  |TAMS 0x0000000703b00000, 0x0000000703b00000| Untracked 
|  48|0x0000000703c00000, 0x0000000703c00000, 0x0000000703d00000|  0%| F|  |TAMS 0x0000000703c00000, 0x0000000703c00000| Untracked 
|  49|0x0000000703d00000, 0x0000000703d00000, 0x0000000703e00000|  0%| F|  |TAMS 0x0000000703d00000, 0x0000000703d00000| Untracked 
|  50|0x0000000703e00000, 0x0000000703e00000, 0x0000000703f00000|  0%| F|  |TAMS 0x0000000703e00000, 0x0000000703e00000| Untracked 
|  51|0x0000000703f00000, 0x0000000703f00000, 0x0000000704000000|  0%| F|  |TAMS 0x0000000703f00000, 0x0000000703f00000| Untracked 
|  52|0x0000000704000000, 0x0000000704000000, 0x0000000704100000|  0%| F|  |TAMS 0x0000000704000000, 0x0000000704000000| Untracked 
|  53|0x0000000704100000, 0x0000000704100000, 0x0000000704200000|  0%| F|  |TAMS 0x0000000704100000, 0x0000000704100000| Untracked 
|  54|0x0000000704200000, 0x0000000704200000, 0x0000000704300000|  0%| F|  |TAMS 0x0000000704200000, 0x0000000704200000| Untracked 
|  55|0x0000000704300000, 0x0000000704300000, 0x0000000704400000|  0%| F|  |TAMS 0x0000000704300000, 0x0000000704300000| Untracked 
|  56|0x0000000704400000, 0x0000000704400000, 0x0000000704500000|  0%| F|  |TAMS 0x0000000704400000, 0x0000000704400000| Untracked 
|  57|0x0000000704500000, 0x0000000704500000, 0x0000000704600000|  0%| F|  |TAMS 0x0000000704500000, 0x0000000704500000| Untracked 
|  58|0x0000000704600000, 0x0000000704600000, 0x0000000704700000|  0%| F|  |TAMS 0x0000000704600000, 0x0000000704600000| Untracked 
|  59|0x0000000704700000, 0x0000000704700000, 0x0000000704800000|  0%| F|  |TAMS 0x0000000704700000, 0x0000000704700000| Untracked 
|  60|0x0000000704800000, 0x0000000704800000, 0x0000000704900000|  0%| F|  |TAMS 0x0000000704800000, 0x0000000704800000| Untracked 
|  61|0x0000000704900000, 0x0000000704900000, 0x0000000704a00000|  0%| F|  |TAMS 0x0000000704900000, 0x0000000704900000| Untracked 
|  62|0x0000000704a00000, 0x0000000704a00000, 0x0000000704b00000|  0%| F|  |TAMS 0x0000000704a00000, 0x0000000704a00000| Untracked 
|  63|0x0000000704b00000, 0x0000000704b00000, 0x0000000704c00000|  0%| F|  |TAMS 0x0000000704b00000, 0x0000000704b00000| Untracked 
|  64|0x0000000704c00000, 0x0000000704c00000, 0x0000000704d00000|  0%| F|  |TAMS 0x0000000704c00000, 0x0000000704c00000| Untracked 
|  65|0x0000000704d00000, 0x0000000704d00000, 0x0000000704e00000|  0%| F|  |TAMS 0x0000000704d00000, 0x0000000704d00000| Untracked 
|  66|0x0000000704e00000, 0x0000000704e00000, 0x0000000704f00000|  0%| F|  |TAMS 0x0000000704e00000, 0x0000000704e00000| Untracked 
|  67|0x0000000704f00000, 0x0000000704f00000, 0x0000000705000000|  0%| F|  |TAMS 0x0000000704f00000, 0x0000000704f00000| Untracked 
|  68|0x0000000705000000, 0x0000000705000000, 0x0000000705100000|  0%| F|  |TAMS 0x0000000705000000, 0x0000000705000000| Untracked 
|  69|0x0000000705100000, 0x0000000705100000, 0x0000000705200000|  0%| F|  |TAMS 0x0000000705100000, 0x0000000705100000| Untracked 
|  70|0x0000000705200000, 0x0000000705200000, 0x0000000705300000|  0%| F|  |TAMS 0x0000000705200000, 0x0000000705200000| Untracked 
|  71|0x0000000705300000, 0x0000000705300000, 0x0000000705400000|  0%| F|  |TAMS 0x0000000705300000, 0x0000000705300000| Untracked 
|  72|0x0000000705400000, 0x0000000705400000, 0x0000000705500000|  0%| F|  |TAMS 0x0000000705400000, 0x0000000705400000| Untracked 
|  73|0x0000000705500000, 0x0000000705500000, 0x0000000705600000|  0%| F|  |TAMS 0x0000000705500000, 0x0000000705500000| Untracked 
|  74|0x0000000705600000, 0x0000000705600000, 0x0000000705700000|  0%| F|  |TAMS 0x0000000705600000, 0x0000000705600000| Untracked 
|  75|0x0000000705700000, 0x0000000705700000, 0x0000000705800000|  0%| F|  |TAMS 0x0000000705700000, 0x0000000705700000| Untracked 
|  76|0x0000000705800000, 0x0000000705800000, 0x0000000705900000|  0%| F|  |TAMS 0x0000000705800000, 0x0000000705800000| Untracked 
|  77|0x0000000705900000, 0x0000000705900000, 0x0000000705a00000|  0%| F|  |TAMS 0x0000000705900000, 0x0000000705900000| Untracked 
|  78|0x0000000705a00000, 0x0000000705a00000, 0x0000000705b00000|  0%| F|  |TAMS 0x0000000705a00000, 0x0000000705a00000| Untracked 
|  79|0x0000000705b00000, 0x0000000705b00000, 0x0000000705c00000|  0%| F|  |TAMS 0x0000000705b00000, 0x0000000705b00000| Untracked 
|  80|0x0000000705c00000, 0x0000000705c00000, 0x0000000705d00000|  0%| F|  |TAMS 0x0000000705c00000, 0x0000000705c00000| Untracked 
|  81|0x0000000705d00000, 0x0000000705d00000, 0x0000000705e00000|  0%| F|  |TAMS 0x0000000705d00000, 0x0000000705d00000| Untracked 
|  82|0x0000000705e00000, 0x0000000705e00000, 0x0000000705f00000|  0%| F|  |TAMS 0x0000000705e00000, 0x0000000705e00000| Untracked 
|  83|0x0000000705f00000, 0x0000000705f00000, 0x0000000706000000|  0%| F|  |TAMS 0x0000000705f00000, 0x0000000705f00000| Untracked 
|  84|0x0000000706000000, 0x0000000706000000, 0x0000000706100000|  0%| F|  |TAMS 0x0000000706000000, 0x0000000706000000| Untracked 
|  85|0x0000000706100000, 0x0000000706100000, 0x0000000706200000|  0%| F|  |TAMS 0x0000000706100000, 0x0000000706100000| Untracked 
|  86|0x0000000706200000, 0x0000000706200000, 0x0000000706300000|  0%| F|  |TAMS 0x0000000706200000, 0x0000000706200000| Untracked 
|  87|0x0000000706300000, 0x0000000706300000, 0x0000000706400000|  0%| F|  |TAMS 0x0000000706300000, 0x0000000706300000| Untracked 
|  88|0x0000000706400000, 0x0000000706400000, 0x0000000706500000|  0%| F|  |TAMS 0x0000000706400000, 0x0000000706400000| Untracked 
|  89|0x0000000706500000, 0x0000000706500000, 0x0000000706600000|  0%| F|  |TAMS 0x0000000706500000, 0x0000000706500000| Untracked 
|  90|0x0000000706600000, 0x0000000706600000, 0x0000000706700000|  0%| F|  |TAMS 0x0000000706600000, 0x0000000706600000| Untracked 
|  91|0x0000000706700000, 0x0000000706700000, 0x0000000706800000|  0%| F|  |TAMS 0x0000000706700000, 0x0000000706700000| Untracked 
|  92|0x0000000706800000, 0x0000000706800000, 0x0000000706900000|  0%| F|  |TAMS 0x0000000706800000, 0x0000000706800000| Untracked 
|  93|0x0000000706900000, 0x0000000706900000, 0x0000000706a00000|  0%| F|  |TAMS 0x0000000706900000, 0x0000000706900000| Untracked 
|  94|0x0000000706a00000, 0x0000000706a00000, 0x0000000706b00000|  0%| F|  |TAMS 0x0000000706a00000, 0x0000000706a00000| Untracked 
|  95|0x0000000706b00000, 0x0000000706b00000, 0x0000000706c00000|  0%| F|  |TAMS 0x0000000706b00000, 0x0000000706b00000| Untracked 
|  96|0x0000000706c00000, 0x0000000706c00000, 0x0000000706d00000|  0%| F|  |TAMS 0x0000000706c00000, 0x0000000706c00000| Untracked 
|  97|0x0000000706d00000, 0x0000000706d00000, 0x0000000706e00000|  0%| F|  |TAMS 0x0000000706d00000, 0x0000000706d00000| Untracked 
|  98|0x0000000706e00000, 0x0000000706e00000, 0x0000000706f00000|  0%| F|  |TAMS 0x0000000706e00000, 0x0000000706e00000| Untracked 
|  99|0x0000000706f00000, 0x0000000706f00000, 0x0000000707000000|  0%| F|  |TAMS 0x0000000706f00000, 0x0000000706f00000| Untracked 
| 100|0x0000000707000000, 0x0000000707000000, 0x0000000707100000|  0%| F|  |TAMS 0x0000000707000000, 0x0000000707000000| Untracked 
| 101|0x0000000707100000, 0x0000000707100000, 0x0000000707200000|  0%| F|  |TAMS 0x0000000707100000, 0x0000000707100000| Untracked 
| 102|0x0000000707200000, 0x0000000707200000, 0x0000000707300000|  0%| F|  |TAMS 0x0000000707200000, 0x0000000707200000| Untracked 
| 103|0x0000000707300000, 0x0000000707300000, 0x0000000707400000|  0%| F|  |TAMS 0x0000000707300000, 0x0000000707300000| Untracked 
| 104|0x0000000707400000, 0x0000000707400000, 0x0000000707500000|  0%| F|  |TAMS 0x0000000707400000, 0x0000000707400000| Untracked 
| 105|0x0000000707500000, 0x0000000707500000, 0x0000000707600000|  0%| F|  |TAMS 0x0000000707500000, 0x0000000707500000| Untracked 
| 106|0x0000000707600000, 0x0000000707600000, 0x0000000707700000|  0%| F|  |TAMS 0x0000000707600000, 0x0000000707600000| Untracked 
| 107|0x0000000707700000, 0x0000000707700000, 0x0000000707800000|  0%| F|  |TAMS 0x0000000707700000, 0x0000000707700000| Untracked 
| 108|0x0000000707800000, 0x0000000707800000, 0x0000000707900000|  0%| F|  |TAMS 0x0000000707800000, 0x0000000707800000| Untracked 
| 109|0x0000000707900000, 0x0000000707900000, 0x0000000707a00000|  0%| F|  |TAMS 0x0000000707900000, 0x0000000707900000| Untracked 
| 110|0x0000000707a00000, 0x0000000707a00000, 0x0000000707b00000|  0%| F|  |TAMS 0x0000000707a00000, 0x0000000707a00000| Untracked 
| 111|0x0000000707b00000, 0x0000000707b00000, 0x0000000707c00000|  0%| F|  |TAMS 0x0000000707b00000, 0x0000000707b00000| Untracked 
| 112|0x0000000707c00000, 0x0000000707c00000, 0x0000000707d00000|  0%| F|  |TAMS 0x0000000707c00000, 0x0000000707c00000| Untracked 
| 113|0x0000000707d00000, 0x0000000707d00000, 0x0000000707e00000|  0%| F|  |TAMS 0x0000000707d00000, 0x0000000707d00000| Untracked 
| 114|0x0000000707e00000, 0x0000000707e00000, 0x0000000707f00000|  0%| F|  |TAMS 0x0000000707e00000, 0x0000000707e00000| Untracked 
| 115|0x0000000707f00000, 0x0000000707f00000, 0x0000000708000000|  0%| F|  |TAMS 0x0000000707f00000, 0x0000000707f00000| Untracked 
| 116|0x0000000708000000, 0x0000000708000000, 0x0000000708100000|  0%| F|  |TAMS 0x0000000708000000, 0x0000000708000000| Untracked 
| 117|0x0000000708100000, 0x0000000708100000, 0x0000000708200000|  0%| F|  |TAMS 0x0000000708100000, 0x0000000708100000| Untracked 
| 118|0x0000000708200000, 0x0000000708200000, 0x0000000708300000|  0%| F|  |TAMS 0x0000000708200000, 0x0000000708200000| Untracked 
| 119|0x0000000708300000, 0x0000000708300000, 0x0000000708400000|  0%| F|  |TAMS 0x0000000708300000, 0x0000000708300000| Untracked 
| 120|0x0000000708400000, 0x0000000708400000, 0x0000000708500000|  0%| F|  |TAMS 0x0000000708400000, 0x0000000708400000| Untracked 
| 121|0x0000000708500000, 0x0000000708500000, 0x0000000708600000|  0%| F|  |TAMS 0x0000000708500000, 0x0000000708500000| Untracked 
| 122|0x0000000708600000, 0x0000000708600000, 0x0000000708700000|  0%| F|  |TAMS 0x0000000708600000, 0x0000000708600000| Untracked 
| 123|0x0000000708700000, 0x0000000708700000, 0x0000000708800000|  0%| F|  |TAMS 0x0000000708700000, 0x0000000708700000| Untracked 
| 124|0x0000000708800000, 0x0000000708800000, 0x0000000708900000|  0%| F|  |TAMS 0x0000000708800000, 0x0000000708800000| Untracked 
| 125|0x0000000708900000, 0x0000000708900000, 0x0000000708a00000|  0%| F|  |TAMS 0x0000000708900000, 0x0000000708900000| Untracked 
| 126|0x0000000708a00000, 0x0000000708a00000, 0x0000000708b00000|  0%| F|  |TAMS 0x0000000708a00000, 0x0000000708a00000| Untracked 
| 127|0x0000000708b00000, 0x0000000708b00000, 0x0000000708c00000|  0%| F|  |TAMS 0x0000000708b00000, 0x0000000708b00000| Untracked 
| 128|0x0000000708c00000, 0x0000000708c00000, 0x0000000708d00000|  0%| F|  |TAMS 0x0000000708c00000, 0x0000000708c00000| Untracked 
| 129|0x0000000708d00000, 0x0000000708d00000, 0x0000000708e00000|  0%| F|  |TAMS 0x0000000708d00000, 0x0000000708d00000| Untracked 
| 130|0x0000000708e00000, 0x0000000708e00000, 0x0000000708f00000|  0%| F|  |TAMS 0x0000000708e00000, 0x0000000708e00000| Untracked 
| 131|0x0000000708f00000, 0x0000000708f00000, 0x0000000709000000|  0%| F|  |TAMS 0x0000000708f00000, 0x0000000708f00000| Untracked 
| 132|0x0000000709000000, 0x0000000709000000, 0x0000000709100000|  0%| F|  |TAMS 0x0000000709000000, 0x0000000709000000| Untracked 
| 133|0x0000000709100000, 0x0000000709100000, 0x0000000709200000|  0%| F|  |TAMS 0x0000000709100000, 0x0000000709100000| Untracked 
| 134|0x0000000709200000, 0x0000000709200000, 0x0000000709300000|  0%| F|  |TAMS 0x0000000709200000, 0x0000000709200000| Untracked 
| 135|0x0000000709300000, 0x0000000709300000, 0x0000000709400000|  0%| F|  |TAMS 0x0000000709300000, 0x0000000709300000| Untracked 
| 136|0x0000000709400000, 0x0000000709400000, 0x0000000709500000|  0%| F|  |TAMS 0x0000000709400000, 0x0000000709400000| Untracked 
| 137|0x0000000709500000, 0x0000000709500000, 0x0000000709600000|  0%| F|  |TAMS 0x0000000709500000, 0x0000000709500000| Untracked 
| 138|0x0000000709600000, 0x0000000709600000, 0x0000000709700000|  0%| F|  |TAMS 0x0000000709600000, 0x0000000709600000| Untracked 
| 139|0x0000000709700000, 0x0000000709700000, 0x0000000709800000|  0%| F|  |TAMS 0x0000000709700000, 0x0000000709700000| Untracked 
| 140|0x0000000709800000, 0x0000000709800000, 0x0000000709900000|  0%| F|  |TAMS 0x0000000709800000, 0x0000000709800000| Untracked 
| 141|0x0000000709900000, 0x0000000709900000, 0x0000000709a00000|  0%| F|  |TAMS 0x0000000709900000, 0x0000000709900000| Untracked 
| 142|0x0000000709a00000, 0x0000000709a00000, 0x0000000709b00000|  0%| F|  |TAMS 0x0000000709a00000, 0x0000000709a00000| Untracked 
| 143|0x0000000709b00000, 0x0000000709b00000, 0x0000000709c00000|  0%| F|  |TAMS 0x0000000709b00000, 0x0000000709b00000| Untracked 
| 144|0x0000000709c00000, 0x0000000709c00000, 0x0000000709d00000|  0%| F|  |TAMS 0x0000000709c00000, 0x0000000709c00000| Untracked 
| 145|0x0000000709d00000, 0x0000000709d00000, 0x0000000709e00000|  0%| F|  |TAMS 0x0000000709d00000, 0x0000000709d00000| Untracked 
| 146|0x0000000709e00000, 0x0000000709e00000, 0x0000000709f00000|  0%| F|  |TAMS 0x0000000709e00000, 0x0000000709e00000| Untracked 
| 147|0x0000000709f00000, 0x0000000709f00000, 0x000000070a000000|  0%| F|  |TAMS 0x0000000709f00000, 0x0000000709f00000| Untracked 
| 148|0x000000070a000000, 0x000000070a000000, 0x000000070a100000|  0%| F|  |TAMS 0x000000070a000000, 0x000000070a000000| Untracked 
| 149|0x000000070a100000, 0x000000070a100000, 0x000000070a200000|  0%| F|  |TAMS 0x000000070a100000, 0x000000070a100000| Untracked 
| 150|0x000000070a200000, 0x000000070a200000, 0x000000070a300000|  0%| F|  |TAMS 0x000000070a200000, 0x000000070a200000| Untracked 
| 151|0x000000070a300000, 0x000000070a300000, 0x000000070a400000|  0%| F|  |TAMS 0x000000070a300000, 0x000000070a300000| Untracked 
| 152|0x000000070a400000, 0x000000070a400000, 0x000000070a500000|  0%| F|  |TAMS 0x000000070a400000, 0x000000070a400000| Untracked 
| 153|0x000000070a500000, 0x000000070a500000, 0x000000070a600000|  0%| F|  |TAMS 0x000000070a500000, 0x000000070a500000| Untracked 
| 154|0x000000070a600000, 0x000000070a600000, 0x000000070a700000|  0%| F|  |TAMS 0x000000070a600000, 0x000000070a600000| Untracked 
| 155|0x000000070a700000, 0x000000070a700000, 0x000000070a800000|  0%| F|  |TAMS 0x000000070a700000, 0x000000070a700000| Untracked 
| 156|0x000000070a800000, 0x000000070a800000, 0x000000070a900000|  0%| F|  |TAMS 0x000000070a800000, 0x000000070a800000| Untracked 
| 157|0x000000070a900000, 0x000000070a900000, 0x000000070aa00000|  0%| F|  |TAMS 0x000000070a900000, 0x000000070a900000| Untracked 
| 158|0x000000070aa00000, 0x000000070aa00000, 0x000000070ab00000|  0%| F|  |TAMS 0x000000070aa00000, 0x000000070aa00000| Untracked 
| 159|0x000000070ab00000, 0x000000070ab00000, 0x000000070ac00000|  0%| F|  |TAMS 0x000000070ab00000, 0x000000070ab00000| Untracked 
| 160|0x000000070ac00000, 0x000000070ac00000, 0x000000070ad00000|  0%| F|  |TAMS 0x000000070ac00000, 0x000000070ac00000| Untracked 
| 161|0x000000070ad00000, 0x000000070ad00000, 0x000000070ae00000|  0%| F|  |TAMS 0x000000070ad00000, 0x000000070ad00000| Untracked 
| 162|0x000000070ae00000, 0x000000070ae00000, 0x000000070af00000|  0%| F|  |TAMS 0x000000070ae00000, 0x000000070ae00000| Untracked 
| 163|0x000000070af00000, 0x000000070af00000, 0x000000070b000000|  0%| F|  |TAMS 0x000000070af00000, 0x000000070af00000| Untracked 
| 164|0x000000070b000000, 0x000000070b000000, 0x000000070b100000|  0%| F|  |TAMS 0x000000070b000000, 0x000000070b000000| Untracked 
| 165|0x000000070b100000, 0x000000070b100000, 0x000000070b200000|  0%| F|  |TAMS 0x000000070b100000, 0x000000070b100000| Untracked 
| 166|0x000000070b200000, 0x000000070b200000, 0x000000070b300000|  0%| F|  |TAMS 0x000000070b200000, 0x000000070b200000| Untracked 
| 167|0x000000070b300000, 0x000000070b300000, 0x000000070b400000|  0%| F|  |TAMS 0x000000070b300000, 0x000000070b300000| Untracked 
| 168|0x000000070b400000, 0x000000070b400000, 0x000000070b500000|  0%| F|  |TAMS 0x000000070b400000, 0x000000070b400000| Untracked 
| 169|0x000000070b500000, 0x000000070b500000, 0x000000070b600000|  0%| F|  |TAMS 0x000000070b500000, 0x000000070b500000| Untracked 
| 170|0x000000070b600000, 0x000000070b600000, 0x000000070b700000|  0%| F|  |TAMS 0x000000070b600000, 0x000000070b600000| Untracked 
| 171|0x000000070b700000, 0x000000070b700000, 0x000000070b800000|  0%| F|  |TAMS 0x000000070b700000, 0x000000070b700000| Untracked 
| 172|0x000000070b800000, 0x000000070b800000, 0x000000070b900000|  0%| F|  |TAMS 0x000000070b800000, 0x000000070b800000| Untracked 
| 173|0x000000070b900000, 0x000000070b900000, 0x000000070ba00000|  0%| F|  |TAMS 0x000000070b900000, 0x000000070b900000| Untracked 
| 174|0x000000070ba00000, 0x000000070ba00000, 0x000000070bb00000|  0%| F|  |TAMS 0x000000070ba00000, 0x000000070ba00000| Untracked 
| 175|0x000000070bb00000, 0x000000070bb00000, 0x000000070bc00000|  0%| F|  |TAMS 0x000000070bb00000, 0x000000070bb00000| Untracked 
| 176|0x000000070bc00000, 0x000000070bc00000, 0x000000070bd00000|  0%| F|  |TAMS 0x000000070bc00000, 0x000000070bc00000| Untracked 
| 177|0x000000070bd00000, 0x000000070bd00000, 0x000000070be00000|  0%| F|  |TAMS 0x000000070bd00000, 0x000000070bd00000| Untracked 
| 178|0x000000070be00000, 0x000000070be00000, 0x000000070bf00000|  0%| F|  |TAMS 0x000000070be00000, 0x000000070be00000| Untracked 
| 179|0x000000070bf00000, 0x000000070bf00000, 0x000000070c000000|  0%| F|  |TAMS 0x000000070bf00000, 0x000000070bf00000| Untracked 
| 180|0x000000070c000000, 0x000000070c000000, 0x000000070c100000|  0%| F|  |TAMS 0x000000070c000000, 0x000000070c000000| Untracked 
| 181|0x000000070c100000, 0x000000070c100000, 0x000000070c200000|  0%| F|  |TAMS 0x000000070c100000, 0x000000070c100000| Untracked 
| 182|0x000000070c200000, 0x000000070c200000, 0x000000070c300000|  0%| F|  |TAMS 0x000000070c200000, 0x000000070c200000| Untracked 
| 183|0x000000070c300000, 0x000000070c300000, 0x000000070c400000|  0%| F|  |TAMS 0x000000070c300000, 0x000000070c300000| Untracked 
| 184|0x000000070c400000, 0x000000070c400000, 0x000000070c500000|  0%| F|  |TAMS 0x000000070c400000, 0x000000070c400000| Untracked 
| 185|0x000000070c500000, 0x000000070c500000, 0x000000070c600000|  0%| F|  |TAMS 0x000000070c500000, 0x000000070c500000| Untracked 
| 186|0x000000070c600000, 0x000000070c600000, 0x000000070c700000|  0%| F|  |TAMS 0x000000070c600000, 0x000000070c600000| Untracked 
| 187|0x000000070c700000, 0x000000070c700000, 0x000000070c800000|  0%| F|  |TAMS 0x000000070c700000, 0x000000070c700000| Untracked 
| 188|0x000000070c800000, 0x000000070c800000, 0x000000070c900000|  0%| F|  |TAMS 0x000000070c800000, 0x000000070c800000| Untracked 
| 189|0x000000070c900000, 0x000000070c900000, 0x000000070ca00000|  0%| F|  |TAMS 0x000000070c900000, 0x000000070c900000| Untracked 
| 190|0x000000070ca00000, 0x000000070ca00000, 0x000000070cb00000|  0%| F|  |TAMS 0x000000070ca00000, 0x000000070ca00000| Untracked 
| 191|0x000000070cb00000, 0x000000070cb00000, 0x000000070cc00000|  0%| F|  |TAMS 0x000000070cb00000, 0x000000070cb00000| Untracked 
| 192|0x000000070cc00000, 0x000000070cc00000, 0x000000070cd00000|  0%| F|  |TAMS 0x000000070cc00000, 0x000000070cc00000| Untracked 
| 193|0x000000070cd00000, 0x000000070cd00000, 0x000000070ce00000|  0%| F|  |TAMS 0x000000070cd00000, 0x000000070cd00000| Untracked 
| 194|0x000000070ce00000, 0x000000070ce00000, 0x000000070cf00000|  0%| F|  |TAMS 0x000000070ce00000, 0x000000070ce00000| Untracked 
| 195|0x000000070cf00000, 0x000000070cf00000, 0x000000070d000000|  0%| F|  |TAMS 0x000000070cf00000, 0x000000070cf00000| Untracked 
| 196|0x000000070d000000, 0x000000070d000000, 0x000000070d100000|  0%| F|  |TAMS 0x000000070d000000, 0x000000070d000000| Untracked 
| 197|0x000000070d100000, 0x000000070d100000, 0x000000070d200000|  0%| F|  |TAMS 0x000000070d100000, 0x000000070d100000| Untracked 
| 198|0x000000070d200000, 0x000000070d200000, 0x000000070d300000|  0%| F|  |TAMS 0x000000070d200000, 0x000000070d200000| Untracked 
| 199|0x000000070d300000, 0x000000070d300000, 0x000000070d400000|  0%| F|  |TAMS 0x000000070d300000, 0x000000070d300000| Untracked 
| 200|0x000000070d400000, 0x000000070d400000, 0x000000070d500000|  0%| F|  |TAMS 0x000000070d400000, 0x000000070d400000| Untracked 
| 201|0x000000070d500000, 0x000000070d500000, 0x000000070d600000|  0%| F|  |TAMS 0x000000070d500000, 0x000000070d500000| Untracked 
| 202|0x000000070d600000, 0x000000070d600000, 0x000000070d700000|  0%| F|  |TAMS 0x000000070d600000, 0x000000070d600000| Untracked 
| 203|0x000000070d700000, 0x000000070d700000, 0x000000070d800000|  0%| F|  |TAMS 0x000000070d700000, 0x000000070d700000| Untracked 
| 204|0x000000070d800000, 0x000000070d800000, 0x000000070d900000|  0%| F|  |TAMS 0x000000070d800000, 0x000000070d800000| Untracked 
| 205|0x000000070d900000, 0x000000070d900000, 0x000000070da00000|  0%| F|  |TAMS 0x000000070d900000, 0x000000070d900000| Untracked 
| 206|0x000000070da00000, 0x000000070da00000, 0x000000070db00000|  0%| F|  |TAMS 0x000000070da00000, 0x000000070da00000| Untracked 
| 207|0x000000070db00000, 0x000000070db00000, 0x000000070dc00000|  0%| F|  |TAMS 0x000000070db00000, 0x000000070db00000| Untracked 
| 208|0x000000070dc00000, 0x000000070dc00000, 0x000000070dd00000|  0%| F|  |TAMS 0x000000070dc00000, 0x000000070dc00000| Untracked 
| 209|0x000000070dd00000, 0x000000070dd00000, 0x000000070de00000|  0%| F|  |TAMS 0x000000070dd00000, 0x000000070dd00000| Untracked 
| 210|0x000000070de00000, 0x000000070de00000, 0x000000070df00000|  0%| F|  |TAMS 0x000000070de00000, 0x000000070de00000| Untracked 
| 211|0x000000070df00000, 0x000000070df00000, 0x000000070e000000|  0%| F|  |TAMS 0x000000070df00000, 0x000000070df00000| Untracked 
| 212|0x000000070e000000, 0x000000070e000000, 0x000000070e100000|  0%| F|  |TAMS 0x000000070e000000, 0x000000070e000000| Untracked 
| 213|0x000000070e100000, 0x000000070e100000, 0x000000070e200000|  0%| F|  |TAMS 0x000000070e100000, 0x000000070e100000| Untracked 
| 214|0x000000070e200000, 0x000000070e200000, 0x000000070e300000|  0%| F|  |TAMS 0x000000070e200000, 0x000000070e200000| Untracked 
| 215|0x000000070e300000, 0x000000070e300000, 0x000000070e400000|  0%| F|  |TAMS 0x000000070e300000, 0x000000070e300000| Untracked 
| 216|0x000000070e400000, 0x000000070e400000, 0x000000070e500000|  0%| F|  |TAMS 0x000000070e400000, 0x000000070e400000| Untracked 
| 217|0x000000070e500000, 0x000000070e500000, 0x000000070e600000|  0%| F|  |TAMS 0x000000070e500000, 0x000000070e500000| Untracked 
| 218|0x000000070e600000, 0x000000070e600000, 0x000000070e700000|  0%| F|  |TAMS 0x000000070e600000, 0x000000070e600000| Untracked 
| 219|0x000000070e700000, 0x000000070e700000, 0x000000070e800000|  0%| F|  |TAMS 0x000000070e700000, 0x000000070e700000| Untracked 
| 220|0x000000070e800000, 0x000000070e800000, 0x000000070e900000|  0%| F|  |TAMS 0x000000070e800000, 0x000000070e800000| Untracked 
| 221|0x000000070e900000, 0x000000070e900000, 0x000000070ea00000|  0%| F|  |TAMS 0x000000070e900000, 0x000000070e900000| Untracked 
| 222|0x000000070ea00000, 0x000000070ea00000, 0x000000070eb00000|  0%| F|  |TAMS 0x000000070ea00000, 0x000000070ea00000| Untracked 
| 223|0x000000070eb00000, 0x000000070eb00000, 0x000000070ec00000|  0%| F|  |TAMS 0x000000070eb00000, 0x000000070eb00000| Untracked 
| 224|0x000000070ec00000, 0x000000070ec00000, 0x000000070ed00000|  0%| F|  |TAMS 0x000000070ec00000, 0x000000070ec00000| Untracked 
| 225|0x000000070ed00000, 0x000000070ed00000, 0x000000070ee00000|  0%| F|  |TAMS 0x000000070ed00000, 0x000000070ed00000| Untracked 
| 226|0x000000070ee00000, 0x000000070ee00000, 0x000000070ef00000|  0%| F|  |TAMS 0x000000070ee00000, 0x000000070ee00000| Untracked 
| 227|0x000000070ef00000, 0x000000070ef00000, 0x000000070f000000|  0%| F|  |TAMS 0x000000070ef00000, 0x000000070ef00000| Untracked 
| 228|0x000000070f000000, 0x000000070f000000, 0x000000070f100000|  0%| F|  |TAMS 0x000000070f000000, 0x000000070f000000| Untracked 
| 229|0x000000070f100000, 0x000000070f100000, 0x000000070f200000|  0%| F|  |TAMS 0x000000070f100000, 0x000000070f100000| Untracked 
| 230|0x000000070f200000, 0x000000070f200000, 0x000000070f300000|  0%| F|  |TAMS 0x000000070f200000, 0x000000070f200000| Untracked 
| 231|0x000000070f300000, 0x000000070f300000, 0x000000070f400000|  0%| F|  |TAMS 0x000000070f300000, 0x000000070f300000| Untracked 
| 232|0x000000070f400000, 0x000000070f400000, 0x000000070f500000|  0%| F|  |TAMS 0x000000070f400000, 0x000000070f400000| Untracked 
| 233|0x000000070f500000, 0x000000070f500000, 0x000000070f600000|  0%| F|  |TAMS 0x000000070f500000, 0x000000070f500000| Untracked 
| 234|0x000000070f600000, 0x000000070f600000, 0x000000070f700000|  0%| F|  |TAMS 0x000000070f600000, 0x000000070f600000| Untracked 
| 235|0x000000070f700000, 0x000000070f700000, 0x000000070f800000|  0%| F|  |TAMS 0x000000070f700000, 0x000000070f700000| Untracked 
| 236|0x000000070f800000, 0x000000070f800000, 0x000000070f900000|  0%| F|  |TAMS 0x000000070f800000, 0x000000070f800000| Untracked 
| 237|0x000000070f900000, 0x000000070f900000, 0x000000070fa00000|  0%| F|  |TAMS 0x000000070f900000, 0x000000070f900000| Untracked 
| 238|0x000000070fa00000, 0x000000070fa00000, 0x000000070fb00000|  0%| F|  |TAMS 0x000000070fa00000, 0x000000070fa00000| Untracked 
| 239|0x000000070fb00000, 0x000000070fb00000, 0x000000070fc00000|  0%| F|  |TAMS 0x000000070fb00000, 0x000000070fb00000| Untracked 
| 240|0x000000070fc00000, 0x000000070fc00800, 0x000000070fd00000|  0%| E|  |TAMS 0x000000070fc00000, 0x000000070fc00000| Complete 
| 241|0x000000070fd00000, 0x000000070fe00000, 0x000000070fe00000|100%| E|CS|TAMS 0x000000070fd00000, 0x000000070fd00000| Complete 
| 242|0x000000070fe00000, 0x000000070ff00000, 0x000000070ff00000|100%| E|CS|TAMS 0x000000070fe00000, 0x000000070fe00000| Complete 
| 243|0x000000070ff00000, 0x0000000710000000, 0x0000000710000000|100%| E|  |TAMS 0x000000070ff00000, 0x000000070ff00000| Complete 
| 244|0x0000000710000000, 0x0000000710100000, 0x0000000710100000|100%| E|CS|TAMS 0x0000000710000000, 0x0000000710000000| Complete 
| 245|0x0000000710100000, 0x0000000710200000, 0x0000000710200000|100%| E|CS|TAMS 0x0000000710100000, 0x0000000710100000| Complete 
| 246|0x0000000710200000, 0x0000000710300000, 0x0000000710300000|100%| E|CS|TAMS 0x0000000710200000, 0x0000000710200000| Complete 
| 247|0x0000000710300000, 0x0000000710400000, 0x0000000710400000|100%| E|CS|TAMS 0x0000000710300000, 0x0000000710300000| Complete 
| 248|0x0000000710400000, 0x0000000710500000, 0x0000000710500000|100%| E|CS|TAMS 0x0000000710400000, 0x0000000710400000| Complete 
| 249|0x0000000710500000, 0x0000000710600000, 0x0000000710600000|100%| E|CS|TAMS 0x0000000710500000, 0x0000000710500000| Complete 
| 250|0x0000000710600000, 0x0000000710700000, 0x0000000710700000|100%| E|CS|TAMS 0x0000000710600000, 0x0000000710600000| Complete 
| 251|0x0000000710700000, 0x0000000710800000, 0x0000000710800000|100%| E|CS|TAMS 0x0000000710700000, 0x0000000710700000| Complete 
| 252|0x0000000710800000, 0x0000000710900000, 0x0000000710900000|100%| E|CS|TAMS 0x0000000710800000, 0x0000000710800000| Complete 
| 253|0x0000000710900000, 0x0000000710a00000, 0x0000000710a00000|100%| E|CS|TAMS 0x0000000710900000, 0x0000000710900000| Complete 
| 254|0x0000000710a00000, 0x0000000710b00000, 0x0000000710b00000|100%| E|CS|TAMS 0x0000000710a00000, 0x0000000710a00000| Complete 
| 255|0x0000000710b00000, 0x0000000710c00000, 0x0000000710c00000|100%| E|CS|TAMS 0x0000000710b00000, 0x0000000710b00000| Complete 

Card table byte_map: [0x000001f125480000,0x000001f125c80000] _byte_map_base: 0x000001f121c7a000

Marking Bits (Prev, Next): (CMBitMap*) 0x000001f10d3901d8, (CMBitMap*) 0x000001f10d390218
 Prev Bits: [0x000001f126480000, 0x000001f12a450000)
 Next Bits: [0x000001f12a450000, 0x000001f12e420000)

Polling page: 0x000001f10cb00000

Metaspace:

Usage:
  Non-class:      7.97 MB capacity,     7.78 MB ( 98%) used,   165.13 KB (  2%) free+waste,    28.50 KB ( <1%) overhead. 
      Class:      1.10 MB capacity,   963.20 KB ( 85%) used,   149.62 KB ( 13%) free+waste,    17.19 KB (  2%) overhead. 
       Both:      9.08 MB capacity,     8.72 MB ( 96%) used,   314.75 KB (  3%) free+waste,    45.69 KB ( <1%) overhead. 

Virtual space:
  Non-class space:        8.00 MB reserved,       8.00 MB (100%) committed 
      Class space:        1.00 GB reserved,       1.13 MB ( <1%) committed 
             Both:        1.01 GB reserved,       9.13 MB ( <1%) committed 

Chunk freelists:
   Non-Class:  3.63 KB
       Class:  2.75 KB
        Both:  6.38 KB

CodeHeap 'non-profiled nmethods': size=120000Kb used=533Kb max_used=533Kb free=119466Kb
 bounds [0x000001f11d200000, 0x000001f11d470000, 0x000001f124730000]
CodeHeap 'profiled nmethods': size=120000Kb used=2437Kb max_used=2437Kb free=117562Kb
 bounds [0x000001f115cd0000, 0x000001f115f40000, 0x000001f11d200000]
CodeHeap 'non-nmethods': size=5760Kb used=1221Kb max_used=1243Kb free=4538Kb
 bounds [0x000001f115730000, 0x000001f1159a0000, 0x000001f115cd0000]
 total_blobs=2143 nmethods=1332 adapters=492
 compilation: enabled
              stopped_count=0, restarted_count=0
 full_count=0

Compilation events (10 events):
Event: 3.223 Thread 0x000001f131a5b000 1327       3       java.lang.ThreadLocal::getMap (5 bytes)
Event: 3.223 Thread 0x000001f131a5b000 nmethod 1327 0x000001f115f30410 code [0x000001f115f305c0, 0x000001f115f30758]
Event: 3.223 Thread 0x000001f131a5b000 1331       3       java.lang.StringUTF16::compress (20 bytes)
Event: 3.223 Thread 0x000001f131a5b000 nmethod 1331 0x000001f115f30810 code [0x000001f115f309e0, 0x000001f115f30c70]
Event: 3.223 Thread 0x000001f131a5b000 1330       3       java.lang.ref.WeakReference::<init> (7 bytes)
Event: 3.224 Thread 0x000001f131a5b000 nmethod 1330 0x000001f115f30d10 code [0x000001f115f30ee0, 0x000001f115f31238]
Event: 3.224 Thread 0x000001f131a5b000 1332       1       java.nio.Buffer::capacity (5 bytes)
Event: 3.224 Thread 0x000001f131a5b000 nmethod 1332 0x000001f11d285190 code [0x000001f11d285340, 0x000001f11d285478]
Event: 3.224 Thread 0x000001f131a5b000 1333       3       java.nio.ByteBuffer::flip (7 bytes)
Event: 3.224 Thread 0x000001f131a5b000 nmethod 1333 0x000001f115f31310 code [0x000001f115f314c0, 0x000001f115f316b8]

GC Heap History (0 events):
No events

Deoptimization events (10 events):
Event: 0.136 Thread 0x000001f10d328000 Uncommon trap: reason=bimorphic_or_optimized_type_check action=maybe_recompile pc=0x000001f11d209944 method=java.util.AbstractCollection.isEmpty()Z @ 1 c2
Event: 0.136 Thread 0x000001f10d328000 Uncommon trap: reason=bimorphic_or_optimized_type_check action=maybe_recompile pc=0x000001f11d209944 method=java.util.AbstractCollection.isEmpty()Z @ 1 c2
Event: 0.137 Thread 0x000001f10d328000 Uncommon trap: reason=bimorphic_or_optimized_type_check action=maybe_recompile pc=0x000001f11d209944 method=java.util.AbstractCollection.isEmpty()Z @ 1 c2
Event: 0.137 Thread 0x000001f10d328000 Uncommon trap: reason=bimorphic_or_optimized_type_check action=maybe_recompile pc=0x000001f11d209944 method=java.util.AbstractCollection.isEmpty()Z @ 1 c2
Event: 0.160 Thread 0x000001f10d328000 Uncommon trap: reason=class_check action=maybe_recompile pc=0x000001f11d20ded4 method=java.util.HashMap.putVal(ILjava/lang/Object;Ljava/lang/Object;ZZ)Ljava/lang/Object; @ 152 c2
Event: 0.160 Thread 0x000001f10d328000 Uncommon trap: reason=class_check action=maybe_recompile pc=0x000001f11d20ded4 method=java.util.HashMap.putVal(ILjava/lang/Object;Ljava/lang/Object;ZZ)Ljava/lang/Object; @ 152 c2
Event: 0.160 Thread 0x000001f10d328000 Uncommon trap: reason=class_check action=maybe_recompile pc=0x000001f11d20ded4 method=java.util.HashMap.putVal(ILjava/lang/Object;Ljava/lang/Object;ZZ)Ljava/lang/Object; @ 152 c2
Event: 0.496 Thread 0x000001f13205b000 Uncommon trap: reason=unstable_if action=reinterpret pc=0x000001f11d21dad8 method=java.util.HashMap.putVal(ILjava/lang/Object;Ljava/lang/Object;ZZ)Ljava/lang/Object; @ 181 c2
Event: 0.545 Thread 0x000001f10d328000 Uncommon trap: reason=unstable_if action=reinterpret pc=0x000001f11d226c38 method=java.lang.StringLatin1.replace([BCC)Ljava/lang/String; @ 19 c2
Event: 1.000 Thread 0x000001f1326ae000 Uncommon trap: reason=unstable_if action=reinterpret pc=0x000001f11d23b32c method=com.sun.imageio.plugins.png.PNGImageReader.paethPredictor(III)I @ 34 c2

Classes redefined (0 events):
No events

Internal exceptions (10 events):
Event: 0.464 Thread 0x000001f10d328000 Exception <a 'java/lang/NoSuchMethodError'{0x00000007107691d0}: java.lang.invoke.DirectMethodHandle$Holder.invokeStatic(Ljava/lang/Object;ILjava/lang/Object;Ljava/lang/Object;Ljava/lang/Object;)Ljava/lang/Object;> (0x00000007107691d0) thrown at [t:/worksp
Event: 0.464 Thread 0x000001f10d328000 Exception <a 'java/lang/NoSuchMethodError'{0x000000071076ca28}: java.lang.invoke.DirectMethodHandle$Holder.invokeSpecial(Ljava/lang/Object;Ljava/lang/Object;ILjava/lang/Object;Ljava/lang/Object;Ljava/lang/Object;)Ljava/lang/Object;> (0x000000071076ca28) t
Event: 0.482 Thread 0x000001f10d328000 Exception <a 'java/lang/ClassNotFoundException'{0x000000071062bcc0}: com/sun/swing/internal/plaf/metal/resources/spi/metalProvider> (0x000000071062bcc0) thrown at [t:/workspace/open/src/hotspot/share/classfile/systemDictionary.cpp, line 235]
Event: 0.483 Thread 0x000001f10d328000 Exception <a 'java/lang/ClassNotFoundException'{0x000000071062ff68}: com/sun/swing/internal/plaf/basic/resources/spi/basicProvider> (0x000000071062ff68) thrown at [t:/workspace/open/src/hotspot/share/classfile/systemDictionary.cpp, line 235]
Event: 0.515 Thread 0x000001f10d328000 Exception <a 'java/lang/NoSuchMethodError'{0x000000071050b740}: java.lang.invoke.DirectMethodHandle$Holder.invokeStaticInit(Ljava/lang/Object;)V> (0x000000071050b740) thrown at [t:/workspace/open/src/hotspot/share/interpreter/linkResolver.cpp, line 777]
Event: 0.541 Thread 0x000001f10d328000 Exception <a 'java/lang/NoSuchMethodError'{0x0000000710414ba0}: java.lang.invoke.Invokers$Holder.linkToTargetMethod(Ljava/lang/Object;ILjava/lang/Object;)Ljava/lang/Object;> (0x0000000710414ba0) thrown at [t:/workspace/open/src/hotspot/share/interpreter/l
Event: 0.585 Thread 0x000001f1326ae000 Exception <a 'java/lang/NoSuchMethodError'{0x00000007104d6130}: java.lang.invoke.DirectMethodHandle$Holder.invokeStaticInit(Ljava/lang/Object;IIII)Ljava/lang/Object;> (0x00000007104d6130) thrown at [t:/workspace/open/src/hotspot/share/interpreter/linkReso
Event: 0.977 Thread 0x000001f1326ae000 Exception <a 'java/lang/NoSuchMethodError'{0x00000007103c1a28}: java.lang.invoke.DirectMethodHandle$Holder.invokeStaticInit(Ljava/lang/Object;Ljava/lang/Object;IIII)Ljava/lang/Object;> (0x00000007103c1a28) thrown at [t:/workspace/open/src/hotspot/share/in
Event: 3.219 Thread 0x000001f1326ae000 Exception <a 'java/io/FileNotFoundException'{0x000000070fd2d540}> (0x000000070fd2d540) thrown at [t:/workspace/open/src/hotspot/share/prims/jni.cpp, line 615]
Event: 3.224 Thread 0x000001f1326ae000 Exception <a 'java/io/FileNotFoundException'{0x000000070fd53738}> (0x000000070fd53738) thrown at [t:/workspace/open/src/hotspot/share/prims/jni.cpp, line 615]

Events (10 events):
Event: 3.223 Executing VM operation: RevokeBias
Event: 3.223 Executing VM operation: RevokeBias done
Event: 3.224 Executing VM operation: RevokeBias
Event: 3.224 Executing VM operation: RevokeBias done
Event: 3.224 Executing VM operation: BulkRevokeBias
Event: 3.224 Executing VM operation: BulkRevokeBias done
Event: 3.224 loading class java/nio/channels/ClosedChannelException
Event: 3.224 loading class java/nio/channels/ClosedChannelException done
Event: 3.224 loading class sun/font/NullFontScaler
Event: 3.226 loading class sun/font/NullFontScaler done


Dynamic libraries:
0x00007ff6d3de0000 - 0x00007ff6d3def000 	C:\Program Files\Java\jdk-12\bin\java.exe
0x00007ff972f80000 - 0x00007ff973170000 	C:\WINDOWS\SYSTEM32\ntdll.dll
0x00007ff972a40000 - 0x00007ff972af2000 	C:\WINDOWS\System32\KERNEL32.DLL
0x00007ff9700b0000 - 0x00007ff970355000 	C:\WINDOWS\System32\KERNELBASE.dll
0x00007ff9707b0000 - 0x00007ff9708aa000 	C:\WINDOWS\System32\ucrtbase.dll
0x00007ff96c180000 - 0x00007ff96c198000 	C:\Program Files\Java\jdk-12\bin\jli.dll
0x00007ff96c240000 - 0x00007ff96c256000 	C:\Program Files\Java\jdk-12\bin\VCRUNTIME140.dll
0x00007ff971030000 - 0x00007ff9710d3000 	C:\WINDOWS\System32\ADVAPI32.dll
0x00007ff972ea0000 - 0x00007ff972f3e000 	C:\WINDOWS\System32\msvcrt.dll
0x00007ff9710f0000 - 0x00007ff971187000 	C:\WINDOWS\System32\sechost.dll
0x00007ff9726a0000 - 0x00007ff9727bf000 	C:\WINDOWS\System32\RPCRT4.dll
0x00007ff971210000 - 0x00007ff9713a4000 	C:\WINDOWS\System32\USER32.dll
0x00007ff9630c0000 - 0x00007ff963344000 	C:\WINDOWS\WinSxS\amd64_microsoft.windows.common-controls_6595b64144ccf1df_6.0.18362.1440_none_9e7dbfb9e45e8e67\COMCTL32.dll
0x00007ff9719d0000 - 0x00007ff971d06000 	C:\WINDOWS\System32\combase.dll
0x00007ff970360000 - 0x00007ff970381000 	C:\WINDOWS\System32\win32u.dll
0x00007ff970720000 - 0x00007ff9707a1000 	C:\WINDOWS\System32\bcryptPrimitives.dll
0x000001f10b0c0000 - 0x000001f10b0e6000 	C:\WINDOWS\System32\GDI32.dll
0x00007ff9703b0000 - 0x00007ff970548000 	C:\WINDOWS\System32\gdi32full.dll
0x00007ff970630000 - 0x00007ff9706ce000 	C:\WINDOWS\System32\msvcp_win.dll
0x00007ff96b820000 - 0x00007ff96b82a000 	C:\WINDOWS\SYSTEM32\VERSION.dll
0x00007ff9727f0000 - 0x00007ff97281e000 	C:\WINDOWS\System32\IMM32.DLL
0x00007ff964600000 - 0x00007ff9646aa000 	C:\Program Files\Java\jdk-12\bin\msvcp140.dll
0x00007ff93d9b0000 - 0x00007ff93e524000 	C:\Program Files\Java\jdk-12\bin\server\jvm.dll
0x00007ff9710e0000 - 0x00007ff9710e8000 	C:\WINDOWS\System32\PSAPI.DLL
0x00007ff95f230000 - 0x00007ff95f239000 	C:\WINDOWS\SYSTEM32\WSOCK32.dll
0x00007ff9607f0000 - 0x00007ff960814000 	C:\WINDOWS\SYSTEM32\WINMM.dll
0x00007ff972970000 - 0x00007ff9729df000 	C:\WINDOWS\System32\WS2_32.dll
0x00007ff9657a0000 - 0x00007ff9657cd000 	C:\WINDOWS\SYSTEM32\winmmbase.dll
0x00007ff9706d0000 - 0x00007ff97071a000 	C:\WINDOWS\System32\cfgmgr32.dll
0x00007ff96fe40000 - 0x00007ff96fe51000 	C:\WINDOWS\System32\kernel.appcore.dll
0x00007ff96a980000 - 0x00007ff96a991000 	C:\Program Files\Java\jdk-12\bin\verify.dll
0x00007ff96b3e0000 - 0x00007ff96b5d4000 	C:\WINDOWS\SYSTEM32\DBGHELP.DLL
0x00007ff96b320000 - 0x00007ff96b34a000 	C:\WINDOWS\SYSTEM32\dbgcore.DLL
0x00007ff96a950000 - 0x00007ff96a976000 	C:\Program Files\Java\jdk-12\bin\java.dll
0x00007ff96b7f0000 - 0x00007ff96b7fe000 	C:\Program Files\Java\jdk-12\bin\instrument.dll
0x00007ff969ee0000 - 0x00007ff969ef7000 	C:\Program Files\Java\jdk-12\bin\zip.dll
0x00007ff96c170000 - 0x00007ff96c17a000 	C:\Program Files\Java\jdk-12\bin\jimage.dll
0x00007ff971d20000 - 0x00007ff972408000 	C:\WINDOWS\System32\SHELL32.dll
0x00007ff972c90000 - 0x00007ff972d37000 	C:\WINDOWS\System32\shcore.dll
0x00007ff9708b0000 - 0x00007ff97102b000 	C:\WINDOWS\System32\windows.storage.dll
0x00007ff96fed0000 - 0x00007ff96feee000 	C:\WINDOWS\System32\profapi.dll
0x00007ff96fe60000 - 0x00007ff96feaa000 	C:\WINDOWS\System32\powrprof.dll
0x00007ff96fe30000 - 0x00007ff96fe40000 	C:\WINDOWS\System32\UMPDC.dll
0x00007ff9729e0000 - 0x00007ff972a32000 	C:\WINDOWS\System32\shlwapi.dll
0x00007ff970390000 - 0x00007ff9703a7000 	C:\WINDOWS\System32\cryptsp.dll
0x00007ff969ec0000 - 0x00007ff969ed9000 	C:\Program Files\Java\jdk-12\bin\net.dll
0x00007ff964290000 - 0x00007ff964467000 	C:\WINDOWS\SYSTEM32\urlmon.dll
0x00007ff968510000 - 0x00007ff96860a000 	C:\WINDOWS\SYSTEM32\WINHTTP.dll
0x00007ff963db0000 - 0x00007ff964057000 	C:\WINDOWS\SYSTEM32\iertutil.dll
0x00007ff96f840000 - 0x00007ff96f84c000 	C:\WINDOWS\SYSTEM32\CRYPTBASE.DLL
0x00007ff96f670000 - 0x00007ff96f6d7000 	C:\WINDOWS\system32\mswsock.dll
0x00007ff969ea0000 - 0x00007ff969eb3000 	C:\Program Files\Java\jdk-12\bin\nio.dll
0x00007ff969ce0000 - 0x00007ff969cfa000 	H:\Program Files\JetBrains\IntelliJ IDEA 2020.1\bin\breakgen64.dll
0x00007ff950260000 - 0x00007ff9503ff000 	C:\Program Files\Java\jdk-12\bin\awt.dll
0x00007ff972410000 - 0x00007ff9724d5000 	C:\WINDOWS\System32\OLEAUT32.dll
0x00007ff96cc70000 - 0x00007ff96d230000 	C:\WINDOWS\SYSTEM32\d2d1.dll
0x00007ff96e0b0000 - 0x00007ff96e13f000 	C:\WINDOWS\SYSTEM32\apphelp.dll
0x00007ff96e5a0000 - 0x00007ff96e5cd000 	C:\WINDOWS\system32\DWMAPI.DLL
0x00007ff96e180000 - 0x00007ff96e219000 	C:\WINDOWS\system32\uxtheme.dll
0x00007ff948b50000 - 0x00007ff948ca6000 	C:\WINDOWS\system32\opengl32.dll
0x00007ff95d8f0000 - 0x00007ff95d91c000 	C:\WINDOWS\SYSTEM32\GLU32.dll
0x00007ff96ea70000 - 0x00007ff96ea90000 	C:\WINDOWS\SYSTEM32\dxcore.dll
0x00007ff9724e0000 - 0x00007ff972615000 	C:\WINDOWS\System32\MSCTF.dll
0x0000000180000000 - 0x0000000180256000 	H:\Program Files (x86)\RivaTuner Statistics Server\RTSSHooks64.dll
0x00007ff972d40000 - 0x00007ff972e97000 	C:\WINDOWS\System32\ole32.dll
0x00007ff94f680000 - 0x00007ff94f847000 	C:\WINDOWS\system32\d3d9.dll
0x00007ff96feb0000 - 0x00007ff96fec2000 	C:\WINDOWS\System32\msasn1.dll
0x00007ff96b7c0000 - 0x00007ff96b7ef000 	C:\WINDOWS\SYSTEM32\cryptnet.dll
0x00007ff96ff50000 - 0x00007ff9700a1000 	C:\WINDOWS\System32\CRYPT32.dll
0x00007ff96fef0000 - 0x00007ff96ff4c000 	C:\WINDOWS\System32\WINTRUST.DLL
0x00007ff972c70000 - 0x00007ff972c8d000 	C:\WINDOWS\System32\imagehlp.dll
0x00007ff96f190000 - 0x00007ff96f1c3000 	C:\WINDOWS\system32\rsaenh.dll
0x00007ff970600000 - 0x00007ff970626000 	C:\WINDOWS\System32\bcrypt.dll
0x00007ff9447a0000 - 0x00007ff944a59000 	C:\WINDOWS\system32\nvspcap64.dll
0x00007ff96ee70000 - 0x00007ff96eea1000 	C:\WINDOWS\SYSTEM32\ntmarta.dll
0x00007ff96ea20000 - 0x00007ff96ea42000 	C:\WINDOWS\SYSTEM32\gpapi.dll
0x00007ff958310000 - 0x00007ff958390000 	C:\Program Files\Java\jdk-12\bin\freetype.dll
0x00007ff95d550000 - 0x00007ff95d5bf000 	C:\Program Files\Java\jdk-12\bin\fontmanager.dll
0x00007ff95a1e0000 - 0x00007ff95a27d000 	C:\WINDOWS\System32\TextInputFramework.dll
0x00007ff96de40000 - 0x00007ff96df14000 	C:\WINDOWS\System32\CoreMessaging.dll
0x00007ff95a950000 - 0x00007ff95ac7a000 	C:\WINDOWS\System32\CoreUIComponents.dll
0x00007ff96c3b0000 - 0x00007ff96c502000 	C:\WINDOWS\SYSTEM32\wintypes.dll
0x00007ff96fd50000 - 0x00007ff96fd75000 	C:\WINDOWS\SYSTEM32\USERENV.dll
0x00007ff96f380000 - 0x00007ff96f3ba000 	C:\WINDOWS\SYSTEM32\IPHLPAPI.DLL
0x00007ff971d10000 - 0x00007ff971d18000 	C:\WINDOWS\System32\NSI.dll
0x00007ff96bcf0000 - 0x00007ff96bd06000 	C:\WINDOWS\SYSTEM32\dhcpcsvc6.DLL
0x00007ff96bcd0000 - 0x00007ff96bcec000 	C:\WINDOWS\SYSTEM32\dhcpcsvc.DLL
0x00007ff96f3d0000 - 0x00007ff96f49b000 	C:\WINDOWS\SYSTEM32\DNSAPI.dll

dbghelp: loaded successfully - version: 4.0.5 - missing functions: none
symbol engine: initialized successfully - sym options: 0x614 - pdb path: .;C:\Program Files\Java\jdk-12\bin;C:\WINDOWS\SYSTEM32;C:\WINDOWS\WinSxS\amd64_microsoft.windows.common-controls_6595b64144ccf1df_6.0.18362.1440_none_9e7dbfb9e45e8e67;C:\Program Files\Java\jdk-12\bin\server;H:\Program Files\JetBrains\IntelliJ IDEA 2020.1\bin;H:\Program Files (x86)\RivaTuner Statistics Server;C:\WINDOWS\System32\DriverStore\FileRepository\nv_dispi.inf_amd64_2635d5c616c804dc

VM Arguments:
jvm_args: -javaagent:H:\Program Files\JetBrains\IntelliJ IDEA 2020.1\lib\idea_rt.jar=62499:H:\Program Files\JetBrains\IntelliJ IDEA 2020.1\bin -Dfile.encoding=UTF-8 
java_command: com.PremBhoot.unhingedgame.Core
java_class_path (initial): C:\Users\Prem Bhoot\IdeaProjects\Unhinged\out\production\Unhinged
Launcher Type: SUN_STANDARD

[Global flags]
     intx CICompilerCount                          = 4                                         {product} {ergonomic}
     uint ConcGCThreads                            = 3                                         {product} {ergonomic}
     uint G1ConcRefinementThreads                  = 10                                        {product} {ergonomic}
   size_t G1HeapRegionSize                         = 1048576                                   {product} {ergonomic}
    uintx GCDrainStackTargetSize                   = 64                                        {product} {ergonomic}
   size_t InitialHeapSize                          = 268435456                                 {product} {ergonomic}
   size_t MarkStackSize                            = 4194304                                   {product} {ergonomic}
   size_t MaxHeapSize                              = 4282384384                                {product} {ergonomic}
   size_t MaxNewSize                               = 2569011200                                {product} {ergonomic}
   size_t MinHeapDeltaBytes                        = 1048576                                   {product} {ergonomic}
    uintx NonNMethodCodeHeapSize                   = 5836300                                {pd product} {ergonomic}
    uintx NonProfiledCodeHeapSize                  = 122910970                              {pd product} {ergonomic}
    uintx ProfiledCodeHeapSize                     = 122910970                              {pd product} {ergonomic}
    uintx ReservedCodeCacheSize                    = 251658240                              {pd product} {ergonomic}
     bool SegmentedCodeCache                       = true                                      {product} {ergonomic}
     bool UseCompressedClassPointers               = true                                 {lp64_product} {ergonomic}
     bool UseCompressedOops                        = true                                 {lp64_product} {ergonomic}
     bool UseG1GC                                  = true                                      {product} {ergonomic}
     bool UseLargePagesIndividualAllocation        = false                                  {pd product} {ergonomic}

Logging:
Log output configuration:
 #0: stdout all=warning uptime,level,tags
 #1: stderr all=off uptime,level,tags

Environment Variables:
PATH=C:\Program Files (x86)\Common Files\Oracle\Java\javapath;C:\ProgramData\Oracle\Java\javapath;C:\Program Files (x86)\Java\jre1.8.0_161\bin;C:\WINDOWS\system32;C:\WINDOWS;C:\WINDOWS\System32\Wbem;C:\WINDOWS\System32\WindowsPowerShell\v1.0\;C:\WINDOWS\System32\OpenSSH\;C:\Program Files\NVIDIA Corporation\NVIDIA NvDLISR;C:\Program Files (x86)\NVIDIA Corporation\PhysX\Common;C:\Android;C:\Windows\System32;H:\Program Files\nodejs\;C:\WINDOWS\system32;C:\WINDOWS;C:\WINDOWS\System32\Wbem;C:\WINDOWS\System32\WindowsPowerShell\v1.0\;C:\WINDOWS\System32\OpenSSH\;C:\Program Files\dotnet\;C:\TDM-GCC-64\bin;C:\Program Files\Git\cmd;C:\Users\Prem Bhoot\AppData\Local\Programs\Python\Python37\Scripts\;C:\Users\Prem Bhoot\AppData\Local\Programs\Python\Python37\;C:\Users\Prem Bhoot\AppData\Local\Microsoft\WindowsApps;C:\Users\Prem Bhoot\AppData\Roaming\Dashlane\6.1846.0.15081\bin\Firefox_Extension\{442718d9-475e-452a-b3e1-fb1ee16b8e9f}\components;C:\Users\Prem Bhoot\AppData\Roaming\Dashlane\6.1846.0.15081\ucrt;C:\Users\Prem Bhoot\AppData\Roaming\Dashlane\6.1846.0.15081\bin\Qt;C:\Users\Prem Bhoot\AppData\Roaming\Dashlane\6.1846.0.15081\ucrt;C:\Users\Prem Bhoot\AppData\Roaming\Dashlane\6.1846.0.15081\bin\Ssl;C:\Users\Prem Bhoot\AppData\Roaming\npm;C:\Users\Prem Bhoot\AppData\Local\Programs\Microsoft VS Code\bin;C:\Users\Prem Bhoot\.dotnet\tools;C:\Users\Prem Bhoot\AppData\Local\Programs\MiKTeX\miktex\bin\x64\
USERNAME=Prem Bhoot
OS=Windows_NT
PROCESSOR_IDENTIFIER=AMD64 Family 23 Model 1 Stepping 1, AuthenticAMD



---------------  S Y S T E M  ---------------

OS: Windows 10 , 64 bit Build 18362 (10.0.18362.1350)

CPU:total 12 (initial active 12) (12 cores per cpu, 2 threads per core) family 23 model 1 stepping 1, cmov, cx8, fxsr, mmx, sse, sse2, sse3, ssse3, sse4.1, sse4.2, popcnt, avx, avx2, aes, clmul, mmxext, 3dnowpref, lzcnt, sse4a, ht, tsc, tscinvbit, tscinv, bmi1, bmi2, adx, sha, fma

Memory: 4k page, system-wide physical 16335M (8240M free)
TotalPageFile size 20047M (AvailPageFile size 6919M)
current process WorkingSet (physical memory assigned to process): 91M, peak: 99M
current process commit charge ("private bytes"): 383M, peak: 391M

vm_info: Java HotSpot(TM) 64-Bit Server VM (12+33) for windows-amd64 JRE (12+33), built on Feb 21 2019 02:31:50 by "mach5one" with MS VC++ 15.5 (VS2017)

END.
